# JRE version: OpenJDK Runtime Environment Temurin-21.0.9+10 (21.0.9+10) (build 21.0.9+10-LTS)
# Java VM: OpenJDK 64-Bit Server VM Temurin-21.0.9+10 (21.0.9+10-LTS, mixed mode, sharing, tiered, compressed oops, compressed class ptrs, parallel gc, windows-amd64)
GC Precious Log:
 CardTable entry size: 512
 CPUs: 16 total, 16 available
 Memory: 7514M
 Large Page Support: Disabled
 NUMA Support: Disabled
 Compressed Oops: Enabled (32-bit)
 Alignments: Space 512K, Generation 512K, Heap 2M
 Heap Min Capacity: 100M
 Heap Initial Capacity: 100M
 Heap Max Capacity: 2G
 Pre-touch: Disabled
 Parallel Workers: 13
Heap:
 PSYoungGen      total 11776K, used 5141K [0x00000000d5580000, 0x00000000d6380000, 0x0000000100000000)
  eden space 9216K, 34% used [0x00000000d5580000,0x00000000d588f9c8,0x00000000d5e80000)
  from space 2560K, 78% used [0x00000000d5e80000,0x00000000d6075ae8,0x00000000d6100000)
  to   space 2560K, 0% used [0x00000000d6100000,0x00000000d6100000,0x00000000d6380000)
 ParOldGen       total 106496K, used 106469K [0x0000000080000000, 0x0000000086800000, 0x00000000d5580000)
  object space 106496K, 99% used [0x0000000080000000,0x00000000867f9710,0x0000000086800000)
 Metaspace       used 58011K, committed 59328K, reserved 1114112K
  class space    used 6155K, committed 6720K, reserved 1048576K
GC Heap History (20 events):
Event: 11.595 GC heap before
{Heap before GC invocations=61 (full 2):
 PSYoungGen      total 12288K, used 11829K [0x00000000d5580000, 0x00000000d6400000, 0x0000000100000000)
  eden space 9728K, 100% used [0x00000000d5580000,0x00000000d5f00000,0x00000000d5f00000)
  from space 2560K, 82% used [0x00000000d6180000,0x00000000d638d608,0x00000000d6400000)
  to   space 2560K, 0% used [0x00000000d5f00000,0x00000000d5f00000,0x00000000d6180000)
 ParOldGen       total 84480K, used 84130K [0x0000000080000000, 0x0000000085280000, 0x00000000d5580000)
  object space 84480K, 99% used [0x0000000080000000,0x0000000085228bc8,0x0000000085280000)
 Metaspace       used 57622K, committed 58880K, reserved 1114112K
  class space    used 6100K, committed 6656K, reserved 1048576K
}
Event: 11.599 GC heap after
{Heap after GC invocations=61 (full 2):
 PSYoungGen      total 12288K, used 2125K [0x00000000d5580000, 0x00000000d6400000, 0x0000000100000000)
  eden space 9728K, 0% used [0x00000000d5580000,0x00000000d5580000,0x00000000d5f00000)
  from space 2560K, 83% used [0x00000000d5f00000,0x00000000d61135d8,0x00000000d6180000)
  to   space 2560K, 0% used [0x00000000d6180000,0x00000000d6180000,0x00000000d6400000)
 ParOldGen       total 86528K, used 86017K [0x0000000080000000, 0x0000000085480000, 0x00000000d5580000)
  object space 86528K, 99% used [0x0000000080000000,0x00000000854007f0,0x0000000085480000)
 Metaspace       used 57622K, committed 58880K, reserved 1114112K
  class space    used 6100K, committed 6656K, reserved 1048576K
}
Event: 11.634 GC heap before
{Heap before GC invocations=62 (full 2):
 PSYoungGen      total 12288K, used 11821K [0x00000000d5580000, 0x00000000d6400000, 0x0000000100000000)
  eden space 9728K, 99% used [0x00000000d5580000,0x00000000d5ef7f68,0x00000000d5f00000)
  from space 2560K, 83% used [0x00000000d5f00000,0x00000000d61135d8,0x00000000d6180000)
  to   space 2560K, 0% used [0x00000000d6180000,0x00000000d6180000,0x00000000d6400000)
 ParOldGen       total 86528K, used 86017K [0x0000000080000000, 0x0000000085480000, 0x00000000d5580000)
  object space 86528K, 99% used [0x0000000080000000,0x00000000854007f0,0x0000000085480000)
 Metaspace       used 57764K, committed 59072K, reserved 1114112K
  class space    used 6116K, committed 6720K, reserved 1048576K
}
Event: 11.637 GC heap after
{Heap after GC invocations=62 (full 2):
 PSYoungGen      total 12288K, used 2080K [0x00000000d5580000, 0x00000000d6400000, 0x0000000100000000)
  eden space 9728K, 0% used [0x00000000d5580000,0x00000000d5580000,0x00000000d5f00000)
  from space 2560K, 81% used [0x00000000d6180000,0x00000000d6388340,0x00000000d6400000)
  to   space 2560K, 0% used [0x00000000d5f00000,0x00000000d5f00000,0x00000000d6180000)
 ParOldGen       total 88064K, used 87968K [0x0000000080000000, 0x0000000085600000, 0x00000000d5580000)
  object space 88064K, 99% used [0x0000000080000000,0x00000000855e8288,0x0000000085600000)
 Metaspace       used 57764K, committed 59072K, reserved 1114112K
  class space    used 6116K, committed 6720K, reserved 1048576K
}
Event: 11.667 GC heap before
{Heap before GC invocations=63 (full 2):
 PSYoungGen      total 12288K, used 11808K [0x00000000d5580000, 0x00000000d6400000, 0x0000000100000000)
  eden space 9728K, 100% used [0x00000000d5580000,0x00000000d5f00000,0x00000000d5f00000)
  from space 2560K, 81% used [0x00000000d6180000,0x00000000d6388340,0x00000000d6400000)
  to   space 2560K, 0% used [0x00000000d5f00000,0x00000000d5f00000,0x00000000d6180000)
 ParOldGen       total 88064K, used 87968K [0x0000000080000000, 0x0000000085600000, 0x00000000d5580000)
  object space 88064K, 99% used [0x0000000080000000,0x00000000855e8288,0x0000000085600000)
 Metaspace       used 57892K, committed 59200K, reserved 1114112K
  class space    used 6131K, committed 6720K, reserved 1048576K
}
Event: 11.670 GC heap after
{Heap after GC invocations=63 (full 2):
 PSYoungGen      total 12288K, used 2099K [0x00000000d5580000, 0x00000000d6400000, 0x0000000100000000)
  eden space 9728K, 0% used [0x00000000d5580000,0x00000000d5580000,0x00000000d5f00000)
  from space 2560K, 82% used [0x00000000d5f00000,0x00000000d610cde0,0x00000000d6180000)
  to   space 2560K, 0% used [0x00000000d6180000,0x00000000d6180000,0x00000000d6400000)
 ParOldGen       total 90112K, used 89839K [0x0000000080000000, 0x0000000085800000, 0x00000000d5580000)
  object space 90112K, 99% used [0x0000000080000000,0x00000000857bbda0,0x0000000085800000)
 Metaspace       used 57892K, committed 59200K, reserved 1114112K
  class space    used 6131K, committed 6720K, reserved 1048576K
}
Event: 11.703 GC heap before
{Heap before GC invocations=64 (full 2):
 PSYoungGen      total 12288K, used 11827K [0x00000000d5580000, 0x00000000d6400000, 0x0000000100000000)
  eden space 9728K, 100% used [0x00000000d5580000,0x00000000d5f00000,0x00000000d5f00000)
  from space 2560K, 82% used [0x00000000d5f00000,0x00000000d610cde0,0x00000000d6180000)
  to   space 2560K, 0% used [0x00000000d6180000,0x00000000d6180000,0x00000000d6400000)
 ParOldGen       total 90112K, used 89839K [0x0000000080000000, 0x0000000085800000, 0x00000000d5580000)
  object space 90112K, 99% used [0x0000000080000000,0x00000000857bbda0,0x0000000085800000)
 Metaspace       used 57943K, committed 59264K, reserved 1114112K
  class space    used 6139K, committed 6720K, reserved 1048576K
}
Event: 11.706 GC heap after
{Heap after GC invocations=64 (full 2):
 PSYoungGen      total 12288K, used 2254K [0x00000000d5580000, 0x00000000d6400000, 0x0000000100000000)
  eden space 9728K, 0% used [0x00000000d5580000,0x00000000d5580000,0x00000000d5f00000)
  from space 2560K, 88% used [0x00000000d6180000,0x00000000d63b3b90,0x00000000d6400000)
  to   space 2560K, 0% used [0x00000000d5f00000,0x00000000d5f00000,0x00000000d6180000)
 ParOldGen       total 92160K, used 91739K [0x0000000080000000, 0x0000000085a00000, 0x00000000d5580000)
  object space 92160K, 99% used [0x0000000080000000,0x0000000085996e38,0x0000000085a00000)
 Metaspace       used 57943K, committed 59264K, reserved 1114112K
  class space    used 6139K, committed 6720K, reserved 1048576K
}
Event: 11.731 GC heap before
{Heap before GC invocations=65 (full 2):
 PSYoungGen      total 12288K, used 11982K [0x00000000d5580000, 0x00000000d6400000, 0x0000000100000000)
  eden space 9728K, 100% used [0x00000000d5580000,0x00000000d5f00000,0x00000000d5f00000)
  from space 2560K, 88% used [0x00000000d6180000,0x00000000d63b3b90,0x00000000d6400000)
  to   space 2560K, 0% used [0x00000000d5f00000,0x00000000d5f00000,0x00000000d6180000)
 ParOldGen       total 92160K, used 91739K [0x0000000080000000, 0x0000000085a00000, 0x00000000d5580000)
  object space 92160K, 99% used [0x0000000080000000,0x0000000085996e38,0x0000000085a00000)
 Metaspace       used 57943K, committed 59264K, reserved 1114112K
  class space    used 6139K, committed 6720K, reserved 1048576K
}
Event: 11.734 GC heap after
{Heap after GC invocations=65 (full 2):
 PSYoungGen      total 12288K, used 2433K [0x00000000d5580000, 0x00000000d6400000, 0x0000000100000000)
  eden space 9728K, 0% used [0x00000000d5580000,0x00000000d5580000,0x00000000d5f00000)
  from space 2560K, 95% used [0x00000000d5f00000,0x00000000d6160698,0x00000000d6180000)
  to   space 2560K, 0% used [0x00000000d6180000,0x00000000d6180000,0x00000000d6400000)
 ParOldGen       total 94208K, used 93742K [0x0000000080000000, 0x0000000085c00000, 0x00000000d5580000)
  object space 94208K, 99% used [0x0000000080000000,0x0000000085b8ba80,0x0000000085c00000)
 Metaspace       used 57943K, committed 59264K, reserved 1114112K
  class space    used 6139K, committed 6720K, reserved 1048576K
}
Event: 11.761 GC heap before
{Heap before GC invocations=66 (full 2):
 PSYoungGen      total 12288K, used 12161K [0x00000000d5580000, 0x00000000d6400000, 0x0000000100000000)
  eden space 9728K, 100% used [0x00000000d5580000,0x00000000d5f00000,0x00000000d5f00000)
  from space 2560K, 95% used [0x00000000d5f00000,0x00000000d6160698,0x00000000d6180000)
  to   space 2560K, 0% used [0x00000000d6180000,0x00000000d6180000,0x00000000d6400000)
 ParOldGen       total 94208K, used 93742K [0x0000000080000000, 0x0000000085c00000, 0x00000000d5580000)
  object space 94208K, 99% used [0x0000000080000000,0x0000000085b8ba80,0x0000000085c00000)
 Metaspace       used 57945K, committed 59264K, reserved 1114112K
  class space    used 6139K, committed 6720K, reserved 1048576K
}
Event: 11.765 GC heap after
{Heap after GC invocations=66 (full 2):
 PSYoungGen      total 12288K, used 2282K [0x00000000d5580000, 0x00000000d6400000, 0x0000000100000000)
  eden space 9728K, 0% used [0x00000000d5580000,0x00000000d5580000,0x00000000d5f00000)
  from space 2560K, 89% used [0x00000000d6180000,0x00000000d63baa48,0x00000000d6400000)
  to   space 2560K, 0% used [0x00000000d5f00000,0x00000000d5f00000,0x00000000d6180000)
 ParOldGen       total 96256K, used 96008K [0x0000000080000000, 0x0000000085e00000, 0x00000000d5580000)
  object space 96256K, 99% used [0x0000000080000000,0x0000000085dc2320,0x0000000085e00000)
 Metaspace       used 57945K, committed 59264K, reserved 1114112K
  class space    used 6139K, committed 6720K, reserved 1048576K
}
Event: 11.794 GC heap before
{Heap before GC invocations=67 (full 2):
 PSYoungGen      total 12288K, used 12010K [0x00000000d5580000, 0x00000000d6400000, 0x0000000100000000)
  eden space 9728K, 100% used [0x00000000d5580000,0x00000000d5f00000,0x00000000d5f00000)
  from space 2560K, 89% used [0x00000000d6180000,0x00000000d63baa48,0x00000000d6400000)
  to   space 2560K, 0% used [0x00000000d5f00000,0x00000000d5f00000,0x00000000d6180000)
 ParOldGen       total 96256K, used 96008K [0x0000000080000000, 0x0000000085e00000, 0x00000000d5580000)
  object space 96256K, 99% used [0x0000000080000000,0x0000000085dc2320,0x0000000085e00000)
 Metaspace       used 57945K, committed 59264K, reserved 1114112K
  class space    used 6139K, committed 6720K, reserved 1048576K
}
Event: 11.798 GC heap after
{Heap after GC invocations=67 (full 2):
 PSYoungGen      total 12288K, used 2355K [0x00000000d5580000, 0x00000000d6400000, 0x0000000100000000)
  eden space 9728K, 0% used [0x00000000d5580000,0x00000000d5580000,0x00000000d5f00000)
  from space 2560K, 92% used [0x00000000d5f00000,0x00000000d614cf80,0x00000000d6180000)
  to   space 2560K, 0% used [0x00000000d6180000,0x00000000d6180000,0x00000000d6400000)
 ParOldGen       total 98304K, used 98064K [0x0000000080000000, 0x0000000086000000, 0x00000000d5580000)
  object space 98304K, 99% used [0x0000000080000000,0x0000000085fc4148,0x0000000086000000)
 Metaspace       used 57945K, committed 59264K, reserved 1114112K
  class space    used 6139K, committed 6720K, reserved 1048576K
}
Event: 11.825 GC heap before
{Heap before GC invocations=68 (full 2):
 PSYoungGen      total 12288K, used 12083K [0x00000000d5580000, 0x00000000d6400000, 0x0000000100000000)
  eden space 9728K, 100% used [0x00000000d5580000,0x00000000d5f00000,0x00000000d5f00000)
  from space 2560K, 92% used [0x00000000d5f00000,0x00000000d614cf80,0x00000000d6180000)
  to   space 2560K, 0% used [0x00000000d6180000,0x00000000d6180000,0x00000000d6400000)
 ParOldGen       total 98304K, used 98064K [0x0000000080000000, 0x0000000086000000, 0x00000000d5580000)
  object space 98304K, 99% used [0x0000000080000000,0x0000000085fc4148,0x0000000086000000)
 Metaspace       used 57945K, committed 59264K, reserved 1114112K
  class space    used 6139K, committed 6720K, reserved 1048576K
}
Event: 11.828 GC heap after
{Heap after GC invocations=68 (full 2):
 PSYoungGen      total 11776K, used 2537K [0x00000000d5580000, 0x00000000d6500000, 0x0000000100000000)
  eden space 9216K, 0% used [0x00000000d5580000,0x00000000d5580000,0x00000000d5e80000)
  from space 2560K, 99% used [0x00000000d6180000,0x00000000d63fa4e0,0x00000000d6400000)
  to   space 3072K, 0% used [0x00000000d5e80000,0x00000000d5e80000,0x00000000d6180000)
 ParOldGen       total 100352K, used 100210K [0x0000000080000000, 0x0000000086200000, 0x00000000d5580000)
  object space 100352K, 99% used [0x0000000080000000,0x00000000861dca58,0x0000000086200000)
 Metaspace       used 57945K, committed 59264K, reserved 1114112K
  class space    used 6139K, committed 6720K, reserved 1048576K
}
Event: 11.852 GC heap before
{Heap before GC invocations=69 (full 2):
 PSYoungGen      total 11776K, used 11753K [0x00000000d5580000, 0x00000000d6500000, 0x0000000100000000)
  eden space 9216K, 100% used [0x00000000d5580000,0x00000000d5e80000,0x00000000d5e80000)
  from space 2560K, 99% used [0x00000000d6180000,0x00000000d63fa4e0,0x00000000d6400000)
  to   space 3072K, 0% used [0x00000000d5e80000,0x00000000d5e80000,0x00000000d6180000)
 ParOldGen       total 100352K, used 100210K [0x0000000080000000, 0x0000000086200000, 0x00000000d5580000)
  object space 100352K, 99% used [0x0000000080000000,0x00000000861dca58,0x0000000086200000)
 Metaspace       used 57945K, committed 59264K, reserved 1114112K
  class space    used 6139K, committed 6720K, reserved 1048576K
}
Event: 11.855 GC heap after
{Heap after GC invocations=69 (full 2):
 PSYoungGen      total 11776K, used 2168K [0x00000000d5580000, 0x00000000d6380000, 0x0000000100000000)
  eden space 9216K, 0% used [0x00000000d5580000,0x00000000d5580000,0x00000000d5e80000)
  from space 2560K, 84% used [0x00000000d5e80000,0x00000000d609e2a8,0x00000000d6100000)
  to   space 2560K, 0% used [0x00000000d6100000,0x00000000d6100000,0x00000000d6380000)
 ParOldGen       total 102912K, used 102569K [0x0000000080000000, 0x0000000086480000, 0x00000000d5580000)
  object space 102912K, 99% used [0x0000000080000000,0x000000008642a588,0x0000000086480000)
 Metaspace       used 57945K, committed 59264K, reserved 1114112K
  class space    used 6139K, committed 6720K, reserved 1048576K
}
Event: 11.885 GC heap before
{Heap before GC invocations=70 (full 2):
 PSYoungGen      total 11776K, used 11384K [0x00000000d5580000, 0x00000000d6380000, 0x0000000100000000)
  eden space 9216K, 100% used [0x00000000d5580000,0x00000000d5e80000,0x00000000d5e80000)
  from space 2560K, 84% used [0x00000000d5e80000,0x00000000d609e2a8,0x00000000d6100000)
  to   space 2560K, 0% used [0x00000000d6100000,0x00000000d6100000,0x00000000d6380000)
 ParOldGen       total 102912K, used 102569K [0x0000000080000000, 0x0000000086480000, 0x00000000d5580000)
  object space 102912K, 99% used [0x0000000080000000,0x000000008642a588,0x0000000086480000)
 Metaspace       used 57947K, committed 59264K, reserved 1114112K
  class space    used 6139K, committed 6720K, reserved 1048576K
}
Event: 11.887 GC heap after
{Heap after GC invocations=70 (full 2):
 PSYoungGen      total 11776K, used 2167K [0x00000000d5580000, 0x00000000d6380000, 0x0000000100000000)
  eden space 9216K, 0% used [0x00000000d5580000,0x00000000d5580000,0x00000000d5e80000)
  from space 2560K, 84% used [0x00000000d6100000,0x00000000d631ddd0,0x00000000d6380000)
  to   space 2560K, 0% used [0x00000000d5e80000,0x00000000d5e80000,0x00000000d6100000)
 ParOldGen       total 104960K, used 104535K [0x0000000080000000, 0x0000000086680000, 0x00000000d5580000)
  object space 104960K, 99% used [0x0000000080000000,0x0000000086615df8,0x0000000086680000)
 Metaspace       used 57947K, committed 59264K, reserved 1114112K
  class space    used 6139K, committed 6720K, reserved 1048576K
}

