# JRE version: OpenJDK Runtime Environment Temurin-21.0.9+10 (21.0.9+10) (build 21.0.9+10-LTS)
# Java VM: OpenJDK 64-Bit Server VM Temurin-21.0.9+10 (21.0.9+10-LTS, mixed mode, sharing, tiered, compressed oops, compressed class ptrs, parallel gc, windows-amd64)
GC Precious Log:
 CardTable entry size: 512
 CPUs: 16 total, 16 available
 Memory: 7514M
 Large Page Support: Disabled
 NUMA Support: Disabled
 Compressed Oops: Enabled (32-bit)
 Alignments: Space 512K, Generation 512K, Heap 2M
 Heap Min Capacity: 100M
 Heap Initial Capacity: 100M
 Heap Max Capacity: 2G
 Pre-touch: Disabled
 Parallel Workers: 13
Heap:
 PSYoungGen      total 20480K, used 11755K [0x00000000d5580000, 0x00000000d6c00000, 0x0000000100000000)
  eden space 19968K, 56% used [0x00000000d5580000,0x00000000d607dda8,0x00000000d6900000)
  from space 512K, 97% used [0x00000000d6a80000,0x00000000d6afd218,0x00000000d6b00000)
  to   space 1536K, 0% used [0x00000000d6900000,0x00000000d6900000,0x00000000d6a80000)
 ParOldGen       total 68608K, used 36783K [0x0000000080000000, 0x0000000084300000, 0x00000000d5580000)
  object space 68608K, 53% used [0x0000000080000000,0x00000000823ebcc0,0x0000000084300000)
 Metaspace       used 47353K, committed 48512K, reserved 1114112K
  class space    used 4951K, committed 5440K, reserved 1048576K
GC Heap History (20 events):
Event: 5.067 GC heap before
{Heap before GC invocations=25 (full 2):
 PSYoungGen      total 22528K, used 22240K [0x00000000d5580000, 0x00000000d6f80000, 0x0000000100000000)
  eden space 20480K, 100% used [0x00000000d5580000,0x00000000d6980000,0x00000000d6980000)
  from space 2048K, 85% used [0x00000000d6d80000,0x00000000d6f38000,0x00000000d6f80000)
  to   space 2560K, 0% used [0x00000000d6a80000,0x00000000d6a80000,0x00000000d6d00000)
 ParOldGen       total 68608K, used 28888K [0x0000000080000000, 0x0000000084300000, 0x00000000d5580000)
  object space 68608K, 42% used [0x0000000080000000,0x0000000081c363e0,0x0000000084300000)
 Metaspace       used 38385K, committed 39488K, reserved 1114112K
  class space    used 3948K, committed 4480K, reserved 1048576K
}
Event: 5.071 GC heap after
{Heap after GC invocations=25 (full 2):
 PSYoungGen      total 22528K, used 1872K [0x00000000d5580000, 0x00000000d6e00000, 0x0000000100000000)
  eden space 20480K, 0% used [0x00000000d5580000,0x00000000d5580000,0x00000000d6980000)
  from space 2048K, 91% used [0x00000000d6a80000,0x00000000d6c54020,0x00000000d6c80000)
  to   space 1536K, 0% used [0x00000000d6c80000,0x00000000d6c80000,0x00000000d6e00000)
 ParOldGen       total 68608K, used 30456K [0x0000000080000000, 0x0000000084300000, 0x00000000d5580000)
  object space 68608K, 44% used [0x0000000080000000,0x0000000081dbe3e0,0x0000000084300000)
 Metaspace       used 38385K, committed 39488K, reserved 1114112K
  class space    used 3948K, committed 4480K, reserved 1048576K
}
Event: 5.131 GC heap before
{Heap before GC invocations=26 (full 2):
 PSYoungGen      total 22528K, used 22352K [0x00000000d5580000, 0x00000000d6e00000, 0x0000000100000000)
  eden space 20480K, 100% used [0x00000000d5580000,0x00000000d6980000,0x00000000d6980000)
  from space 2048K, 91% used [0x00000000d6a80000,0x00000000d6c54020,0x00000000d6c80000)
  to   space 1536K, 0% used [0x00000000d6c80000,0x00000000d6c80000,0x00000000d6e00000)
 ParOldGen       total 68608K, used 30456K [0x0000000080000000, 0x0000000084300000, 0x00000000d5580000)
  object space 68608K, 44% used [0x0000000080000000,0x0000000081dbe3e0,0x0000000084300000)
 Metaspace       used 38566K, committed 39680K, reserved 1114112K
  class space    used 3970K, committed 4480K, reserved 1048576K
}
Event: 5.134 GC heap after
{Heap after GC invocations=26 (full 2):
 PSYoungGen      total 21504K, used 1512K [0x00000000d5580000, 0x00000000d7080000, 0x0000000100000000)
  eden space 19968K, 0% used [0x00000000d5580000,0x00000000d5580000,0x00000000d6900000)
  from space 1536K, 98% used [0x00000000d6c80000,0x00000000d6dfa210,0x00000000d6e00000)
  to   space 3584K, 0% used [0x00000000d6900000,0x00000000d6900000,0x00000000d6c80000)
 ParOldGen       total 68608K, used 32128K [0x0000000080000000, 0x0000000084300000, 0x00000000d5580000)
  object space 68608K, 46% used [0x0000000080000000,0x0000000081f603f0,0x0000000084300000)
 Metaspace       used 38566K, committed 39680K, reserved 1114112K
  class space    used 3970K, committed 4480K, reserved 1048576K
}
Event: 5.277 GC heap before
{Heap before GC invocations=27 (full 2):
 PSYoungGen      total 21504K, used 21480K [0x00000000d5580000, 0x00000000d7080000, 0x0000000100000000)
  eden space 19968K, 100% used [0x00000000d5580000,0x00000000d6900000,0x00000000d6900000)
  from space 1536K, 98% used [0x00000000d6c80000,0x00000000d6dfa210,0x00000000d6e00000)
  to   space 3584K, 0% used [0x00000000d6900000,0x00000000d6900000,0x00000000d6c80000)
 ParOldGen       total 68608K, used 32128K [0x0000000080000000, 0x0000000084300000, 0x00000000d5580000)
  object space 68608K, 46% used [0x0000000080000000,0x0000000081f603f0,0x0000000084300000)
 Metaspace       used 40157K, committed 41280K, reserved 1114112K
  class space    used 4124K, committed 4608K, reserved 1048576K
}
Event: 5.279 GC heap after
{Heap after GC invocations=27 (full 2):
 PSYoungGen      total 21504K, used 1232K [0x00000000d5580000, 0x00000000d6d00000, 0x0000000100000000)
  eden space 19968K, 0% used [0x00000000d5580000,0x00000000d5580000,0x00000000d6900000)
  from space 1536K, 80% used [0x00000000d6900000,0x00000000d6a34010,0x00000000d6a80000)
  to   space 2048K, 0% used [0x00000000d6b00000,0x00000000d6b00000,0x00000000d6d00000)
 ParOldGen       total 68608K, used 33513K [0x0000000080000000, 0x0000000084300000, 0x00000000d5580000)
  object space 68608K, 48% used [0x0000000080000000,0x00000000820ba5f0,0x0000000084300000)
 Metaspace       used 40157K, committed 41280K, reserved 1114112K
  class space    used 4124K, committed 4608K, reserved 1048576K
}
Event: 5.464 GC heap before
{Heap before GC invocations=28 (full 2):
 PSYoungGen      total 21504K, used 21200K [0x00000000d5580000, 0x00000000d6d00000, 0x0000000100000000)
  eden space 19968K, 100% used [0x00000000d5580000,0x00000000d6900000,0x00000000d6900000)
  from space 1536K, 80% used [0x00000000d6900000,0x00000000d6a34010,0x00000000d6a80000)
  to   space 2048K, 0% used [0x00000000d6b00000,0x00000000d6b00000,0x00000000d6d00000)
 ParOldGen       total 68608K, used 33513K [0x0000000080000000, 0x0000000084300000, 0x00000000d5580000)
  object space 68608K, 48% used [0x0000000080000000,0x00000000820ba5f0,0x0000000084300000)
 Metaspace       used 41509K, committed 42624K, reserved 1114112K
  class space    used 4293K, committed 4800K, reserved 1048576K
}
Event: 5.467 GC heap after
{Heap after GC invocations=28 (full 2):
 PSYoungGen      total 20992K, used 894K [0x00000000d5580000, 0x00000000d6c00000, 0x0000000100000000)
  eden space 19968K, 0% used [0x00000000d5580000,0x00000000d5580000,0x00000000d6900000)
  from space 1024K, 87% used [0x00000000d6b00000,0x00000000d6bdfbd8,0x00000000d6c00000)
  to   space 1536K, 0% used [0x00000000d6900000,0x00000000d6900000,0x00000000d6a80000)
 ParOldGen       total 68608K, used 34505K [0x0000000080000000, 0x0000000084300000, 0x00000000d5580000)
  object space 68608K, 50% used [0x0000000080000000,0x00000000821b2668,0x0000000084300000)
 Metaspace       used 41509K, committed 42624K, reserved 1114112K
  class space    used 4293K, committed 4800K, reserved 1048576K
}
Event: 5.637 GC heap before
{Heap before GC invocations=29 (full 2):
 PSYoungGen      total 20992K, used 20860K [0x00000000d5580000, 0x00000000d6c00000, 0x0000000100000000)
  eden space 19968K, 99% used [0x00000000d5580000,0x00000000d68ff6d8,0x00000000d6900000)
  from space 1024K, 87% used [0x00000000d6b00000,0x00000000d6bdfbd8,0x00000000d6c00000)
  to   space 1536K, 0% used [0x00000000d6900000,0x00000000d6900000,0x00000000d6a80000)
 ParOldGen       total 68608K, used 34505K [0x0000000080000000, 0x0000000084300000, 0x00000000d5580000)
  object space 68608K, 50% used [0x0000000080000000,0x00000000821b2668,0x0000000084300000)
 Metaspace       used 42341K, committed 43456K, reserved 1114112K
  class space    used 4403K, committed 4928K, reserved 1048576K
}
Event: 5.638 GC heap after
{Heap after GC invocations=29 (full 2):
 PSYoungGen      total 21504K, used 512K [0x00000000d5580000, 0x00000000d6b80000, 0x0000000100000000)
  eden space 19968K, 0% used [0x00000000d5580000,0x00000000d5580000,0x00000000d6900000)
  from space 1536K, 33% used [0x00000000d6900000,0x00000000d6980000,0x00000000d6a80000)
  to   space 1024K, 0% used [0x00000000d6a80000,0x00000000d6a80000,0x00000000d6b80000)
 ParOldGen       total 68608K, used 35026K [0x0000000080000000, 0x0000000084300000, 0x00000000d5580000)
  object space 68608K, 51% used [0x0000000080000000,0x0000000082234898,0x0000000084300000)
 Metaspace       used 42341K, committed 43456K, reserved 1114112K
  class space    used 4403K, committed 4928K, reserved 1048576K
}
Event: 5.800 GC heap before
{Heap before GC invocations=30 (full 2):
 PSYoungGen      total 21504K, used 20480K [0x00000000d5580000, 0x00000000d6b80000, 0x0000000100000000)
  eden space 19968K, 100% used [0x00000000d5580000,0x00000000d6900000,0x00000000d6900000)
  from space 1536K, 33% used [0x00000000d6900000,0x00000000d6980000,0x00000000d6a80000)
  to   space 1024K, 0% used [0x00000000d6a80000,0x00000000d6a80000,0x00000000d6b80000)
 ParOldGen       total 68608K, used 35026K [0x0000000080000000, 0x0000000084300000, 0x00000000d5580000)
  object space 68608K, 51% used [0x0000000080000000,0x0000000082234898,0x0000000084300000)
 Metaspace       used 42793K, committed 43904K, reserved 1114112K
  class space    used 4487K, committed 4992K, reserved 1048576K
}
Event: 5.801 GC heap after
{Heap after GC invocations=30 (full 2):
 PSYoungGen      total 20480K, used 448K [0x00000000d5580000, 0x00000000d6b00000, 0x0000000100000000)
  eden space 19968K, 0% used [0x00000000d5580000,0x00000000d5580000,0x00000000d6900000)
  from space 512K, 87% used [0x00000000d6a80000,0x00000000d6af0000,0x00000000d6b00000)
  to   space 512K, 0% used [0x00000000d6a00000,0x00000000d6a00000,0x00000000d6a80000)
 ParOldGen       total 68608K, used 35381K [0x0000000080000000, 0x0000000084300000, 0x00000000d5580000)
  object space 68608K, 51% used [0x0000000080000000,0x000000008228d730,0x0000000084300000)
 Metaspace       used 42793K, committed 43904K, reserved 1114112K
  class space    used 4487K, committed 4992K, reserved 1048576K
}
Event: 6.015 GC heap before
{Heap before GC invocations=31 (full 2):
 PSYoungGen      total 20480K, used 20416K [0x00000000d5580000, 0x00000000d6b00000, 0x0000000100000000)
  eden space 19968K, 100% used [0x00000000d5580000,0x00000000d6900000,0x00000000d6900000)
  from space 512K, 87% used [0x00000000d6a80000,0x00000000d6af0000,0x00000000d6b00000)
  to   space 512K, 0% used [0x00000000d6a00000,0x00000000d6a00000,0x00000000d6a80000)
 ParOldGen       total 68608K, used 35381K [0x0000000080000000, 0x0000000084300000, 0x00000000d5580000)
  object space 68608K, 51% used [0x0000000080000000,0x000000008228d730,0x0000000084300000)
 Metaspace       used 43459K, committed 44672K, reserved 1114112K
  class space    used 4555K, committed 5120K, reserved 1048576K
}
Event: 6.016 GC heap after
{Heap after GC invocations=31 (full 2):
 PSYoungGen      total 20480K, used 448K [0x00000000d5580000, 0x00000000d6b00000, 0x0000000100000000)
  eden space 19968K, 0% used [0x00000000d5580000,0x00000000d5580000,0x00000000d6900000)
  from space 512K, 87% used [0x00000000d6a00000,0x00000000d6a70000,0x00000000d6a80000)
  to   space 512K, 0% used [0x00000000d6a80000,0x00000000d6a80000,0x00000000d6b00000)
 ParOldGen       total 68608K, used 35533K [0x0000000080000000, 0x0000000084300000, 0x00000000d5580000)
  object space 68608K, 51% used [0x0000000080000000,0x00000000822b3730,0x0000000084300000)
 Metaspace       used 43459K, committed 44672K, reserved 1114112K
  class space    used 4555K, committed 5120K, reserved 1048576K
}
Event: 6.172 GC heap before
{Heap before GC invocations=32 (full 2):
 PSYoungGen      total 20480K, used 20416K [0x00000000d5580000, 0x00000000d6b00000, 0x0000000100000000)
  eden space 19968K, 100% used [0x00000000d5580000,0x00000000d6900000,0x00000000d6900000)
  from space 512K, 87% used [0x00000000d6a00000,0x00000000d6a70000,0x00000000d6a80000)
  to   space 512K, 0% used [0x00000000d6a80000,0x00000000d6a80000,0x00000000d6b00000)
 ParOldGen       total 68608K, used 35533K [0x0000000080000000, 0x0000000084300000, 0x00000000d5580000)
  object space 68608K, 51% used [0x0000000080000000,0x00000000822b3730,0x0000000084300000)
 Metaspace       used 44053K, committed 45184K, reserved 1114112K
  class space    used 4623K, committed 5120K, reserved 1048576K
}
Event: 6.173 GC heap after
{Heap after GC invocations=32 (full 2):
 PSYoungGen      total 20480K, used 448K [0x00000000d5580000, 0x00000000d6b00000, 0x0000000100000000)
  eden space 19968K, 0% used [0x00000000d5580000,0x00000000d5580000,0x00000000d6900000)
  from space 512K, 87% used [0x00000000d6a80000,0x00000000d6af0000,0x00000000d6b00000)
  to   space 512K, 0% used [0x00000000d6a00000,0x00000000d6a00000,0x00000000d6a80000)
 ParOldGen       total 68608K, used 35789K [0x0000000080000000, 0x0000000084300000, 0x00000000d5580000)
  object space 68608K, 52% used [0x0000000080000000,0x00000000822f3730,0x0000000084300000)
 Metaspace       used 44053K, committed 45184K, reserved 1114112K
  class space    used 4623K, committed 5120K, reserved 1048576K
}
Event: 6.318 GC heap before
{Heap before GC invocations=33 (full 2):
 PSYoungGen      total 20480K, used 20416K [0x00000000d5580000, 0x00000000d6b00000, 0x0000000100000000)
  eden space 19968K, 100% used [0x00000000d5580000,0x00000000d6900000,0x00000000d6900000)
  from space 512K, 87% used [0x00000000d6a80000,0x00000000d6af0000,0x00000000d6b00000)
  to   space 512K, 0% used [0x00000000d6a00000,0x00000000d6a00000,0x00000000d6a80000)
 ParOldGen       total 68608K, used 35789K [0x0000000080000000, 0x0000000084300000, 0x00000000d5580000)
  object space 68608K, 52% used [0x0000000080000000,0x00000000822f3730,0x0000000084300000)
 Metaspace       used 45007K, committed 46144K, reserved 1114112K
  class space    used 4714K, committed 5248K, reserved 1048576K
}
Event: 6.319 GC heap after
{Heap after GC invocations=33 (full 2):
 PSYoungGen      total 20480K, used 448K [0x00000000d5580000, 0x00000000d6b00000, 0x0000000100000000)
  eden space 19968K, 0% used [0x00000000d5580000,0x00000000d5580000,0x00000000d6900000)
  from space 512K, 87% used [0x00000000d6a00000,0x00000000d6a70000,0x00000000d6a80000)
  to   space 512K, 0% used [0x00000000d6a80000,0x00000000d6a80000,0x00000000d6b00000)
 ParOldGen       total 68608K, used 35965K [0x0000000080000000, 0x0000000084300000, 0x00000000d5580000)
  object space 68608K, 52% used [0x0000000080000000,0x000000008231f730,0x0000000084300000)
 Metaspace       used 45007K, committed 46144K, reserved 1114112K
  class space    used 4714K, committed 5248K, reserved 1048576K
}
Event: 6.557 GC heap before
{Heap before GC invocations=34 (full 2):
 PSYoungGen      total 20480K, used 20416K [0x00000000d5580000, 0x00000000d6b00000, 0x0000000100000000)
  eden space 19968K, 100% used [0x00000000d5580000,0x00000000d6900000,0x00000000d6900000)
  from space 512K, 87% used [0x00000000d6a00000,0x00000000d6a70000,0x00000000d6a80000)
  to   space 512K, 0% used [0x00000000d6a80000,0x00000000d6a80000,0x00000000d6b00000)
 ParOldGen       total 68608K, used 35965K [0x0000000080000000, 0x0000000084300000, 0x00000000d5580000)
  object space 68608K, 52% used [0x0000000080000000,0x000000008231f730,0x0000000084300000)
 Metaspace       used 46417K, committed 47616K, reserved 1114112K
  class space    used 4853K, committed 5376K, reserved 1048576K
}
Event: 6.559 GC heap after
{Heap after GC invocations=34 (full 2):
 PSYoungGen      total 20480K, used 500K [0x00000000d5580000, 0x00000000d6c00000, 0x0000000100000000)
  eden space 19968K, 0% used [0x00000000d5580000,0x00000000d5580000,0x00000000d6900000)
  from space 512K, 97% used [0x00000000d6a80000,0x00000000d6afd218,0x00000000d6b00000)
  to   space 1536K, 0% used [0x00000000d6900000,0x00000000d6900000,0x00000000d6a80000)
 ParOldGen       total 68608K, used 36783K [0x0000000080000000, 0x0000000084300000, 0x00000000d5580000)
  object space 68608K, 53% used [0x0000000080000000,0x00000000823ebcc0,0x0000000084300000)
 Metaspace       used 46417K, committed 47616K, reserved 1114112K
  class space    used 4853K, committed 5376K, reserved 1048576K
}

