# JRE version: OpenJDK Runtime Environment Temurin-21.0.9+10 (21.0.9+10) (build 21.0.9+10-LTS)
# Java VM: OpenJDK 64-Bit Server VM Temurin-21.0.9+10 (21.0.9+10-LTS, mixed mode, sharing, tiered, compressed oops, compressed class ptrs, parallel gc, windows-amd64)
GC Precious Log:
 CardTable entry size: 512
 CPUs: 16 total, 16 available
 Memory: 7514M
 Large Page Support: Disabled
 NUMA Support: Disabled
 Compressed Oops: Enabled (32-bit)
 Alignments: Space 512K, Generation 512K, Heap 2M
 Heap Min Capacity: 100M
 Heap Initial Capacity: 100M
 Heap Max Capacity: 2G
 Pre-touch: Disabled
 Parallel Workers: 13
Heap:
 PSYoungGen      total 11264K, used 2042K [0x00000000d5580000, 0x00000000d6300000, 0x0000000100000000)
  eden space 9216K, 0% used [0x00000000d5580000,0x00000000d5580000,0x00000000d5e80000)
  from space 2048K, 99% used [0x00000000d5f00000,0x00000000d60feb68,0x00000000d6100000)
  to   space 2048K, 0% used [0x00000000d6100000,0x00000000d6100000,0x00000000d6300000)
 ParOldGen       total 123904K, used 123764K [0x0000000080000000, 0x0000000087900000, 0x00000000d5580000)
  object space 123904K, 99% used [0x0000000080000000,0x00000000878dd160,0x0000000087900000)
 Metaspace       used 60399K, committed 61760K, reserved 1114112K
  class space    used 6421K, committed 6976K, reserved 1048576K
GC Heap History (20 events):
Event: 10.373 GC heap before
{Heap before GC invocations=70 (full 3):
 PSYoungGen      total 15872K, used 15385K [0x00000000d5580000, 0x00000000d6800000, 0x0000000100000000)
  eden space 12800K, 100% used [0x00000000d5580000,0x00000000d6200000,0x00000000d6200000)
  from space 3072K, 84% used [0x00000000d6500000,0x00000000d6786488,0x00000000d6800000)
  to   space 3072K, 0% used [0x00000000d6200000,0x00000000d6200000,0x00000000d6500000)
 ParOldGen       total 100352K, used 100096K [0x0000000080000000, 0x0000000086200000, 0x00000000d5580000)
  object space 100352K, 99% used [0x0000000080000000,0x00000000861c03f0,0x0000000086200000)
 Metaspace       used 59982K, committed 61376K, reserved 1114112K
  class space    used 6375K, committed 6912K, reserved 1048576K
}
Event: 10.377 GC heap after
{Heap after GC invocations=70 (full 3):
 PSYoungGen      total 15872K, used 2963K [0x00000000d5580000, 0x00000000d6800000, 0x0000000100000000)
  eden space 12800K, 0% used [0x00000000d5580000,0x00000000d5580000,0x00000000d6200000)
  from space 3072K, 96% used [0x00000000d6200000,0x00000000d64e4fa0,0x00000000d6500000)
  to   space 3072K, 0% used [0x00000000d6500000,0x00000000d6500000,0x00000000d6800000)
 ParOldGen       total 102912K, used 102446K [0x0000000080000000, 0x0000000086480000, 0x00000000d5580000)
  object space 102912K, 99% used [0x0000000080000000,0x000000008640b888,0x0000000086480000)
 Metaspace       used 59982K, committed 61376K, reserved 1114112K
  class space    used 6375K, committed 6912K, reserved 1048576K
}
Event: 10.450 GC heap before
{Heap before GC invocations=71 (full 3):
 PSYoungGen      total 15872K, used 15763K [0x00000000d5580000, 0x00000000d6800000, 0x0000000100000000)
  eden space 12800K, 100% used [0x00000000d5580000,0x00000000d6200000,0x00000000d6200000)
  from space 3072K, 96% used [0x00000000d6200000,0x00000000d64e4fa0,0x00000000d6500000)
  to   space 3072K, 0% used [0x00000000d6500000,0x00000000d6500000,0x00000000d6800000)
 ParOldGen       total 102912K, used 102446K [0x0000000080000000, 0x0000000086480000, 0x00000000d5580000)
  object space 102912K, 99% used [0x0000000080000000,0x000000008640b888,0x0000000086480000)
 Metaspace       used 60057K, committed 61504K, reserved 1114112K
  class space    used 6391K, committed 6976K, reserved 1048576K
}
Event: 10.455 GC heap after
{Heap after GC invocations=71 (full 3):
 PSYoungGen      total 15872K, used 2947K [0x00000000d5580000, 0x00000000d6800000, 0x0000000100000000)
  eden space 12800K, 0% used [0x00000000d5580000,0x00000000d5580000,0x00000000d6200000)
  from space 3072K, 95% used [0x00000000d6500000,0x00000000d67e0eb0,0x00000000d6800000)
  to   space 3072K, 0% used [0x00000000d6200000,0x00000000d6200000,0x00000000d6500000)
 ParOldGen       total 105472K, used 105197K [0x0000000080000000, 0x0000000086700000, 0x00000000d5580000)
  object space 105472K, 99% used [0x0000000080000000,0x00000000866bb430,0x0000000086700000)
 Metaspace       used 60057K, committed 61504K, reserved 1114112K
  class space    used 6391K, committed 6976K, reserved 1048576K
}
Event: 10.796 GC heap before
{Heap before GC invocations=72 (full 3):
 PSYoungGen      total 15872K, used 14899K [0x00000000d5580000, 0x00000000d6800000, 0x0000000100000000)
  eden space 12800K, 93% used [0x00000000d5580000,0x00000000d612bf78,0x00000000d6200000)
  from space 3072K, 95% used [0x00000000d6500000,0x00000000d67e0eb0,0x00000000d6800000)
  to   space 3072K, 0% used [0x00000000d6200000,0x00000000d6200000,0x00000000d6500000)
 ParOldGen       total 105472K, used 105197K [0x0000000080000000, 0x0000000086700000, 0x00000000d5580000)
  object space 105472K, 99% used [0x0000000080000000,0x00000000866bb430,0x0000000086700000)
 Metaspace       used 60293K, committed 61696K, reserved 1114112K
  class space    used 6416K, committed 6976K, reserved 1048576K
}
Event: 10.800 GC heap after
{Heap after GC invocations=72 (full 3):
 PSYoungGen      total 15872K, used 2720K [0x00000000d5580000, 0x00000000d6800000, 0x0000000100000000)
  eden space 12800K, 0% used [0x00000000d5580000,0x00000000d5580000,0x00000000d6200000)
  from space 3072K, 88% used [0x00000000d6200000,0x00000000d64a8058,0x00000000d6500000)
  to   space 3072K, 0% used [0x00000000d6500000,0x00000000d6500000,0x00000000d6800000)
 ParOldGen       total 108032K, used 107774K [0x0000000080000000, 0x0000000086980000, 0x00000000d5580000)
  object space 108032K, 99% used [0x0000000080000000,0x000000008693fb38,0x0000000086980000)
 Metaspace       used 60293K, committed 61696K, reserved 1114112K
  class space    used 6416K, committed 6976K, reserved 1048576K
}
Event: 11.077 GC heap before
{Heap before GC invocations=73 (full 3):
 PSYoungGen      total 15872K, used 15520K [0x00000000d5580000, 0x00000000d6800000, 0x0000000100000000)
  eden space 12800K, 100% used [0x00000000d5580000,0x00000000d6200000,0x00000000d6200000)
  from space 3072K, 88% used [0x00000000d6200000,0x00000000d64a8058,0x00000000d6500000)
  to   space 3072K, 0% used [0x00000000d6500000,0x00000000d6500000,0x00000000d6800000)
 ParOldGen       total 108032K, used 107774K [0x0000000080000000, 0x0000000086980000, 0x00000000d5580000)
  object space 108032K, 99% used [0x0000000080000000,0x000000008693fb38,0x0000000086980000)
 Metaspace       used 60293K, committed 61696K, reserved 1114112K
  class space    used 6416K, committed 6976K, reserved 1048576K
}
Event: 11.082 GC heap after
{Heap after GC invocations=73 (full 3):
 PSYoungGen      total 11264K, used 3045K [0x00000000d5580000, 0x00000000d7100000, 0x0000000100000000)
  eden space 8192K, 0% used [0x00000000d5580000,0x00000000d5580000,0x00000000d5d80000)
  from space 3072K, 99% used [0x00000000d6500000,0x00000000d67f9620,0x00000000d6800000)
  to   space 7680K, 0% used [0x00000000d5d80000,0x00000000d5d80000,0x00000000d6500000)
 ParOldGen       total 111616K, used 111419K [0x0000000080000000, 0x0000000086d00000, 0x00000000d5580000)
  object space 111616K, 99% used [0x0000000080000000,0x0000000086ccef68,0x0000000086d00000)
 Metaspace       used 60293K, committed 61696K, reserved 1114112K
  class space    used 6416K, committed 6976K, reserved 1048576K
}
Event: 11.177 GC heap before
{Heap before GC invocations=74 (full 3):
 PSYoungGen      total 11264K, used 11237K [0x00000000d5580000, 0x00000000d7100000, 0x0000000100000000)
  eden space 8192K, 100% used [0x00000000d5580000,0x00000000d5d80000,0x00000000d5d80000)
  from space 3072K, 99% used [0x00000000d6500000,0x00000000d67f9620,0x00000000d6800000)
  to   space 7680K, 0% used [0x00000000d5d80000,0x00000000d5d80000,0x00000000d6500000)
 ParOldGen       total 111616K, used 111419K [0x0000000080000000, 0x0000000086d00000, 0x00000000d5580000)
  object space 111616K, 99% used [0x0000000080000000,0x0000000086ccef68,0x0000000086d00000)
 Metaspace       used 60345K, committed 61760K, reserved 1114112K
  class space    used 6419K, committed 6976K, reserved 1048576K
}
Event: 11.181 GC heap after
{Heap after GC invocations=74 (full 3):
 PSYoungGen      total 10240K, used 1906K [0x00000000d5580000, 0x00000000d6580000, 0x0000000100000000)
  eden space 8192K, 0% used [0x00000000d5580000,0x00000000d5580000,0x00000000d5d80000)
  from space 2048K, 93% used [0x00000000d5d80000,0x00000000d5f5cb48,0x00000000d5f80000)
  to   space 4096K, 0% used [0x00000000d6180000,0x00000000d6180000,0x00000000d6580000)
 ParOldGen       total 114688K, used 114522K [0x0000000080000000, 0x0000000087000000, 0x00000000d5580000)
  object space 114688K, 99% used [0x0000000080000000,0x0000000086fd68f0,0x0000000087000000)
 Metaspace       used 60345K, committed 61760K, reserved 1114112K
  class space    used 6419K, committed 6976K, reserved 1048576K
}
Event: 11.203 GC heap before
{Heap before GC invocations=75 (full 3):
 PSYoungGen      total 10240K, used 10098K [0x00000000d5580000, 0x00000000d6580000, 0x0000000100000000)
  eden space 8192K, 100% used [0x00000000d5580000,0x00000000d5d80000,0x00000000d5d80000)
  from space 2048K, 93% used [0x00000000d5d80000,0x00000000d5f5cb48,0x00000000d5f80000)
  to   space 4096K, 0% used [0x00000000d6180000,0x00000000d6180000,0x00000000d6580000)
 ParOldGen       total 114688K, used 114522K [0x0000000080000000, 0x0000000087000000, 0x00000000d5580000)
  object space 114688K, 99% used [0x0000000080000000,0x0000000086fd68f0,0x0000000087000000)
 Metaspace       used 60364K, committed 61760K, reserved 1114112K
  class space    used 6421K, committed 6976K, reserved 1048576K
}
Event: 11.205 GC heap after
{Heap after GC invocations=75 (full 3):
 PSYoungGen      total 10240K, used 1811K [0x00000000d5580000, 0x00000000d6380000, 0x0000000100000000)
  eden space 8192K, 0% used [0x00000000d5580000,0x00000000d5580000,0x00000000d5d80000)
  from space 2048K, 88% used [0x00000000d6180000,0x00000000d6344c88,0x00000000d6380000)
  to   space 2560K, 0% used [0x00000000d5e80000,0x00000000d5e80000,0x00000000d6100000)
 ParOldGen       total 116224K, used 116116K [0x0000000080000000, 0x0000000087180000, 0x00000000d5580000)
  object space 116224K, 99% used [0x0000000080000000,0x0000000087165070,0x0000000087180000)
 Metaspace       used 60364K, committed 61760K, reserved 1114112K
  class space    used 6421K, committed 6976K, reserved 1048576K
}
Event: 11.230 GC heap before
{Heap before GC invocations=76 (full 3):
 PSYoungGen      total 10240K, used 10003K [0x00000000d5580000, 0x00000000d6380000, 0x0000000100000000)
  eden space 8192K, 100% used [0x00000000d5580000,0x00000000d5d80000,0x00000000d5d80000)
  from space 2048K, 88% used [0x00000000d6180000,0x00000000d6344c88,0x00000000d6380000)
  to   space 2560K, 0% used [0x00000000d5e80000,0x00000000d5e80000,0x00000000d6100000)
 ParOldGen       total 116224K, used 116116K [0x0000000080000000, 0x0000000087180000, 0x00000000d5580000)
  object space 116224K, 99% used [0x0000000080000000,0x0000000087165070,0x0000000087180000)
 Metaspace       used 60386K, committed 61760K, reserved 1114112K
  class space    used 6421K, committed 6976K, reserved 1048576K
}
Event: 11.233 GC heap after
{Heap after GC invocations=76 (full 3):
 PSYoungGen      total 10240K, used 1691K [0x00000000d5580000, 0x00000000d6200000, 0x0000000100000000)
  eden space 8192K, 0% used [0x00000000d5580000,0x00000000d5580000,0x00000000d5d80000)
  from space 2048K, 82% used [0x00000000d5e80000,0x00000000d6026d28,0x00000000d6080000)
  to   space 1536K, 0% used [0x00000000d6080000,0x00000000d6080000,0x00000000d6200000)
 ParOldGen       total 117760K, used 117544K [0x0000000080000000, 0x0000000087300000, 0x00000000d5580000)
  object space 117760K, 99% used [0x0000000080000000,0x00000000872ca040,0x0000000087300000)
 Metaspace       used 60386K, committed 61760K, reserved 1114112K
  class space    used 6421K, committed 6976K, reserved 1048576K
}
Event: 11.256 GC heap before
{Heap before GC invocations=77 (full 3):
 PSYoungGen      total 10240K, used 9883K [0x00000000d5580000, 0x00000000d6200000, 0x0000000100000000)
  eden space 8192K, 100% used [0x00000000d5580000,0x00000000d5d80000,0x00000000d5d80000)
  from space 2048K, 82% used [0x00000000d5e80000,0x00000000d6026d28,0x00000000d6080000)
  to   space 1536K, 0% used [0x00000000d6080000,0x00000000d6080000,0x00000000d6200000)
 ParOldGen       total 117760K, used 117544K [0x0000000080000000, 0x0000000087300000, 0x00000000d5580000)
  object space 117760K, 99% used [0x0000000080000000,0x00000000872ca040,0x0000000087300000)
 Metaspace       used 60392K, committed 61760K, reserved 1114112K
  class space    used 6421K, committed 6976K, reserved 1048576K
}
Event: 12.264 GC heap after
{Heap after GC invocations=77 (full 3):
 PSYoungGen      total 9216K, used 1518K [0x00000000d5580000, 0x00000000d6680000, 0x0000000100000000)
  eden space 7680K, 0% used [0x00000000d5580000,0x00000000d5580000,0x00000000d5d00000)
  from space 1536K, 98% used [0x00000000d6080000,0x00000000d61fb908,0x00000000d6200000)
  to   space 3584K, 0% used [0x00000000d5d00000,0x00000000d5d00000,0x00000000d6080000)
 ParOldGen       total 119296K, used 118956K [0x0000000080000000, 0x0000000087480000, 0x00000000d5580000)
  object space 119296K, 99% used [0x0000000080000000,0x000000008742b250,0x0000000087480000)
 Metaspace       used 60392K, committed 61760K, reserved 1114112K
  class space    used 6421K, committed 6976K, reserved 1048576K
}
Event: 12.283 GC heap before
{Heap before GC invocations=78 (full 3):
 PSYoungGen      total 9216K, used 9198K [0x00000000d5580000, 0x00000000d6680000, 0x0000000100000000)
  eden space 7680K, 100% used [0x00000000d5580000,0x00000000d5d00000,0x00000000d5d00000)
  from space 1536K, 98% used [0x00000000d6080000,0x00000000d61fb908,0x00000000d6200000)
  to   space 3584K, 0% used [0x00000000d5d00000,0x00000000d5d00000,0x00000000d6080000)
 ParOldGen       total 119296K, used 118956K [0x0000000080000000, 0x0000000087480000, 0x00000000d5580000)
  object space 119296K, 99% used [0x0000000080000000,0x000000008742b250,0x0000000087480000)
 Metaspace       used 60399K, committed 61760K, reserved 1114112K
  class space    used 6421K, committed 6976K, reserved 1048576K
}
Event: 13.298 GC heap after
{Heap after GC invocations=78 (full 3):
 PSYoungGen      total 11264K, used 1832K [0x00000000d5580000, 0x00000000d6380000, 0x0000000100000000)
  eden space 7680K, 0% used [0x00000000d5580000,0x00000000d5580000,0x00000000d5d00000)
  from space 3584K, 51% used [0x00000000d5d00000,0x00000000d5eca208,0x00000000d6080000)
  to   space 2560K, 0% used [0x00000000d6100000,0x00000000d6100000,0x00000000d6380000)
 ParOldGen       total 120832K, used 120380K [0x0000000080000000, 0x0000000087600000, 0x00000000d5580000)
  object space 120832K, 99% used [0x0000000080000000,0x000000008758f270,0x0000000087600000)
 Metaspace       used 60399K, committed 61760K, reserved 1114112K
  class space    used 6421K, committed 6976K, reserved 1048576K
}
Event: 13.315 GC heap before
{Heap before GC invocations=79 (full 3):
 PSYoungGen      total 11264K, used 9512K [0x00000000d5580000, 0x00000000d6380000, 0x0000000100000000)
  eden space 7680K, 100% used [0x00000000d5580000,0x00000000d5d00000,0x00000000d5d00000)
  from space 3584K, 51% used [0x00000000d5d00000,0x00000000d5eca208,0x00000000d6080000)
  to   space 2560K, 0% used [0x00000000d6100000,0x00000000d6100000,0x00000000d6380000)
 ParOldGen       total 120832K, used 120380K [0x0000000080000000, 0x0000000087600000, 0x00000000d5580000)
  object space 120832K, 99% used [0x0000000080000000,0x000000008758f270,0x0000000087600000)
 Metaspace       used 60399K, committed 61760K, reserved 1114112K
  class space    used 6421K, committed 6976K, reserved 1048576K
}
Event: 13.317 GC heap after
{Heap after GC invocations=79 (full 3):
 PSYoungGen      total 11264K, used 1965K [0x00000000d5580000, 0x00000000d6300000, 0x0000000100000000)
  eden space 9216K, 0% used [0x00000000d5580000,0x00000000d5580000,0x00000000d5e80000)
  from space 2048K, 95% used [0x00000000d6100000,0x00000000d62eb6c0,0x00000000d6300000)
  to   space 2048K, 0% used [0x00000000d5f00000,0x00000000d5f00000,0x00000000d6100000)
 ParOldGen       total 122368K, used 122024K [0x0000000080000000, 0x0000000087780000, 0x00000000d5580000)
  object space 122368K, 99% used [0x0000000080000000,0x000000008772a2e0,0x0000000087780000)
 Metaspace       used 60399K, committed 61760K, reserved 1114112K
  class space    used 6421K, committed 6976K, reserved 1048576K
}

