# JRE version: OpenJDK Runtime Environment Temurin-21.0.9+10 (21.0.9+10) (build 21.0.9+10-LTS)
# Java VM: OpenJDK 64-Bit Server VM Temurin-21.0.9+10 (21.0.9+10-LTS, mixed mode, sharing, tiered, compressed oops, compressed class ptrs, parallel gc, windows-amd64)
GC Precious Log:
 CardTable entry size: 512
 CPUs: 16 total, 16 available
 Memory: 7514M
 Large Page Support: Disabled
 NUMA Support: Disabled
 Compressed Oops: Enabled (32-bit)
 Alignments: Space 512K, Generation 512K, Heap 2M
 Heap Min Capacity: 100M
 Heap Initial Capacity: 100M
 Heap Max Capacity: 2G
 Pre-touch: Disabled
 Parallel Workers: 13
Heap:
 PSYoungGen      total 2048K, used 1889K [0x00000000d5580000, 0x00000000d5800000, 0x0000000100000000)
  eden space 1536K, 96% used [0x00000000d5580000,0x00000000d56f4470,0x00000000d5700000)
  from space 512K, 78% used [0x00000000d5780000,0x00000000d57e4010,0x00000000d5800000)
  to   space 512K, 0% used [0x00000000d5700000,0x00000000d5700000,0x00000000d5780000)
 ParOldGen       total 121344K, used 120896K [0x0000000080000000, 0x0000000087680000, 0x00000000d5580000)
  object space 121344K, 99% used [0x0000000080000000,0x0000000087610250,0x0000000087680000)
 Metaspace       used 71375K, committed 72896K, reserved 1114112K
  class space    used 7384K, committed 8000K, reserved 1048576K
GC Heap History (20 events):
Event: 583.601 GC heap before
{Heap before GC invocations=233 (full 4):
 PSYoungGen      total 1536K, used 1344K [0x00000000d5580000, 0x00000000d5800000, 0x0000000100000000)
  eden space 1024K, 100% used [0x00000000d5580000,0x00000000d5680000,0x00000000d5680000)
  from space 512K, 62% used [0x00000000d5780000,0x00000000d57d0000,0x00000000d5800000)
  to   space 512K, 0% used [0x00000000d5700000,0x00000000d5700000,0x00000000d5780000)
 ParOldGen       total 119808K, used 117931K [0x0000000080000000, 0x0000000087500000, 0x00000000d5580000)
  object space 119808K, 98% used [0x0000000080000000,0x000000008732ac40,0x0000000087500000)
 Metaspace       used 71278K, committed 72768K, reserved 1114112K
  class space    used 7383K, committed 8000K, reserved 1048576K
}
Event: 583.602 GC heap after
{Heap after GC invocations=233 (full 4):
 PSYoungGen      total 1536K, used 400K [0x00000000d5580000, 0x00000000d5800000, 0x0000000100000000)
  eden space 1024K, 0% used [0x00000000d5580000,0x00000000d5580000,0x00000000d5680000)
  from space 512K, 78% used [0x00000000d5700000,0x00000000d5764010,0x00000000d5780000)
  to   space 512K, 0% used [0x00000000d5780000,0x00000000d5780000,0x00000000d5800000)
 ParOldGen       total 119808K, used 117971K [0x0000000080000000, 0x0000000087500000, 0x00000000d5580000)
  object space 119808K, 98% used [0x0000000080000000,0x0000000087334c40,0x0000000087500000)
 Metaspace       used 71278K, committed 72768K, reserved 1114112K
  class space    used 7383K, committed 8000K, reserved 1048576K
}
Event: 583.609 GC heap before
{Heap before GC invocations=234 (full 4):
 PSYoungGen      total 1536K, used 1424K [0x00000000d5580000, 0x00000000d5800000, 0x0000000100000000)
  eden space 1024K, 100% used [0x00000000d5580000,0x00000000d5680000,0x00000000d5680000)
  from space 512K, 78% used [0x00000000d5700000,0x00000000d5764010,0x00000000d5780000)
  to   space 512K, 0% used [0x00000000d5780000,0x00000000d5780000,0x00000000d5800000)
 ParOldGen       total 119808K, used 117971K [0x0000000080000000, 0x0000000087500000, 0x00000000d5580000)
  object space 119808K, 98% used [0x0000000080000000,0x0000000087334c40,0x0000000087500000)
 Metaspace       used 71280K, committed 72768K, reserved 1114112K
  class space    used 7383K, committed 8000K, reserved 1048576K
}
Event: 583.610 GC heap after
{Heap after GC invocations=234 (full 4):
 PSYoungGen      total 1536K, used 512K [0x00000000d5580000, 0x00000000d5880000, 0x0000000100000000)
  eden space 1024K, 0% used [0x00000000d5580000,0x00000000d5580000,0x00000000d5680000)
  from space 512K, 100% used [0x00000000d5780000,0x00000000d5800000,0x00000000d5800000)
  to   space 1024K, 0% used [0x00000000d5680000,0x00000000d5680000,0x00000000d5780000)
 ParOldGen       total 119808K, used 118232K [0x0000000080000000, 0x0000000087500000, 0x00000000d5580000)
  object space 119808K, 98% used [0x0000000080000000,0x00000000873760d0,0x0000000087500000)
 Metaspace       used 71280K, committed 72768K, reserved 1114112K
  class space    used 7383K, committed 8000K, reserved 1048576K
}
Event: 583.623 GC heap before
{Heap before GC invocations=235 (full 4):
 PSYoungGen      total 1536K, used 1536K [0x00000000d5580000, 0x00000000d5880000, 0x0000000100000000)
  eden space 1024K, 100% used [0x00000000d5580000,0x00000000d5680000,0x00000000d5680000)
  from space 512K, 100% used [0x00000000d5780000,0x00000000d5800000,0x00000000d5800000)
  to   space 1024K, 0% used [0x00000000d5680000,0x00000000d5680000,0x00000000d5780000)
 ParOldGen       total 119808K, used 118232K [0x0000000080000000, 0x0000000087500000, 0x00000000d5580000)
  object space 119808K, 98% used [0x0000000080000000,0x00000000873760d0,0x0000000087500000)
 Metaspace       used 71304K, committed 72832K, reserved 1114112K
  class space    used 7383K, committed 8000K, reserved 1048576K
}
Event: 583.625 GC heap after
{Heap after GC invocations=235 (full 4):
 PSYoungGen      total 2048K, used 544K [0x00000000d5580000, 0x00000000d5880000, 0x0000000100000000)
  eden space 1024K, 0% used [0x00000000d5580000,0x00000000d5580000,0x00000000d5680000)
  from space 1024K, 53% used [0x00000000d5680000,0x00000000d5708000,0x00000000d5780000)
  to   space 1024K, 0% used [0x00000000d5780000,0x00000000d5780000,0x00000000d5880000)
 ParOldGen       total 119808K, used 118624K [0x0000000080000000, 0x0000000087500000, 0x00000000d5580000)
  object space 119808K, 99% used [0x0000000080000000,0x00000000873d80d0,0x0000000087500000)
 Metaspace       used 71304K, committed 72832K, reserved 1114112K
  class space    used 7383K, committed 8000K, reserved 1048576K
}
Event: 583.637 GC heap before
{Heap before GC invocations=236 (full 4):
 PSYoungGen      total 2048K, used 1568K [0x00000000d5580000, 0x00000000d5880000, 0x0000000100000000)
  eden space 1024K, 100% used [0x00000000d5580000,0x00000000d5680000,0x00000000d5680000)
  from space 1024K, 53% used [0x00000000d5680000,0x00000000d5708000,0x00000000d5780000)
  to   space 1024K, 0% used [0x00000000d5780000,0x00000000d5780000,0x00000000d5880000)
 ParOldGen       total 119808K, used 118624K [0x0000000080000000, 0x0000000087500000, 0x00000000d5580000)
  object space 119808K, 99% used [0x0000000080000000,0x00000000873d80d0,0x0000000087500000)
 Metaspace       used 71320K, committed 72832K, reserved 1114112K
  class space    used 7383K, committed 8000K, reserved 1048576K
}
Event: 583.638 GC heap after
{Heap after GC invocations=236 (full 4):
 PSYoungGen      total 2048K, used 576K [0x00000000d5580000, 0x00000000d5880000, 0x0000000100000000)
  eden space 1024K, 0% used [0x00000000d5580000,0x00000000d5580000,0x00000000d5680000)
  from space 1024K, 56% used [0x00000000d5780000,0x00000000d5810000,0x00000000d5880000)
  to   space 1024K, 0% used [0x00000000d5680000,0x00000000d5680000,0x00000000d5780000)
 ParOldGen       total 119808K, used 119008K [0x0000000080000000, 0x0000000087500000, 0x00000000d5580000)
  object space 119808K, 99% used [0x0000000080000000,0x00000000874380d0,0x0000000087500000)
 Metaspace       used 71320K, committed 72832K, reserved 1114112K
  class space    used 7383K, committed 8000K, reserved 1048576K
}
Event: 583.645 GC heap before
{Heap before GC invocations=237 (full 4):
 PSYoungGen      total 2048K, used 1600K [0x00000000d5580000, 0x00000000d5880000, 0x0000000100000000)
  eden space 1024K, 100% used [0x00000000d5580000,0x00000000d5680000,0x00000000d5680000)
  from space 1024K, 56% used [0x00000000d5780000,0x00000000d5810000,0x00000000d5880000)
  to   space 1024K, 0% used [0x00000000d5680000,0x00000000d5680000,0x00000000d5780000)
 ParOldGen       total 119808K, used 119008K [0x0000000080000000, 0x0000000087500000, 0x00000000d5580000)
  object space 119808K, 99% used [0x0000000080000000,0x00000000874380d0,0x0000000087500000)
 Metaspace       used 71324K, committed 72832K, reserved 1114112K
  class space    used 7383K, committed 8000K, reserved 1048576K
}
Event: 583.646 GC heap after
{Heap after GC invocations=237 (full 4):
 PSYoungGen      total 2048K, used 512K [0x00000000d5580000, 0x00000000d5880000, 0x0000000100000000)
  eden space 1024K, 0% used [0x00000000d5580000,0x00000000d5580000,0x00000000d5680000)
  from space 1024K, 50% used [0x00000000d5680000,0x00000000d5700000,0x00000000d5780000)
  to   space 1024K, 0% used [0x00000000d5780000,0x00000000d5780000,0x00000000d5880000)
 ParOldGen       total 119808K, used 119405K [0x0000000080000000, 0x0000000087500000, 0x00000000d5580000)
  object space 119808K, 99% used [0x0000000080000000,0x000000008749b560,0x0000000087500000)
 Metaspace       used 71324K, committed 72832K, reserved 1114112K
  class space    used 7383K, committed 8000K, reserved 1048576K
}
Event: 583.655 GC heap before
{Heap before GC invocations=238 (full 4):
 PSYoungGen      total 2048K, used 1536K [0x00000000d5580000, 0x00000000d5880000, 0x0000000100000000)
  eden space 1024K, 100% used [0x00000000d5580000,0x00000000d5680000,0x00000000d5680000)
  from space 1024K, 50% used [0x00000000d5680000,0x00000000d5700000,0x00000000d5780000)
  to   space 1024K, 0% used [0x00000000d5780000,0x00000000d5780000,0x00000000d5880000)
 ParOldGen       total 119808K, used 119405K [0x0000000080000000, 0x0000000087500000, 0x00000000d5580000)
  object space 119808K, 99% used [0x0000000080000000,0x000000008749b560,0x0000000087500000)
 Metaspace       used 71328K, committed 72832K, reserved 1114112K
  class space    used 7383K, committed 8000K, reserved 1048576K
}
Event: 583.656 GC heap after
{Heap after GC invocations=238 (full 4):
 PSYoungGen      total 2048K, used 512K [0x00000000d5580000, 0x00000000d5880000, 0x0000000100000000)
  eden space 1024K, 0% used [0x00000000d5580000,0x00000000d5580000,0x00000000d5680000)
  from space 1024K, 50% used [0x00000000d5780000,0x00000000d5800000,0x00000000d5880000)
  to   space 1024K, 0% used [0x00000000d5680000,0x00000000d5680000,0x00000000d5780000)
 ParOldGen       total 119808K, used 119805K [0x0000000080000000, 0x0000000087500000, 0x00000000d5580000)
  object space 119808K, 99% used [0x0000000080000000,0x00000000874ff560,0x0000000087500000)
 Metaspace       used 71328K, committed 72832K, reserved 1114112K
  class space    used 7383K, committed 8000K, reserved 1048576K
}
Event: 594.931 GC heap before
{Heap before GC invocations=239 (full 4):
 PSYoungGen      total 2048K, used 1536K [0x00000000d5580000, 0x00000000d5880000, 0x0000000100000000)
  eden space 1024K, 100% used [0x00000000d5580000,0x00000000d5680000,0x00000000d5680000)
  from space 1024K, 50% used [0x00000000d5780000,0x00000000d5800000,0x00000000d5880000)
  to   space 1024K, 0% used [0x00000000d5680000,0x00000000d5680000,0x00000000d5780000)
 ParOldGen       total 119808K, used 119805K [0x0000000080000000, 0x0000000087500000, 0x00000000d5580000)
  object space 119808K, 99% used [0x0000000080000000,0x00000000874ff560,0x0000000087500000)
 Metaspace       used 71347K, committed 72896K, reserved 1114112K
  class space    used 7383K, committed 8000K, reserved 1048576K
}
Event: 594.932 GC heap after
{Heap after GC invocations=239 (full 4):
 PSYoungGen      total 2048K, used 464K [0x00000000d5580000, 0x00000000d5800000, 0x0000000100000000)
  eden space 1024K, 0% used [0x00000000d5580000,0x00000000d5580000,0x00000000d5680000)
  from space 1024K, 45% used [0x00000000d5680000,0x00000000d56f4010,0x00000000d5780000)
  to   space 512K, 0% used [0x00000000d5780000,0x00000000d5780000,0x00000000d5800000)
 ParOldGen       total 120320K, used 120213K [0x0000000080000000, 0x0000000087580000, 0x00000000d5580000)
  object space 120320K, 99% used [0x0000000080000000,0x0000000087565560,0x0000000087580000)
 Metaspace       used 71347K, committed 72896K, reserved 1114112K
  class space    used 7383K, committed 8000K, reserved 1048576K
}
Event: 594.937 GC heap before
{Heap before GC invocations=240 (full 4):
 PSYoungGen      total 2048K, used 1488K [0x00000000d5580000, 0x00000000d5800000, 0x0000000100000000)
  eden space 1024K, 99% used [0x00000000d5580000,0x00000000d567fff0,0x00000000d5680000)
  from space 1024K, 45% used [0x00000000d5680000,0x00000000d56f4010,0x00000000d5780000)
  to   space 512K, 0% used [0x00000000d5780000,0x00000000d5780000,0x00000000d5800000)
 ParOldGen       total 120320K, used 120213K [0x0000000080000000, 0x0000000087580000, 0x00000000d5580000)
  object space 120320K, 99% used [0x0000000080000000,0x0000000087565560,0x0000000087580000)
 Metaspace       used 71347K, committed 72896K, reserved 1114112K
  class space    used 7383K, committed 8000K, reserved 1048576K
}
Event: 594.937 GC heap after
{Heap after GC invocations=240 (full 4):
 PSYoungGen      total 1536K, used 448K [0x00000000d5580000, 0x00000000d5800000, 0x0000000100000000)
  eden space 1024K, 0% used [0x00000000d5580000,0x00000000d5580000,0x00000000d5680000)
  from space 512K, 87% used [0x00000000d5780000,0x00000000d57f0000,0x00000000d5800000)
  to   space 512K, 0% used [0x00000000d5700000,0x00000000d5700000,0x00000000d5780000)
 ParOldGen       total 120832K, used 120370K [0x0000000080000000, 0x0000000087600000, 0x00000000d5580000)
  object space 120832K, 99% used [0x0000000080000000,0x000000008758c800,0x0000000087600000)
 Metaspace       used 71347K, committed 72896K, reserved 1114112K
  class space    used 7383K, committed 8000K, reserved 1048576K
}
Event: 594.962 GC heap before
{Heap before GC invocations=241 (full 4):
 PSYoungGen      total 1536K, used 1472K [0x00000000d5580000, 0x00000000d5800000, 0x0000000100000000)
  eden space 1024K, 100% used [0x00000000d5580000,0x00000000d5680000,0x00000000d5680000)
  from space 512K, 87% used [0x00000000d5780000,0x00000000d57f0000,0x00000000d5800000)
  to   space 512K, 0% used [0x00000000d5700000,0x00000000d5700000,0x00000000d5780000)
 ParOldGen       total 120832K, used 120370K [0x0000000080000000, 0x0000000087600000, 0x00000000d5580000)
  object space 120832K, 99% used [0x0000000080000000,0x000000008758c800,0x0000000087600000)
 Metaspace       used 71348K, committed 72896K, reserved 1114112K
  class space    used 7383K, committed 8000K, reserved 1048576K
}
Event: 594.963 GC heap after
{Heap after GC invocations=241 (full 4):
 PSYoungGen      total 1536K, used 352K [0x00000000d5580000, 0x00000000d5800000, 0x0000000100000000)
  eden space 1024K, 0% used [0x00000000d5580000,0x00000000d5580000,0x00000000d5680000)
  from space 512K, 68% used [0x00000000d5700000,0x00000000d5758000,0x00000000d5780000)
  to   space 512K, 0% used [0x00000000d5780000,0x00000000d5780000,0x00000000d5800000)
 ParOldGen       total 120832K, used 120608K [0x0000000080000000, 0x0000000087600000, 0x00000000d5580000)
  object space 120832K, 99% used [0x0000000080000000,0x00000000875c8250,0x0000000087600000)
 Metaspace       used 71348K, committed 72896K, reserved 1114112K
  class space    used 7383K, committed 8000K, reserved 1048576K
}
Event: 595.363 GC heap before
{Heap before GC invocations=242 (full 4):
 PSYoungGen      total 1536K, used 1375K [0x00000000d5580000, 0x00000000d5800000, 0x0000000100000000)
  eden space 1024K, 99% used [0x00000000d5580000,0x00000000d567ffe0,0x00000000d5680000)
  from space 512K, 68% used [0x00000000d5700000,0x00000000d5758000,0x00000000d5780000)
  to   space 512K, 0% used [0x00000000d5780000,0x00000000d5780000,0x00000000d5800000)
 ParOldGen       total 120832K, used 120608K [0x0000000080000000, 0x0000000087600000, 0x00000000d5580000)
  object space 120832K, 99% used [0x0000000080000000,0x00000000875c8250,0x0000000087600000)
 Metaspace       used 71349K, committed 72896K, reserved 1114112K
  class space    used 7383K, committed 8000K, reserved 1048576K
}
Event: 596.138 GC heap after
{Heap after GC invocations=242 (full 4):
 PSYoungGen      total 2048K, used 480K [0x00000000d5580000, 0x00000000d5800000, 0x0000000100000000)
  eden space 1536K, 0% used [0x00000000d5580000,0x00000000d5580000,0x00000000d5700000)
  from space 512K, 93% used [0x00000000d5780000,0x00000000d57f8000,0x00000000d5800000)
  to   space 512K, 0% used [0x00000000d5700000,0x00000000d5700000,0x00000000d5780000)
 ParOldGen       total 120832K, used 120744K [0x0000000080000000, 0x0000000087600000, 0x00000000d5580000)
  object space 120832K, 99% used [0x0000000080000000,0x00000000875ea250,0x0000000087600000)
 Metaspace       used 71349K, committed 72896K, reserved 1114112K
  class space    used 7383K, committed 8000K, reserved 1048576K
}

