# JRE version: OpenJDK Runtime Environment Temurin-21.0.9+10 (21.0.9+10) (build 21.0.9+10-LTS)
# Java VM: OpenJDK 64-Bit Server VM Temurin-21.0.9+10 (21.0.9+10-LTS, mixed mode, sharing, tiered, compressed oops, compressed class ptrs, parallel gc, windows-amd64)
GC Precious Log:
 CardTable entry size: 512
 CPUs: 16 total, 16 available
 Memory: 7514M
 Large Page Support: Disabled
 NUMA Support: Disabled
 Compressed Oops: Enabled (32-bit)
 Alignments: Space 512K, Generation 512K, Heap 2M
 Heap Min Capacity: 100M
 Heap Initial Capacity: 100M
 Heap Max Capacity: 2G
 Pre-touch: Disabled
 Parallel Workers: 13
Heap:
 PSYoungGen      total 18432K, used 11629K [0x00000000d5580000, 0x00000000d7000000, 0x0000000100000000)
  eden space 17408K, 62% used [0x00000000d5580000,0x00000000d601b6e0,0x00000000d6680000)
  from space 1024K, 75% used [0x00000000d6f00000,0x00000000d6fc0020,0x00000000d7000000)
  to   space 1536K, 0% used [0x00000000d6d00000,0x00000000d6d00000,0x00000000d6e80000)
 ParOldGen       total 125952K, used 125887K [0x0000000080000000, 0x0000000087b00000, 0x00000000d5580000)
  object space 125952K, 99% used [0x0000000080000000,0x0000000087aefe90,0x0000000087b00000)
 Metaspace       used 66157K, committed 67584K, reserved 1114112K
  class space    used 6995K, committed 7616K, reserved 1048576K
GC Heap History (20 events):
Event: 27.892 GC heap before
{Heap before GC invocations=50 (full 3):
 PSYoungGen      total 18944K, used 18093K [0x00000000d5580000, 0x00000000d6c00000, 0x0000000100000000)
  eden space 17408K, 95% used [0x00000000d5580000,0x00000000d65ab888,0x00000000d6680000)
  from space 1536K, 99% used [0x00000000d6900000,0x00000000d6a7fb90,0x00000000d6a80000)
  to   space 2560K, 0% used [0x00000000d6680000,0x00000000d6680000,0x00000000d6900000)
 ParOldGen       total 68608K, used 40131K [0x0000000080000000, 0x0000000084300000, 0x00000000d5580000)
  object space 68608K, 58% used [0x0000000080000000,0x0000000082730c88,0x0000000084300000)
 Metaspace       used 60932K, committed 62336K, reserved 1114112K
  class space    used 6510K, committed 7104K, reserved 1048576K
}
Event: 27.898 GC heap after
{Heap after GC invocations=50 (full 3):
 PSYoungGen      total 19968K, used 2549K [0x00000000d5580000, 0x00000000d7280000, 0x0000000100000000)
  eden space 17408K, 0% used [0x00000000d5580000,0x00000000d5580000,0x00000000d6680000)
  from space 2560K, 99% used [0x00000000d6680000,0x00000000d68fd448,0x00000000d6900000)
  to   space 6144K, 0% used [0x00000000d6c80000,0x00000000d6c80000,0x00000000d7280000)
 ParOldGen       total 68608K, used 43002K [0x0000000080000000, 0x0000000084300000, 0x00000000d5580000)
  object space 68608K, 62% used [0x0000000080000000,0x00000000829fea30,0x0000000084300000)
 Metaspace       used 60932K, committed 62336K, reserved 1114112K
  class space    used 6510K, committed 7104K, reserved 1048576K
}
Event: 28.033 GC heap before
{Heap before GC invocations=51 (full 3):
 PSYoungGen      total 19968K, used 19957K [0x00000000d5580000, 0x00000000d7280000, 0x0000000100000000)
  eden space 17408K, 100% used [0x00000000d5580000,0x00000000d6680000,0x00000000d6680000)
  from space 2560K, 99% used [0x00000000d6680000,0x00000000d68fd448,0x00000000d6900000)
  to   space 6144K, 0% used [0x00000000d6c80000,0x00000000d6c80000,0x00000000d7280000)
 ParOldGen       total 91136K, used 80341K [0x0000000080000000, 0x0000000085900000, 0x00000000d5580000)
  object space 91136K, 88% used [0x0000000080000000,0x0000000084e75580,0x0000000085900000)
 Metaspace       used 60941K, committed 62336K, reserved 1114112K
  class space    used 6511K, committed 7104K, reserved 1048576K
}
Event: 28.037 GC heap after
{Heap after GC invocations=51 (full 3):
 PSYoungGen      total 18432K, used 672K [0x00000000d5580000, 0x00000000d6d80000, 0x0000000100000000)
  eden space 17408K, 0% used [0x00000000d5580000,0x00000000d5580000,0x00000000d6680000)
  from space 1024K, 65% used [0x00000000d6c80000,0x00000000d6d28000,0x00000000d6d80000)
  to   space 2560K, 0% used [0x00000000d6880000,0x00000000d6880000,0x00000000d6b00000)
 ParOldGen       total 91136K, used 81503K [0x0000000080000000, 0x0000000085900000, 0x00000000d5580000)
  object space 91136K, 89% used [0x0000000080000000,0x0000000084f97e58,0x0000000085900000)
 Metaspace       used 60941K, committed 62336K, reserved 1114112K
  class space    used 6511K, committed 7104K, reserved 1048576K
}
Event: 28.118 GC heap before
{Heap before GC invocations=52 (full 3):
 PSYoungGen      total 18432K, used 18080K [0x00000000d5580000, 0x00000000d6d80000, 0x0000000100000000)
  eden space 17408K, 100% used [0x00000000d5580000,0x00000000d6680000,0x00000000d6680000)
  from space 1024K, 65% used [0x00000000d6c80000,0x00000000d6d28000,0x00000000d6d80000)
  to   space 2560K, 0% used [0x00000000d6880000,0x00000000d6880000,0x00000000d6b00000)
 ParOldGen       total 91136K, used 81503K [0x0000000080000000, 0x0000000085900000, 0x00000000d5580000)
  object space 91136K, 89% used [0x0000000080000000,0x0000000084f97e58,0x0000000085900000)
 Metaspace       used 60941K, committed 62336K, reserved 1114112K
  class space    used 6511K, committed 7104K, reserved 1048576K
}
Event: 28.129 GC heap after
{Heap after GC invocations=52 (full 3):
 PSYoungGen      total 19968K, used 2560K [0x00000000d5580000, 0x00000000d8480000, 0x0000000100000000)
  eden space 17408K, 0% used [0x00000000d5580000,0x00000000d5580000,0x00000000d6680000)
  from space 2560K, 100% used [0x00000000d6880000,0x00000000d6b00000,0x00000000d6b00000)
  to   space 15360K, 0% used [0x00000000d7580000,0x00000000d7580000,0x00000000d8480000)
 ParOldGen       total 92160K, used 91847K [0x0000000080000000, 0x0000000085a00000, 0x00000000d5580000)
  object space 92160K, 99% used [0x0000000080000000,0x00000000859b1e58,0x0000000085a00000)
 Metaspace       used 60941K, committed 62336K, reserved 1114112K
  class space    used 6511K, committed 7104K, reserved 1048576K
}
Event: 28.178 GC heap before
{Heap before GC invocations=53 (full 3):
 PSYoungGen      total 19968K, used 19968K [0x00000000d5580000, 0x00000000d8480000, 0x0000000100000000)
  eden space 17408K, 100% used [0x00000000d5580000,0x00000000d6680000,0x00000000d6680000)
  from space 2560K, 100% used [0x00000000d6880000,0x00000000d6b00000,0x00000000d6b00000)
  to   space 15360K, 0% used [0x00000000d7580000,0x00000000d7580000,0x00000000d8480000)
 ParOldGen       total 92160K, used 91847K [0x0000000080000000, 0x0000000085a00000, 0x00000000d5580000)
  object space 92160K, 99% used [0x0000000080000000,0x00000000859b1e58,0x0000000085a00000)
 Metaspace       used 60941K, committed 62336K, reserved 1114112K
  class space    used 6511K, committed 7104K, reserved 1048576K
}
Event: 28.188 GC heap after
{Heap after GC invocations=53 (full 3):
 PSYoungGen      total 31232K, used 13504K [0x00000000d5580000, 0x00000000d8300000, 0x0000000100000000)
  eden space 17408K, 0% used [0x00000000d5580000,0x00000000d5580000,0x00000000d6680000)
  from space 13824K, 97% used [0x00000000d7580000,0x00000000d82b0000,0x00000000d8300000)
  to   space 14336K, 0% used [0x00000000d6700000,0x00000000d6700000,0x00000000d7500000)
 ParOldGen       total 94720K, used 94479K [0x0000000080000000, 0x0000000085c80000, 0x00000000d5580000)
  object space 94720K, 99% used [0x0000000080000000,0x0000000085c43e58,0x0000000085c80000)
 Metaspace       used 60941K, committed 62336K, reserved 1114112K
  class space    used 6511K, committed 7104K, reserved 1048576K
}
Event: 28.243 GC heap before
{Heap before GC invocations=54 (full 3):
 PSYoungGen      total 31232K, used 30889K [0x00000000d5580000, 0x00000000d8300000, 0x0000000100000000)
  eden space 17408K, 99% used [0x00000000d5580000,0x00000000d667a558,0x00000000d6680000)
  from space 13824K, 97% used [0x00000000d7580000,0x00000000d82b0000,0x00000000d8300000)
  to   space 14336K, 0% used [0x00000000d6700000,0x00000000d6700000,0x00000000d7500000)
 ParOldGen       total 94720K, used 94479K [0x0000000080000000, 0x0000000085c80000, 0x00000000d5580000)
  object space 94720K, 99% used [0x0000000080000000,0x0000000085c43e58,0x0000000085c80000)
 Metaspace       used 61137K, committed 62528K, reserved 1114112K
  class space    used 6525K, committed 7104K, reserved 1048576K
}
Event: 28.260 GC heap after
{Heap after GC invocations=54 (full 3):
 PSYoungGen      total 29696K, used 12187K [0x00000000d5580000, 0x00000000d7f80000, 0x0000000100000000)
  eden space 17408K, 0% used [0x00000000d5580000,0x00000000d5580000,0x00000000d6680000)
  from space 12288K, 99% used [0x00000000d6700000,0x00000000d72e6e58,0x00000000d7300000)
  to   space 12800K, 0% used [0x00000000d7300000,0x00000000d7300000,0x00000000d7f80000)
 ParOldGen       total 108032K, used 107847K [0x0000000080000000, 0x0000000086980000, 0x00000000d5580000)
  object space 108032K, 99% used [0x0000000080000000,0x0000000086951e68,0x0000000086980000)
 Metaspace       used 61137K, committed 62528K, reserved 1114112K
  class space    used 6525K, committed 7104K, reserved 1048576K
}
Event: 28.426 GC heap before
{Heap before GC invocations=55 (full 3):
 PSYoungGen      total 29696K, used 29595K [0x00000000d5580000, 0x00000000d7f80000, 0x0000000100000000)
  eden space 17408K, 100% used [0x00000000d5580000,0x00000000d6680000,0x00000000d6680000)
  from space 12288K, 99% used [0x00000000d6700000,0x00000000d72e6e58,0x00000000d7300000)
  to   space 12800K, 0% used [0x00000000d7300000,0x00000000d7300000,0x00000000d7f80000)
 ParOldGen       total 108032K, used 107847K [0x0000000080000000, 0x0000000086980000, 0x00000000d5580000)
  object space 108032K, 99% used [0x0000000080000000,0x0000000086951e68,0x0000000086980000)
 Metaspace       used 62291K, committed 63744K, reserved 1114112K
  class space    used 6627K, committed 7232K, reserved 1048576K
}
Event: 28.437 GC heap after
{Heap after GC invocations=55 (full 3):
 PSYoungGen      total 18432K, used 816K [0x00000000d5580000, 0x00000000d7400000, 0x0000000100000000)
  eden space 17408K, 0% used [0x00000000d5580000,0x00000000d5580000,0x00000000d6680000)
  from space 1024K, 79% used [0x00000000d7300000,0x00000000d73cc030,0x00000000d7400000)
  to   space 5120K, 0% used [0x00000000d6a00000,0x00000000d6a00000,0x00000000d6f00000)
 ParOldGen       total 120320K, used 119895K [0x0000000080000000, 0x0000000087580000, 0x00000000d5580000)
  object space 120320K, 99% used [0x0000000080000000,0x0000000087515e68,0x0000000087580000)
 Metaspace       used 62291K, committed 63744K, reserved 1114112K
  class space    used 6627K, committed 7232K, reserved 1048576K
}
Event: 28.744 GC heap before
{Heap before GC invocations=56 (full 3):
 PSYoungGen      total 18432K, used 18224K [0x00000000d5580000, 0x00000000d7400000, 0x0000000100000000)
  eden space 17408K, 100% used [0x00000000d5580000,0x00000000d6680000,0x00000000d6680000)
  from space 1024K, 79% used [0x00000000d7300000,0x00000000d73cc030,0x00000000d7400000)
  to   space 5120K, 0% used [0x00000000d6a00000,0x00000000d6a00000,0x00000000d6f00000)
 ParOldGen       total 120320K, used 119895K [0x0000000080000000, 0x0000000087580000, 0x00000000d5580000)
  object space 120320K, 99% used [0x0000000080000000,0x0000000087515e68,0x0000000087580000)
 Metaspace       used 63741K, committed 65216K, reserved 1114112K
  class space    used 6752K, committed 7360K, reserved 1048576K
}
Event: 28.746 GC heap after
{Heap after GC invocations=56 (full 3):
 PSYoungGen      total 22528K, used 1608K [0x00000000d5580000, 0x00000000d7380000, 0x0000000100000000)
  eden space 17408K, 0% used [0x00000000d5580000,0x00000000d5580000,0x00000000d6680000)
  from space 5120K, 31% used [0x00000000d6a00000,0x00000000d6b92000,0x00000000d6f00000)
  to   space 2560K, 0% used [0x00000000d7100000,0x00000000d7100000,0x00000000d7380000)
 ParOldGen       total 120832K, used 120375K [0x0000000080000000, 0x0000000087600000, 0x00000000d5580000)
  object space 120832K, 99% used [0x0000000080000000,0x000000008758df20,0x0000000087600000)
 Metaspace       used 63741K, committed 65216K, reserved 1114112K
  class space    used 6752K, committed 7360K, reserved 1048576K
}
Event: 29.230 GC heap before
{Heap before GC invocations=57 (full 3):
 PSYoungGen      total 22528K, used 19016K [0x00000000d5580000, 0x00000000d7380000, 0x0000000100000000)
  eden space 17408K, 100% used [0x00000000d5580000,0x00000000d6680000,0x00000000d6680000)
  from space 5120K, 31% used [0x00000000d6a00000,0x00000000d6b92000,0x00000000d6f00000)
  to   space 2560K, 0% used [0x00000000d7100000,0x00000000d7100000,0x00000000d7380000)
 ParOldGen       total 120832K, used 120375K [0x0000000080000000, 0x0000000087600000, 0x00000000d5580000)
  object space 120832K, 99% used [0x0000000080000000,0x000000008758df20,0x0000000087600000)
 Metaspace       used 64188K, committed 65664K, reserved 1114112K
  class space    used 6838K, committed 7488K, reserved 1048576K
}
Event: 29.234 GC heap after
{Heap after GC invocations=57 (full 3):
 PSYoungGen      total 19968K, used 2544K [0x00000000d5580000, 0x00000000d7380000, 0x0000000100000000)
  eden space 17408K, 0% used [0x00000000d5580000,0x00000000d5580000,0x00000000d6680000)
  from space 2560K, 99% used [0x00000000d7100000,0x00000000d737c210,0x00000000d7380000)
  to   space 5632K, 0% used [0x00000000d6880000,0x00000000d6880000,0x00000000d6e00000)
 ParOldGen       total 122880K, used 122730K [0x0000000080000000, 0x0000000087800000, 0x00000000d5580000)
  object space 122880K, 99% used [0x0000000080000000,0x00000000877da800,0x0000000087800000)
 Metaspace       used 64188K, committed 65664K, reserved 1114112K
  class space    used 6838K, committed 7488K, reserved 1048576K
}
Event: 347.587 GC heap before
{Heap before GC invocations=58 (full 3):
 PSYoungGen      total 19968K, used 19941K [0x00000000d5580000, 0x00000000d7380000, 0x0000000100000000)
  eden space 17408K, 99% used [0x00000000d5580000,0x00000000d667d218,0x00000000d6680000)
  from space 2560K, 99% used [0x00000000d7100000,0x00000000d737c210,0x00000000d7380000)
  to   space 5632K, 0% used [0x00000000d6880000,0x00000000d6880000,0x00000000d6e00000)
 ParOldGen       total 122880K, used 122730K [0x0000000080000000, 0x0000000087800000, 0x00000000d5580000)
  object space 122880K, 99% used [0x0000000080000000,0x00000000877da800,0x0000000087800000)
 Metaspace       used 65099K, committed 66496K, reserved 1114112K
  class space    used 6910K, committed 7488K, reserved 1048576K
}
Event: 347.591 GC heap after
{Heap after GC invocations=58 (full 3):
 PSYoungGen      total 23040K, used 942K [0x00000000d5580000, 0x00000000d7180000, 0x0000000100000000)
  eden space 17408K, 0% used [0x00000000d5580000,0x00000000d5580000,0x00000000d6680000)
  from space 5632K, 16% used [0x00000000d6880000,0x00000000d696b930,0x00000000d6e00000)
  to   space 2560K, 0% used [0x00000000d6f00000,0x00000000d6f00000,0x00000000d7180000)
 ParOldGen       total 125440K, used 125170K [0x0000000080000000, 0x0000000087a80000, 0x00000000d5580000)
  object space 125440K, 99% used [0x0000000080000000,0x0000000087a3ca00,0x0000000087a80000)
 Metaspace       used 65099K, committed 66496K, reserved 1114112K
  class space    used 6910K, committed 7488K, reserved 1048576K
}
Event: 347.863 GC heap before
{Heap before GC invocations=59 (full 3):
 PSYoungGen      total 23040K, used 18350K [0x00000000d5580000, 0x00000000d7180000, 0x0000000100000000)
  eden space 17408K, 100% used [0x00000000d5580000,0x00000000d6680000,0x00000000d6680000)
  from space 5632K, 16% used [0x00000000d6880000,0x00000000d696b930,0x00000000d6e00000)
  to   space 2560K, 0% used [0x00000000d6f00000,0x00000000d6f00000,0x00000000d7180000)
 ParOldGen       total 125440K, used 125170K [0x0000000080000000, 0x0000000087a80000, 0x00000000d5580000)
  object space 125440K, 99% used [0x0000000080000000,0x0000000087a3ca00,0x0000000087a80000)
 Metaspace       used 65486K, committed 66880K, reserved 1114112K
  class space    used 6934K, committed 7552K, reserved 1048576K
}
Event: 347.867 GC heap after
{Heap after GC invocations=59 (full 3):
 PSYoungGen      total 18432K, used 768K [0x00000000d5580000, 0x00000000d7000000, 0x0000000100000000)
  eden space 17408K, 0% used [0x00000000d5580000,0x00000000d5580000,0x00000000d6680000)
  from space 1024K, 75% used [0x00000000d6f00000,0x00000000d6fc0020,0x00000000d7000000)
  to   space 1536K, 0% used [0x00000000d6d00000,0x00000000d6d00000,0x00000000d6e80000)
 ParOldGen       total 125952K, used 125887K [0x0000000080000000, 0x0000000087b00000, 0x00000000d5580000)
  object space 125952K, 99% used [0x0000000080000000,0x0000000087aefe90,0x0000000087b00000)
 Metaspace       used 65486K, committed 66880K, reserved 1114112K
  class space    used 6934K, committed 7552K, reserved 1048576K
}

