# JRE version: OpenJDK Runtime Environment Temurin-21.0.9+10 (21.0.9+10) (build 21.0.9+10-LTS)
# Java VM: OpenJDK 64-Bit Server VM Temurin-21.0.9+10 (21.0.9+10-LTS, mixed mode, sharing, tiered, compressed oops, compressed class ptrs, parallel gc, windows-amd64)
GC Precious Log:
 CardTable entry size: 512
 CPUs: 16 total, 16 available
 Memory: 7514M
 Large Page Support: Disabled
 NUMA Support: Disabled
 Compressed Oops: Enabled (32-bit)
 Alignments: Space 512K, Generation 512K, Heap 2M
 Heap Min Capacity: 100M
 Heap Initial Capacity: 100M
 Heap Max Capacity: 2G
 Pre-touch: Disabled
 Parallel Workers: 13
Heap:
 PSYoungGen      total 20992K, used 17725K [0x00000000d5580000, 0x00000000d6c80000, 0x0000000100000000)
  eden space 20480K, 84% used [0x00000000d5580000,0x00000000d664f4f8,0x00000000d6980000)
  from space 512K, 100% used [0x00000000d6b00000,0x00000000d6b80000,0x00000000d6b80000)
  to   space 1536K, 0% used [0x00000000d6980000,0x00000000d6980000,0x00000000d6b00000)
 ParOldGen       total 68608K, used 36761K [0x0000000080000000, 0x0000000084300000, 0x00000000d5580000)
  object space 68608K, 53% used [0x0000000080000000,0x00000000823e66e8,0x0000000084300000)
 Metaspace       used 48128K, committed 49280K, reserved 1114112K
  class space    used 5061K, committed 5504K, reserved 1048576K
GC Heap History (20 events):
Event: 13.612 GC heap before
{Heap before GC invocations=24 (full 2):
 PSYoungGen      total 22528K, used 22084K [0x00000000d5580000, 0x00000000d6d80000, 0x0000000100000000)
  eden space 20480K, 100% used [0x00000000d5580000,0x00000000d6980000,0x00000000d6980000)
  from space 2048K, 78% used [0x00000000d6980000,0x00000000d6b11000,0x00000000d6b80000)
  to   space 2048K, 0% used [0x00000000d6b80000,0x00000000d6b80000,0x00000000d6d80000)
 ParOldGen       total 68608K, used 27192K [0x0000000080000000, 0x0000000084300000, 0x00000000d5580000)
  object space 68608K, 39% used [0x0000000080000000,0x0000000081a8e388,0x0000000084300000)
 Metaspace       used 38236K, committed 39360K, reserved 1114112K
  class space    used 3945K, committed 4416K, reserved 1048576K
}
Event: 13.617 GC heap after
{Heap after GC invocations=24 (full 2):
 PSYoungGen      total 22528K, used 1792K [0x00000000d5580000, 0x00000000d6d80000, 0x0000000100000000)
  eden space 20480K, 0% used [0x00000000d5580000,0x00000000d5580000,0x00000000d6980000)
  from space 2048K, 87% used [0x00000000d6b80000,0x00000000d6d40000,0x00000000d6d80000)
  to   space 2048K, 0% used [0x00000000d6980000,0x00000000d6980000,0x00000000d6b80000)
 ParOldGen       total 68608K, used 28566K [0x0000000080000000, 0x0000000084300000, 0x00000000d5580000)
  object space 68608K, 41% used [0x0000000080000000,0x0000000081be5ba0,0x0000000084300000)
 Metaspace       used 38236K, committed 39360K, reserved 1114112K
  class space    used 3945K, committed 4416K, reserved 1048576K
}
Event: 13.753 GC heap before
{Heap before GC invocations=25 (full 2):
 PSYoungGen      total 22528K, used 22257K [0x00000000d5580000, 0x00000000d6d80000, 0x0000000100000000)
  eden space 20480K, 99% used [0x00000000d5580000,0x00000000d697c4d0,0x00000000d6980000)
  from space 2048K, 87% used [0x00000000d6b80000,0x00000000d6d40000,0x00000000d6d80000)
  to   space 2048K, 0% used [0x00000000d6980000,0x00000000d6980000,0x00000000d6b80000)
 ParOldGen       total 68608K, used 28566K [0x0000000080000000, 0x0000000084300000, 0x00000000d5580000)
  object space 68608K, 41% used [0x0000000080000000,0x0000000081be5ba0,0x0000000084300000)
 Metaspace       used 38511K, committed 39616K, reserved 1114112K
  class space    used 3977K, committed 4480K, reserved 1048576K
}
Event: 13.758 GC heap after
{Heap after GC invocations=25 (full 2):
 PSYoungGen      total 22528K, used 1952K [0x00000000d5580000, 0x00000000d6d80000, 0x0000000100000000)
  eden space 20480K, 0% used [0x00000000d5580000,0x00000000d5580000,0x00000000d6980000)
  from space 2048K, 95% used [0x00000000d6980000,0x00000000d6b68010,0x00000000d6b80000)
  to   space 2048K, 0% used [0x00000000d6b80000,0x00000000d6b80000,0x00000000d6d80000)
 ParOldGen       total 68608K, used 30110K [0x0000000080000000, 0x0000000084300000, 0x00000000d5580000)
  object space 68608K, 43% used [0x0000000080000000,0x0000000081d67ba0,0x0000000084300000)
 Metaspace       used 38511K, committed 39616K, reserved 1114112K
  class space    used 3977K, committed 4480K, reserved 1048576K
}
Event: 13.909 GC heap before
{Heap before GC invocations=26 (full 2):
 PSYoungGen      total 22528K, used 22432K [0x00000000d5580000, 0x00000000d6d80000, 0x0000000100000000)
  eden space 20480K, 100% used [0x00000000d5580000,0x00000000d6980000,0x00000000d6980000)
  from space 2048K, 95% used [0x00000000d6980000,0x00000000d6b68010,0x00000000d6b80000)
  to   space 2048K, 0% used [0x00000000d6b80000,0x00000000d6b80000,0x00000000d6d80000)
 ParOldGen       total 68608K, used 30110K [0x0000000080000000, 0x0000000084300000, 0x00000000d5580000)
  object space 68608K, 43% used [0x0000000080000000,0x0000000081d67ba0,0x0000000084300000)
 Metaspace       used 38850K, committed 39936K, reserved 1114112K
  class space    used 4013K, committed 4480K, reserved 1048576K
}
Event: 13.914 GC heap after
{Heap after GC invocations=26 (full 2):
 PSYoungGen      total 22528K, used 1760K [0x00000000d5580000, 0x00000000d6d80000, 0x0000000100000000)
  eden space 20480K, 0% used [0x00000000d5580000,0x00000000d5580000,0x00000000d6980000)
  from space 2048K, 85% used [0x00000000d6b80000,0x00000000d6d38000,0x00000000d6d80000)
  to   space 2048K, 0% used [0x00000000d6980000,0x00000000d6980000,0x00000000d6b80000)
 ParOldGen       total 68608K, used 31878K [0x0000000080000000, 0x0000000084300000, 0x00000000d5580000)
  object space 68608K, 46% used [0x0000000080000000,0x0000000081f21bb0,0x0000000084300000)
 Metaspace       used 38850K, committed 39936K, reserved 1114112K
  class space    used 4013K, committed 4480K, reserved 1048576K
}
Event: 14.117 GC heap before
{Heap before GC invocations=27 (full 2):
 PSYoungGen      total 22528K, used 22240K [0x00000000d5580000, 0x00000000d6d80000, 0x0000000100000000)
  eden space 20480K, 100% used [0x00000000d5580000,0x00000000d6980000,0x00000000d6980000)
  from space 2048K, 85% used [0x00000000d6b80000,0x00000000d6d38000,0x00000000d6d80000)
  to   space 2048K, 0% used [0x00000000d6980000,0x00000000d6980000,0x00000000d6b80000)
 ParOldGen       total 68608K, used 31878K [0x0000000080000000, 0x0000000084300000, 0x00000000d5580000)
  object space 68608K, 46% used [0x0000000080000000,0x0000000081f21bb0,0x0000000084300000)
 Metaspace       used 39706K, committed 40832K, reserved 1114112K
  class space    used 4102K, committed 4608K, reserved 1048576K
}
Event: 14.119 GC heap after
{Heap after GC invocations=27 (full 2):
 PSYoungGen      total 22528K, used 1669K [0x00000000d5580000, 0x00000000d6d80000, 0x0000000100000000)
  eden space 20480K, 0% used [0x00000000d5580000,0x00000000d5580000,0x00000000d6980000)
  from space 2048K, 81% used [0x00000000d6980000,0x00000000d6b215c0,0x00000000d6b80000)
  to   space 2048K, 0% used [0x00000000d6b80000,0x00000000d6b80000,0x00000000d6d80000)
 ParOldGen       total 68608K, used 33471K [0x0000000080000000, 0x0000000084300000, 0x00000000d5580000)
  object space 68608K, 48% used [0x0000000080000000,0x00000000820afdb0,0x0000000084300000)
 Metaspace       used 39706K, committed 40832K, reserved 1114112K
  class space    used 4102K, committed 4608K, reserved 1048576K
}
Event: 14.334 GC heap before
{Heap before GC invocations=28 (full 2):
 PSYoungGen      total 22528K, used 22149K [0x00000000d5580000, 0x00000000d6d80000, 0x0000000100000000)
  eden space 20480K, 100% used [0x00000000d5580000,0x00000000d6980000,0x00000000d6980000)
  from space 2048K, 81% used [0x00000000d6980000,0x00000000d6b215c0,0x00000000d6b80000)
  to   space 2048K, 0% used [0x00000000d6b80000,0x00000000d6b80000,0x00000000d6d80000)
 ParOldGen       total 68608K, used 33471K [0x0000000080000000, 0x0000000084300000, 0x00000000d5580000)
  object space 68608K, 48% used [0x0000000080000000,0x00000000820afdb0,0x0000000084300000)
 Metaspace       used 41185K, committed 42240K, reserved 1114112K
  class space    used 4271K, committed 4736K, reserved 1048576K
}
Event: 14.337 GC heap after
{Heap after GC invocations=28 (full 2):
 PSYoungGen      total 21504K, used 691K [0x00000000d5580000, 0x00000000d6c80000, 0x0000000100000000)
  eden space 20480K, 0% used [0x00000000d5580000,0x00000000d5580000,0x00000000d6980000)
  from space 1024K, 67% used [0x00000000d6b80000,0x00000000d6c2cdf8,0x00000000d6c80000)
  to   space 1536K, 0% used [0x00000000d6980000,0x00000000d6980000,0x00000000d6b00000)
 ParOldGen       total 68608K, used 34756K [0x0000000080000000, 0x0000000084300000, 0x00000000d5580000)
  object space 68608K, 50% used [0x0000000080000000,0x00000000821f1078,0x0000000084300000)
 Metaspace       used 41185K, committed 42240K, reserved 1114112K
  class space    used 4271K, committed 4736K, reserved 1048576K
}
Event: 14.614 GC heap before
{Heap before GC invocations=29 (full 2):
 PSYoungGen      total 21504K, used 21165K [0x00000000d5580000, 0x00000000d6c80000, 0x0000000100000000)
  eden space 20480K, 99% used [0x00000000d5580000,0x00000000d697e648,0x00000000d6980000)
  from space 1024K, 67% used [0x00000000d6b80000,0x00000000d6c2cdf8,0x00000000d6c80000)
  to   space 1536K, 0% used [0x00000000d6980000,0x00000000d6980000,0x00000000d6b00000)
 ParOldGen       total 68608K, used 34756K [0x0000000080000000, 0x0000000084300000, 0x00000000d5580000)
  object space 68608K, 50% used [0x0000000080000000,0x00000000821f1078,0x0000000084300000)
 Metaspace       used 42198K, committed 43328K, reserved 1114112K
  class space    used 4394K, committed 4864K, reserved 1048576K
}
Event: 14.615 GC heap after
{Heap after GC invocations=29 (full 2):
 PSYoungGen      total 22016K, used 816K [0x00000000d5580000, 0x00000000d6c00000, 0x0000000100000000)
  eden space 20480K, 0% used [0x00000000d5580000,0x00000000d5580000,0x00000000d6980000)
  from space 1536K, 53% used [0x00000000d6980000,0x00000000d6a4c310,0x00000000d6b00000)
  to   space 1024K, 0% used [0x00000000d6b00000,0x00000000d6b00000,0x00000000d6c00000)
 ParOldGen       total 68608K, used 35059K [0x0000000080000000, 0x0000000084300000, 0x00000000d5580000)
  object space 68608K, 51% used [0x0000000080000000,0x000000008223cfa8,0x0000000084300000)
 Metaspace       used 42198K, committed 43328K, reserved 1114112K
  class space    used 4394K, committed 4864K, reserved 1048576K
}
Event: 14.794 GC heap before
{Heap before GC invocations=30 (full 2):
 PSYoungGen      total 22016K, used 21296K [0x00000000d5580000, 0x00000000d6c00000, 0x0000000100000000)
  eden space 20480K, 100% used [0x00000000d5580000,0x00000000d6980000,0x00000000d6980000)
  from space 1536K, 53% used [0x00000000d6980000,0x00000000d6a4c310,0x00000000d6b00000)
  to   space 1024K, 0% used [0x00000000d6b00000,0x00000000d6b00000,0x00000000d6c00000)
 ParOldGen       total 68608K, used 35059K [0x0000000080000000, 0x0000000084300000, 0x00000000d5580000)
  object space 68608K, 51% used [0x0000000080000000,0x000000008223cfa8,0x0000000084300000)
 Metaspace       used 42848K, committed 43904K, reserved 1114112K
  class space    used 4481K, committed 4928K, reserved 1048576K
}
Event: 14.795 GC heap after
{Heap after GC invocations=30 (full 2):
 PSYoungGen      total 20992K, used 416K [0x00000000d5580000, 0x00000000d6b80000, 0x0000000100000000)
  eden space 20480K, 0% used [0x00000000d5580000,0x00000000d5580000,0x00000000d6980000)
  from space 512K, 81% used [0x00000000d6b00000,0x00000000d6b68000,0x00000000d6b80000)
  to   space 1024K, 0% used [0x00000000d6980000,0x00000000d6980000,0x00000000d6a80000)
 ParOldGen       total 68608K, used 35627K [0x0000000080000000, 0x0000000084300000, 0x00000000d5580000)
  object space 68608K, 51% used [0x0000000080000000,0x00000000822cafc0,0x0000000084300000)
 Metaspace       used 42848K, committed 43904K, reserved 1114112K
  class space    used 4481K, committed 4928K, reserved 1048576K
}
Event: 14.996 GC heap before
{Heap before GC invocations=31 (full 2):
 PSYoungGen      total 20992K, used 20896K [0x00000000d5580000, 0x00000000d6b80000, 0x0000000100000000)
  eden space 20480K, 100% used [0x00000000d5580000,0x00000000d6980000,0x00000000d6980000)
  from space 512K, 81% used [0x00000000d6b00000,0x00000000d6b68000,0x00000000d6b80000)
  to   space 1024K, 0% used [0x00000000d6980000,0x00000000d6980000,0x00000000d6a80000)
 ParOldGen       total 68608K, used 35627K [0x0000000080000000, 0x0000000084300000, 0x00000000d5580000)
  object space 68608K, 51% used [0x0000000080000000,0x00000000822cafc0,0x0000000084300000)
 Metaspace       used 43323K, committed 44544K, reserved 1114112K
  class space    used 4553K, committed 5056K, reserved 1048576K
}
Event: 14.997 GC heap after
{Heap after GC invocations=31 (full 2):
 PSYoungGen      total 21504K, used 480K [0x00000000d5580000, 0x00000000d6b80000, 0x0000000100000000)
  eden space 20480K, 0% used [0x00000000d5580000,0x00000000d5580000,0x00000000d6980000)
  from space 1024K, 46% used [0x00000000d6980000,0x00000000d69f8000,0x00000000d6a80000)
  to   space 512K, 0% used [0x00000000d6b00000,0x00000000d6b00000,0x00000000d6b80000)
 ParOldGen       total 68608K, used 35819K [0x0000000080000000, 0x0000000084300000, 0x00000000d5580000)
  object space 68608K, 52% used [0x0000000080000000,0x00000000822faf30,0x0000000084300000)
 Metaspace       used 43323K, committed 44544K, reserved 1114112K
  class space    used 4553K, committed 5056K, reserved 1048576K
}
Event: 15.193 GC heap before
{Heap before GC invocations=32 (full 2):
 PSYoungGen      total 21504K, used 20960K [0x00000000d5580000, 0x00000000d6b80000, 0x0000000100000000)
  eden space 20480K, 100% used [0x00000000d5580000,0x00000000d6980000,0x00000000d6980000)
  from space 1024K, 46% used [0x00000000d6980000,0x00000000d69f8000,0x00000000d6a80000)
  to   space 512K, 0% used [0x00000000d6b00000,0x00000000d6b00000,0x00000000d6b80000)
 ParOldGen       total 68608K, used 35819K [0x0000000080000000, 0x0000000084300000, 0x00000000d5580000)
  object space 68608K, 52% used [0x0000000080000000,0x00000000822faf30,0x0000000084300000)
 Metaspace       used 44019K, committed 45184K, reserved 1114112K
  class space    used 4626K, committed 5120K, reserved 1048576K
}
Event: 15.194 GC heap after
{Heap after GC invocations=32 (full 2):
 PSYoungGen      total 20992K, used 416K [0x00000000d5580000, 0x00000000d6b80000, 0x0000000100000000)
  eden space 20480K, 0% used [0x00000000d5580000,0x00000000d5580000,0x00000000d6980000)
  from space 512K, 81% used [0x00000000d6b00000,0x00000000d6b68000,0x00000000d6b80000)
  to   space 512K, 0% used [0x00000000d6a80000,0x00000000d6a80000,0x00000000d6b00000)
 ParOldGen       total 68608K, used 36059K [0x0000000080000000, 0x0000000084300000, 0x00000000d5580000)
  object space 68608K, 52% used [0x0000000080000000,0x0000000082336f30,0x0000000084300000)
 Metaspace       used 44019K, committed 45184K, reserved 1114112K
  class space    used 4626K, committed 5120K, reserved 1048576K
}
Event: 15.375 GC heap before
{Heap before GC invocations=33 (full 2):
 PSYoungGen      total 20992K, used 20884K [0x00000000d5580000, 0x00000000d6b80000, 0x0000000100000000)
  eden space 20480K, 99% used [0x00000000d5580000,0x00000000d697d3f8,0x00000000d6980000)
  from space 512K, 81% used [0x00000000d6b00000,0x00000000d6b68000,0x00000000d6b80000)
  to   space 512K, 0% used [0x00000000d6a80000,0x00000000d6a80000,0x00000000d6b00000)
 ParOldGen       total 68608K, used 36059K [0x0000000080000000, 0x0000000084300000, 0x00000000d5580000)
  object space 68608K, 52% used [0x0000000080000000,0x0000000082336f30,0x0000000084300000)
 Metaspace       used 44735K, committed 45824K, reserved 1114112K
  class space    used 4712K, committed 5184K, reserved 1048576K
}
Event: 15.375 GC heap after
{Heap after GC invocations=33 (full 2):
 PSYoungGen      total 20992K, used 480K [0x00000000d5580000, 0x00000000d6b80000, 0x0000000100000000)
  eden space 20480K, 0% used [0x00000000d5580000,0x00000000d5580000,0x00000000d6980000)
  from space 512K, 93% used [0x00000000d6a80000,0x00000000d6af8000,0x00000000d6b00000)
  to   space 512K, 0% used [0x00000000d6b00000,0x00000000d6b00000,0x00000000d6b80000)
 ParOldGen       total 68608K, used 36243K [0x0000000080000000, 0x0000000084300000, 0x00000000d5580000)
  object space 68608K, 52% used [0x0000000080000000,0x0000000082364f30,0x0000000084300000)
 Metaspace       used 44735K, committed 45824K, reserved 1114112K
  class space    used 4712K, committed 5184K, reserved 1048576K
}

