# JRE version: OpenJDK Runtime Environment Temurin-21.0.9+10 (21.0.9+10) (build 21.0.9+10-LTS)
# Java VM: OpenJDK 64-Bit Server VM Temurin-21.0.9+10 (21.0.9+10-LTS, mixed mode, sharing, tiered, compressed oops, compressed class ptrs, parallel gc, windows-amd64)
GC Precious Log:
 CardTable entry size: 512
 CPUs: 16 total, 16 available
 Memory: 7514M
 Large Page Support: Disabled
 NUMA Support: Disabled
 Compressed Oops: Enabled (32-bit)
 Alignments: Space 512K, Generation 512K, Heap 2M
 Heap Min Capacity: 100M
 Heap Initial Capacity: 100M
 Heap Max Capacity: 2G
 Pre-touch: Disabled
 Parallel Workers: 13
Heap:
 PSYoungGen      total 18944K, used 16570K [0x00000000d5580000, 0x00000000d6b00000, 0x0000000100000000)
  eden space 18432K, 87% used [0x00000000d5580000,0x00000000d6556b48,0x00000000d6780000)
  from space 512K, 68% used [0x00000000d6a80000,0x00000000d6ad8000,0x00000000d6b00000)
  to   space 1024K, 0% used [0x00000000d6900000,0x00000000d6900000,0x00000000d6a00000)
 ParOldGen       total 68608K, used 42134K [0x0000000080000000, 0x0000000084300000, 0x00000000d5580000)
  object space 68608K, 61% used [0x0000000080000000,0x0000000082925ae0,0x0000000084300000)
 Metaspace       used 54741K, committed 55936K, reserved 1114112K
  class space    used 5857K, committed 6336K, reserved 1048576K
GC Heap History (20 events):
Event: 12.089 GC heap before
{Heap before GC invocations=33 (full 2):
 PSYoungGen      total 24576K, used 24160K [0x00000000d5580000, 0x00000000d7000000, 0x0000000100000000)
  eden space 22016K, 100% used [0x00000000d5580000,0x00000000d6b00000,0x00000000d6b00000)
  from space 2560K, 83% used [0x00000000d6d80000,0x00000000d6f98010,0x00000000d7000000)
  to   space 2560K, 0% used [0x00000000d6b00000,0x00000000d6b00000,0x00000000d6d80000)
 ParOldGen       total 68608K, used 24974K [0x0000000080000000, 0x0000000084300000, 0x00000000d5580000)
  object space 68608K, 36% used [0x0000000080000000,0x0000000081863bd8,0x0000000084300000)
 Metaspace       used 47734K, committed 48832K, reserved 1114112K
  class space    used 5157K, committed 5632K, reserved 1048576K
}
Event: 12.093 GC heap after
{Heap after GC invocations=33 (full 2):
 PSYoungGen      total 24576K, used 2530K [0x00000000d5580000, 0x00000000d7100000, 0x0000000100000000)
  eden space 22016K, 0% used [0x00000000d5580000,0x00000000d5580000,0x00000000d6b00000)
  from space 2560K, 98% used [0x00000000d6b00000,0x00000000d6d78820,0x00000000d6d80000)
  to   space 3072K, 0% used [0x00000000d6e00000,0x00000000d6e00000,0x00000000d7100000)
 ParOldGen       total 68608K, used 26934K [0x0000000080000000, 0x0000000084300000, 0x00000000d5580000)
  object space 68608K, 39% used [0x0000000080000000,0x0000000081a4dbd8,0x0000000084300000)
 Metaspace       used 47734K, committed 48832K, reserved 1114112K
  class space    used 5157K, committed 5632K, reserved 1048576K
}
Event: 12.163 GC heap before
{Heap before GC invocations=34 (full 2):
 PSYoungGen      total 24576K, used 24546K [0x00000000d5580000, 0x00000000d7100000, 0x0000000100000000)
  eden space 22016K, 100% used [0x00000000d5580000,0x00000000d6b00000,0x00000000d6b00000)
  from space 2560K, 98% used [0x00000000d6b00000,0x00000000d6d78820,0x00000000d6d80000)
  to   space 3072K, 0% used [0x00000000d6e00000,0x00000000d6e00000,0x00000000d7100000)
 ParOldGen       total 68608K, used 26934K [0x0000000080000000, 0x0000000084300000, 0x00000000d5580000)
  object space 68608K, 39% used [0x0000000080000000,0x0000000081a4dbd8,0x0000000084300000)
 Metaspace       used 47751K, committed 48896K, reserved 1114112K
  class space    used 5157K, committed 5632K, reserved 1048576K
}
Event: 12.168 GC heap after
{Heap after GC invocations=34 (full 2):
 PSYoungGen      total 24576K, used 2208K [0x00000000d5580000, 0x00000000d7080000, 0x0000000100000000)
  eden space 22016K, 0% used [0x00000000d5580000,0x00000000d5580000,0x00000000d6b00000)
  from space 2560K, 86% used [0x00000000d6e00000,0x00000000d7028000,0x00000000d7080000)
  to   space 2560K, 0% used [0x00000000d6b00000,0x00000000d6b00000,0x00000000d6d80000)
 ParOldGen       total 68608K, used 29244K [0x0000000080000000, 0x0000000084300000, 0x00000000d5580000)
  object space 68608K, 42% used [0x0000000080000000,0x0000000081c8f3f8,0x0000000084300000)
 Metaspace       used 47751K, committed 48896K, reserved 1114112K
  class space    used 5157K, committed 5632K, reserved 1048576K
}
Event: 12.215 GC heap before
{Heap before GC invocations=35 (full 2):
 PSYoungGen      total 24576K, used 24224K [0x00000000d5580000, 0x00000000d7080000, 0x0000000100000000)
  eden space 22016K, 100% used [0x00000000d5580000,0x00000000d6b00000,0x00000000d6b00000)
  from space 2560K, 86% used [0x00000000d6e00000,0x00000000d7028000,0x00000000d7080000)
  to   space 2560K, 0% used [0x00000000d6b00000,0x00000000d6b00000,0x00000000d6d80000)
 ParOldGen       total 68608K, used 29244K [0x0000000080000000, 0x0000000084300000, 0x00000000d5580000)
  object space 68608K, 42% used [0x0000000080000000,0x0000000081c8f3f8,0x0000000084300000)
 Metaspace       used 47755K, committed 48896K, reserved 1114112K
  class space    used 5157K, committed 5632K, reserved 1048576K
}
Event: 12.220 GC heap after
{Heap after GC invocations=35 (full 2):
 PSYoungGen      total 24576K, used 2212K [0x00000000d5580000, 0x00000000d7000000, 0x0000000100000000)
  eden space 22016K, 0% used [0x00000000d5580000,0x00000000d5580000,0x00000000d6b00000)
  from space 2560K, 86% used [0x00000000d6b00000,0x00000000d6d29000,0x00000000d6d80000)
  to   space 2560K, 0% used [0x00000000d6d80000,0x00000000d6d80000,0x00000000d7000000)
 ParOldGen       total 68608K, used 31267K [0x0000000080000000, 0x0000000084300000, 0x00000000d5580000)
  object space 68608K, 45% used [0x0000000080000000,0x0000000081e88dc0,0x0000000084300000)
 Metaspace       used 47755K, committed 48896K, reserved 1114112K
  class space    used 5157K, committed 5632K, reserved 1048576K
}
Event: 12.306 GC heap before
{Heap before GC invocations=36 (full 2):
 PSYoungGen      total 24576K, used 24228K [0x00000000d5580000, 0x00000000d7000000, 0x0000000100000000)
  eden space 22016K, 100% used [0x00000000d5580000,0x00000000d6b00000,0x00000000d6b00000)
  from space 2560K, 86% used [0x00000000d6b00000,0x00000000d6d29000,0x00000000d6d80000)
  to   space 2560K, 0% used [0x00000000d6d80000,0x00000000d6d80000,0x00000000d7000000)
 ParOldGen       total 68608K, used 31267K [0x0000000080000000, 0x0000000084300000, 0x00000000d5580000)
  object space 68608K, 45% used [0x0000000080000000,0x0000000081e88dc0,0x0000000084300000)
 Metaspace       used 47790K, committed 48896K, reserved 1114112K
  class space    used 5160K, committed 5632K, reserved 1048576K
}
Event: 12.311 GC heap after
{Heap after GC invocations=36 (full 2):
 PSYoungGen      total 24576K, used 2272K [0x00000000d5580000, 0x00000000d7000000, 0x0000000100000000)
  eden space 22016K, 0% used [0x00000000d5580000,0x00000000d5580000,0x00000000d6b00000)
  from space 2560K, 88% used [0x00000000d6d80000,0x00000000d6fb8010,0x00000000d7000000)
  to   space 2560K, 0% used [0x00000000d6b00000,0x00000000d6b00000,0x00000000d6d80000)
 ParOldGen       total 68608K, used 33275K [0x0000000080000000, 0x0000000084300000, 0x00000000d5580000)
  object space 68608K, 48% used [0x0000000080000000,0x000000008207eec0,0x0000000084300000)
 Metaspace       used 47790K, committed 48896K, reserved 1114112K
  class space    used 5160K, committed 5632K, reserved 1048576K
}
Event: 12.408 GC heap before
{Heap before GC invocations=37 (full 2):
 PSYoungGen      total 24576K, used 24288K [0x00000000d5580000, 0x00000000d7000000, 0x0000000100000000)
  eden space 22016K, 100% used [0x00000000d5580000,0x00000000d6b00000,0x00000000d6b00000)
  from space 2560K, 88% used [0x00000000d6d80000,0x00000000d6fb8010,0x00000000d7000000)
  to   space 2560K, 0% used [0x00000000d6b00000,0x00000000d6b00000,0x00000000d6d80000)
 ParOldGen       total 68608K, used 33275K [0x0000000080000000, 0x0000000084300000, 0x00000000d5580000)
  object space 68608K, 48% used [0x0000000080000000,0x000000008207eec0,0x0000000084300000)
 Metaspace       used 47879K, committed 48960K, reserved 1114112K
  class space    used 5161K, committed 5632K, reserved 1048576K
}
Event: 12.413 GC heap after
{Heap after GC invocations=37 (full 2):
 PSYoungGen      total 24576K, used 2016K [0x00000000d5580000, 0x00000000d7000000, 0x0000000100000000)
  eden space 22016K, 0% used [0x00000000d5580000,0x00000000d5580000,0x00000000d6b00000)
  from space 2560K, 78% used [0x00000000d6b00000,0x00000000d6cf8000,0x00000000d6d80000)
  to   space 2560K, 0% used [0x00000000d6d80000,0x00000000d6d80000,0x00000000d7000000)
 ParOldGen       total 68608K, used 35339K [0x0000000080000000, 0x0000000084300000, 0x00000000d5580000)
  object space 68608K, 51% used [0x0000000080000000,0x0000000082282ed0,0x0000000084300000)
 Metaspace       used 47879K, committed 48960K, reserved 1114112K
  class space    used 5161K, committed 5632K, reserved 1048576K
}
Event: 12.832 GC heap before
{Heap before GC invocations=38 (full 2):
 PSYoungGen      total 24576K, used 24032K [0x00000000d5580000, 0x00000000d7000000, 0x0000000100000000)
  eden space 22016K, 100% used [0x00000000d5580000,0x00000000d6b00000,0x00000000d6b00000)
  from space 2560K, 78% used [0x00000000d6b00000,0x00000000d6cf8000,0x00000000d6d80000)
  to   space 2560K, 0% used [0x00000000d6d80000,0x00000000d6d80000,0x00000000d7000000)
 ParOldGen       total 68608K, used 35339K [0x0000000080000000, 0x0000000084300000, 0x00000000d5580000)
  object space 68608K, 51% used [0x0000000080000000,0x0000000082282ed0,0x0000000084300000)
 Metaspace       used 49618K, committed 50752K, reserved 1114112K
  class space    used 5328K, committed 5760K, reserved 1048576K
}
Event: 12.837 GC heap after
{Heap after GC invocations=38 (full 2):
 PSYoungGen      total 20992K, used 2528K [0x00000000d5580000, 0x00000000d7700000, 0x0000000100000000)
  eden space 18432K, 0% used [0x00000000d5580000,0x00000000d5580000,0x00000000d6780000)
  from space 2560K, 98% used [0x00000000d6d80000,0x00000000d6ff8300,0x00000000d7000000)
  to   space 6144K, 0% used [0x00000000d6780000,0x00000000d6780000,0x00000000d6d80000)
 ParOldGen       total 68608K, used 38196K [0x0000000080000000, 0x0000000084300000, 0x00000000d5580000)
  object space 68608K, 55% used [0x0000000080000000,0x000000008254d3c0,0x0000000084300000)
 Metaspace       used 49618K, committed 50752K, reserved 1114112K
  class space    used 5328K, committed 5760K, reserved 1048576K
}
Event: 13.163 GC heap before
{Heap before GC invocations=39 (full 2):
 PSYoungGen      total 20992K, used 20915K [0x00000000d5580000, 0x00000000d7700000, 0x0000000100000000)
  eden space 18432K, 99% used [0x00000000d5580000,0x00000000d6774b70,0x00000000d6780000)
  from space 2560K, 98% used [0x00000000d6d80000,0x00000000d6ff8300,0x00000000d7000000)
  to   space 6144K, 0% used [0x00000000d6780000,0x00000000d6780000,0x00000000d6d80000)
 ParOldGen       total 68608K, used 38196K [0x0000000080000000, 0x0000000084300000, 0x00000000d5580000)
  object space 68608K, 55% used [0x0000000080000000,0x000000008254d3c0,0x0000000084300000)
 Metaspace       used 51022K, committed 52160K, reserved 1114112K
  class space    used 5478K, committed 5952K, reserved 1048576K
}
Event: 13.166 GC heap after
{Heap after GC invocations=39 (full 2):
 PSYoungGen      total 19456K, used 608K [0x00000000d5580000, 0x00000000d6e00000, 0x0000000100000000)
  eden space 18432K, 0% used [0x00000000d5580000,0x00000000d5580000,0x00000000d6780000)
  from space 1024K, 59% used [0x00000000d6780000,0x00000000d6818000,0x00000000d6880000)
  to   space 2560K, 0% used [0x00000000d6b80000,0x00000000d6b80000,0x00000000d6e00000)
 ParOldGen       total 68608K, used 40720K [0x0000000080000000, 0x0000000084300000, 0x00000000d5580000)
  object space 68608K, 59% used [0x0000000080000000,0x00000000827c4020,0x0000000084300000)
 Metaspace       used 51022K, committed 52160K, reserved 1114112K
  class space    used 5478K, committed 5952K, reserved 1048576K
}
Event: 13.365 GC heap before
{Heap before GC invocations=40 (full 2):
 PSYoungGen      total 19456K, used 19040K [0x00000000d5580000, 0x00000000d6e00000, 0x0000000100000000)
  eden space 18432K, 100% used [0x00000000d5580000,0x00000000d6780000,0x00000000d6780000)
  from space 1024K, 59% used [0x00000000d6780000,0x00000000d6818000,0x00000000d6880000)
  to   space 2560K, 0% used [0x00000000d6b80000,0x00000000d6b80000,0x00000000d6e00000)
 ParOldGen       total 68608K, used 40720K [0x0000000080000000, 0x0000000084300000, 0x00000000d5580000)
  object space 68608K, 59% used [0x0000000080000000,0x00000000827c4020,0x0000000084300000)
 Metaspace       used 52058K, committed 53184K, reserved 1114112K
  class space    used 5568K, committed 6016K, reserved 1048576K
}
Event: 13.367 GC heap after
{Heap after GC invocations=40 (full 2):
 PSYoungGen      total 19968K, used 1447K [0x00000000d5580000, 0x00000000d6d00000, 0x0000000100000000)
  eden space 18432K, 0% used [0x00000000d5580000,0x00000000d5580000,0x00000000d6780000)
  from space 1536K, 94% used [0x00000000d6b80000,0x00000000d6ce9ee0,0x00000000d6d00000)
  to   space 2048K, 0% used [0x00000000d6900000,0x00000000d6900000,0x00000000d6b00000)
 ParOldGen       total 68608K, used 41107K [0x0000000080000000, 0x0000000084300000, 0x00000000d5580000)
  object space 68608K, 59% used [0x0000000080000000,0x0000000082824d00,0x0000000084300000)
 Metaspace       used 52058K, committed 53184K, reserved 1114112K
  class space    used 5568K, committed 6016K, reserved 1048576K
}
Event: 13.418 GC heap before
{Heap before GC invocations=41 (full 2):
 PSYoungGen      total 19968K, used 19879K [0x00000000d5580000, 0x00000000d6d00000, 0x0000000100000000)
  eden space 18432K, 100% used [0x00000000d5580000,0x00000000d6780000,0x00000000d6780000)
  from space 1536K, 94% used [0x00000000d6b80000,0x00000000d6ce9ee0,0x00000000d6d00000)
  to   space 2048K, 0% used [0x00000000d6900000,0x00000000d6900000,0x00000000d6b00000)
 ParOldGen       total 68608K, used 41107K [0x0000000080000000, 0x0000000084300000, 0x00000000d5580000)
  object space 68608K, 59% used [0x0000000080000000,0x0000000082824d00,0x0000000084300000)
 Metaspace       used 52088K, committed 53248K, reserved 1114112K
  class space    used 5568K, committed 6016K, reserved 1048576K
}
Event: 13.419 GC heap after
{Heap after GC invocations=41 (full 2):
 PSYoungGen      total 19456K, used 969K [0x00000000d5580000, 0x00000000d6c00000, 0x0000000100000000)
  eden space 18432K, 0% used [0x00000000d5580000,0x00000000d5580000,0x00000000d6780000)
  from space 1024K, 94% used [0x00000000d6900000,0x00000000d69f2780,0x00000000d6a00000)
  to   space 1536K, 0% used [0x00000000d6a80000,0x00000000d6a80000,0x00000000d6c00000)
 ParOldGen       total 68608K, used 42118K [0x0000000080000000, 0x0000000084300000, 0x00000000d5580000)
  object space 68608K, 61% used [0x0000000080000000,0x0000000082921ae0,0x0000000084300000)
 Metaspace       used 52088K, committed 53248K, reserved 1114112K
  class space    used 5568K, committed 6016K, reserved 1048576K
}
Event: 13.508 GC heap before
{Heap before GC invocations=42 (full 2):
 PSYoungGen      total 19456K, used 19401K [0x00000000d5580000, 0x00000000d6c00000, 0x0000000100000000)
  eden space 18432K, 100% used [0x00000000d5580000,0x00000000d6780000,0x00000000d6780000)
  from space 1024K, 94% used [0x00000000d6900000,0x00000000d69f2780,0x00000000d6a00000)
  to   space 1536K, 0% used [0x00000000d6a80000,0x00000000d6a80000,0x00000000d6c00000)
 ParOldGen       total 68608K, used 42118K [0x0000000080000000, 0x0000000084300000, 0x00000000d5580000)
  object space 68608K, 61% used [0x0000000080000000,0x0000000082921ae0,0x0000000084300000)
 Metaspace       used 52987K, committed 54080K, reserved 1114112K
  class space    used 5655K, committed 6080K, reserved 1048576K
}
Event: 13.509 GC heap after
{Heap after GC invocations=42 (full 2):
 PSYoungGen      total 18944K, used 352K [0x00000000d5580000, 0x00000000d6b00000, 0x0000000100000000)
  eden space 18432K, 0% used [0x00000000d5580000,0x00000000d5580000,0x00000000d6780000)
  from space 512K, 68% used [0x00000000d6a80000,0x00000000d6ad8000,0x00000000d6b00000)
  to   space 1024K, 0% used [0x00000000d6900000,0x00000000d6900000,0x00000000d6a00000)
 ParOldGen       total 68608K, used 42134K [0x0000000080000000, 0x0000000084300000, 0x00000000d5580000)
  object space 68608K, 61% used [0x0000000080000000,0x0000000082925ae0,0x0000000084300000)
 Metaspace       used 52987K, committed 54080K, reserved 1114112K
  class space    used 5655K, committed 6080K, reserved 1048576K
}

