# JRE version: OpenJDK Runtime Environment Temurin-21.0.9+10 (21.0.9+10) (build 21.0.9+10-LTS)
# Java VM: OpenJDK 64-Bit Server VM Temurin-21.0.9+10 (21.0.9+10-LTS, mixed mode, sharing, tiered, compressed oops, compressed class ptrs, parallel gc, windows-amd64)
GC Precious Log:
 CardTable entry size: 512
 CPUs: 16 total, 16 available
 Memory: 7514M
 Large Page Support: Disabled
 NUMA Support: Disabled
 Compressed Oops: Enabled (32-bit)
 Alignments: Space 512K, Generation 512K, Heap 2M
 Heap Min Capacity: 100M
 Heap Initial Capacity: 100M
 Heap Max Capacity: 2G
 Pre-touch: Disabled
 Parallel Workers: 13
Heap:
 PSYoungGen      total 12288K, used 8520K [0x00000000d5580000, 0x00000000d6580000, 0x0000000100000000)
  eden space 11264K, 66% used [0x00000000d5580000,0x00000000d5cd6198,0x00000000d6080000)
  from space 1024K, 98% used [0x00000000d6200000,0x00000000d62fc030,0x00000000d6300000)
  to   space 1536K, 0% used [0x00000000d6080000,0x00000000d6080000,0x00000000d6200000)
 ParOldGen       total 378880K, used 378626K [0x0000000080000000, 0x0000000097200000, 0x00000000d5580000)
  object space 378880K, 99% used [0x0000000080000000,0x00000000971c09d8,0x0000000097200000)
 Metaspace       used 61165K, committed 62528K, reserved 1114112K
  class space    used 6515K, committed 7104K, reserved 1048576K
GC Heap History (20 events):
Event: 40.809 GC heap before
{Heap before GC invocations=210 (full 3):
 PSYoungGen      total 5632K, used 5605K [0x00000000d5580000, 0x00000000d5f00000, 0x0000000100000000)
  eden space 3072K, 100% used [0x00000000d5580000,0x00000000d5880000,0x00000000d5880000)
  from space 2560K, 98% used [0x00000000d5b80000,0x00000000d5df9658,0x00000000d5e00000)
  to   space 3072K, 0% used [0x00000000d5880000,0x00000000d5880000,0x00000000d5b80000)
 ParOldGen       total 359936K, used 359635K [0x0000000080000000, 0x0000000095f80000, 0x00000000d5580000)
  object space 359936K, 99% used [0x0000000080000000,0x0000000095f34fc8,0x0000000095f80000)
 Metaspace       used 58266K, committed 59520K, reserved 1114112K
  class space    used 6164K, committed 6720K, reserved 1048576K
}
Event: 40.812 GC heap after
{Heap after GC invocations=210 (full 3):
 PSYoungGen      total 6144K, used 1184K [0x00000000d5580000, 0x00000000d5d80000, 0x0000000100000000)
  eden space 3072K, 0% used [0x00000000d5580000,0x00000000d5580000,0x00000000d5880000)
  from space 3072K, 38% used [0x00000000d5880000,0x00000000d59a8000,0x00000000d5b80000)
  to   space 2048K, 0% used [0x00000000d5b80000,0x00000000d5b80000,0x00000000d5d80000)
 ParOldGen       total 362496K, used 362314K [0x0000000080000000, 0x0000000096200000, 0x00000000d5580000)
  object space 362496K, 99% used [0x0000000080000000,0x00000000961d2a20,0x0000000096200000)
 Metaspace       used 58266K, committed 59520K, reserved 1114112K
  class space    used 6164K, committed 6720K, reserved 1048576K
}
Event: 40.815 GC heap before
{Heap before GC invocations=211 (full 3):
 PSYoungGen      total 6144K, used 4256K [0x00000000d5580000, 0x00000000d5d80000, 0x0000000100000000)
  eden space 3072K, 100% used [0x00000000d5580000,0x00000000d5880000,0x00000000d5880000)
  from space 3072K, 38% used [0x00000000d5880000,0x00000000d59a8000,0x00000000d5b80000)
  to   space 2048K, 0% used [0x00000000d5b80000,0x00000000d5b80000,0x00000000d5d80000)
 ParOldGen       total 362496K, used 362314K [0x0000000080000000, 0x0000000096200000, 0x00000000d5580000)
  object space 362496K, 99% used [0x0000000080000000,0x00000000961d2a20,0x0000000096200000)
 Metaspace       used 58266K, committed 59520K, reserved 1114112K
  class space    used 6164K, committed 6720K, reserved 1048576K
}
Event: 40.817 GC heap after
{Heap after GC invocations=211 (full 3):
 PSYoungGen      total 5632K, used 1152K [0x00000000d5580000, 0x00000000d5d00000, 0x0000000100000000)
  eden space 4096K, 0% used [0x00000000d5580000,0x00000000d5580000,0x00000000d5980000)
  from space 1536K, 75% used [0x00000000d5b80000,0x00000000d5ca0000,0x00000000d5d00000)
  to   space 1536K, 0% used [0x00000000d5a00000,0x00000000d5a00000,0x00000000d5b80000)
 ParOldGen       total 363520K, used 363370K [0x0000000080000000, 0x0000000096300000, 0x00000000d5580000)
  object space 363520K, 99% used [0x0000000080000000,0x00000000962daa20,0x0000000096300000)
 Metaspace       used 58266K, committed 59520K, reserved 1114112K
  class space    used 6164K, committed 6720K, reserved 1048576K
}
Event: 40.829 GC heap before
{Heap before GC invocations=212 (full 3):
 PSYoungGen      total 5632K, used 5248K [0x00000000d5580000, 0x00000000d5d00000, 0x0000000100000000)
  eden space 4096K, 100% used [0x00000000d5580000,0x00000000d5980000,0x00000000d5980000)
  from space 1536K, 75% used [0x00000000d5b80000,0x00000000d5ca0000,0x00000000d5d00000)
  to   space 1536K, 0% used [0x00000000d5a00000,0x00000000d5a00000,0x00000000d5b80000)
 ParOldGen       total 363520K, used 363370K [0x0000000080000000, 0x0000000096300000, 0x00000000d5580000)
  object space 363520K, 99% used [0x0000000080000000,0x00000000962daa20,0x0000000096300000)
 Metaspace       used 58270K, committed 59520K, reserved 1114112K
  class space    used 6165K, committed 6720K, reserved 1048576K
}
Event: 40.833 GC heap after
{Heap after GC invocations=212 (full 3):
 PSYoungGen      total 6144K, used 1525K [0x00000000d5580000, 0x00000000d6580000, 0x0000000100000000)
  eden space 4608K, 0% used [0x00000000d5580000,0x00000000d5580000,0x00000000d5a00000)
  from space 1536K, 99% used [0x00000000d5a00000,0x00000000d5b7d4d0,0x00000000d5b80000)
  to   space 5632K, 0% used [0x00000000d6000000,0x00000000d6000000,0x00000000d6580000)
 ParOldGen       total 367104K, used 366810K [0x0000000080000000, 0x0000000096680000, 0x00000000d5580000)
  object space 367104K, 99% used [0x0000000080000000,0x0000000096636a20,0x0000000096680000)
 Metaspace       used 58270K, committed 59520K, reserved 1114112K
  class space    used 6165K, committed 6720K, reserved 1048576K
}
Event: 40.846 GC heap before
{Heap before GC invocations=213 (full 3):
 PSYoungGen      total 6144K, used 6133K [0x00000000d5580000, 0x00000000d6580000, 0x0000000100000000)
  eden space 4608K, 100% used [0x00000000d5580000,0x00000000d5a00000,0x00000000d5a00000)
  from space 1536K, 99% used [0x00000000d5a00000,0x00000000d5b7d4d0,0x00000000d5b80000)
  to   space 5632K, 0% used [0x00000000d6000000,0x00000000d6000000,0x00000000d6580000)
 ParOldGen       total 367104K, used 366810K [0x0000000080000000, 0x0000000096680000, 0x00000000d5580000)
  object space 367104K, 99% used [0x0000000080000000,0x0000000096636a20,0x0000000096680000)
 Metaspace       used 58277K, committed 59520K, reserved 1114112K
  class space    used 6165K, committed 6720K, reserved 1048576K
}
Event: 40.850 GC heap after
{Heap after GC invocations=213 (full 3):
 PSYoungGen      total 10752K, used 4709K [0x00000000d5580000, 0x00000000d6500000, 0x0000000100000000)
  eden space 5632K, 0% used [0x00000000d5580000,0x00000000d5580000,0x00000000d5b00000)
  from space 5120K, 91% used [0x00000000d6000000,0x00000000d64997b0,0x00000000d6500000)
  to   space 5120K, 0% used [0x00000000d5b00000,0x00000000d5b00000,0x00000000d6000000)
 ParOldGen       total 368640K, used 368504K [0x0000000080000000, 0x0000000096800000, 0x00000000d5580000)
  object space 368640K, 99% used [0x0000000080000000,0x00000000967de260,0x0000000096800000)
 Metaspace       used 58277K, committed 59520K, reserved 1114112K
  class space    used 6165K, committed 6720K, reserved 1048576K
}
Event: 40.866 GC heap before
{Heap before GC invocations=214 (full 3):
 PSYoungGen      total 10752K, used 10341K [0x00000000d5580000, 0x00000000d6500000, 0x0000000100000000)
  eden space 5632K, 100% used [0x00000000d5580000,0x00000000d5b00000,0x00000000d5b00000)
  from space 5120K, 91% used [0x00000000d6000000,0x00000000d64997b0,0x00000000d6500000)
  to   space 5120K, 0% used [0x00000000d5b00000,0x00000000d5b00000,0x00000000d6000000)
 ParOldGen       total 368640K, used 368504K [0x0000000080000000, 0x0000000096800000, 0x00000000d5580000)
  object space 368640K, 99% used [0x0000000080000000,0x00000000967de260,0x0000000096800000)
 Metaspace       used 58293K, committed 59584K, reserved 1114112K
  class space    used 6165K, committed 6720K, reserved 1048576K
}
Event: 40.870 GC heap after
{Heap after GC invocations=214 (full 3):
 PSYoungGen      total 10752K, used 5112K [0x00000000d5580000, 0x00000000d6d00000, 0x0000000100000000)
  eden space 5632K, 0% used [0x00000000d5580000,0x00000000d5580000,0x00000000d5b00000)
  from space 5120K, 99% used [0x00000000d5b00000,0x00000000d5ffe368,0x00000000d6000000)
  to   space 8704K, 0% used [0x00000000d6480000,0x00000000d6480000,0x00000000d6d00000)
 ParOldGen       total 371712K, used 371287K [0x0000000080000000, 0x0000000096b00000, 0x00000000d5580000)
  object space 371712K, 99% used [0x0000000080000000,0x0000000096a95d30,0x0000000096b00000)
 Metaspace       used 58293K, committed 59584K, reserved 1114112K
  class space    used 6165K, committed 6720K, reserved 1048576K
}
Event: 40.917 GC heap before
{Heap before GC invocations=215 (full 3):
 PSYoungGen      total 10752K, used 10744K [0x00000000d5580000, 0x00000000d6d00000, 0x0000000100000000)
  eden space 5632K, 99% used [0x00000000d5580000,0x00000000d5afffc0,0x00000000d5b00000)
  from space 5120K, 99% used [0x00000000d5b00000,0x00000000d5ffe368,0x00000000d6000000)
  to   space 8704K, 0% used [0x00000000d6480000,0x00000000d6480000,0x00000000d6d00000)
 ParOldGen       total 371712K, used 371287K [0x0000000080000000, 0x0000000096b00000, 0x00000000d5580000)
  object space 371712K, 99% used [0x0000000080000000,0x0000000096a95d30,0x0000000096b00000)
 Metaspace       used 58394K, committed 59712K, reserved 1114112K
  class space    used 6183K, committed 6784K, reserved 1048576K
}
Event: 40.921 GC heap after
{Heap after GC invocations=215 (full 3):
 PSYoungGen      total 9216K, used 2242K [0x00000000d5580000, 0x00000000d6700000, 0x0000000100000000)
  eden space 6656K, 0% used [0x00000000d5580000,0x00000000d5580000,0x00000000d5c00000)
  from space 2560K, 87% used [0x00000000d6480000,0x00000000d66b0908,0x00000000d6700000)
  to   space 4608K, 0% used [0x00000000d5e00000,0x00000000d5e00000,0x00000000d6280000)
 ParOldGen       total 375808K, used 375420K [0x0000000080000000, 0x0000000096f00000, 0x00000000d5580000)
  object space 375808K, 99% used [0x0000000080000000,0x0000000096e9f218,0x0000000096f00000)
 Metaspace       used 58394K, committed 59712K, reserved 1114112K
  class space    used 6183K, committed 6784K, reserved 1048576K
}
Event: 40.961 GC heap before
{Heap before GC invocations=216 (full 3):
 PSYoungGen      total 9216K, used 8896K [0x00000000d5580000, 0x00000000d6700000, 0x0000000100000000)
  eden space 6656K, 99% used [0x00000000d5580000,0x00000000d5bff8d0,0x00000000d5c00000)
  from space 2560K, 87% used [0x00000000d6480000,0x00000000d66b0908,0x00000000d6700000)
  to   space 4608K, 0% used [0x00000000d5e00000,0x00000000d5e00000,0x00000000d6280000)
 ParOldGen       total 375808K, used 375420K [0x0000000080000000, 0x0000000096f00000, 0x00000000d5580000)
  object space 375808K, 99% used [0x0000000080000000,0x0000000096e9f218,0x0000000096f00000)
 Metaspace       used 58735K, committed 60032K, reserved 1114112K
  class space    used 6238K, committed 6784K, reserved 1048576K
}
Event: 41.974 GC heap after
{Heap after GC invocations=216 (full 3):
 PSYoungGen      total 12800K, used 1379K [0x00000000d5580000, 0x00000000d6500000, 0x0000000100000000)
  eden space 8192K, 0% used [0x00000000d5580000,0x00000000d5580000,0x00000000d5d80000)
  from space 4608K, 29% used [0x00000000d5e00000,0x00000000d5f58f08,0x00000000d6280000)
  to   space 2560K, 0% used [0x00000000d6280000,0x00000000d6280000,0x00000000d6500000)
 ParOldGen       total 377344K, used 377323K [0x0000000080000000, 0x0000000097080000, 0x00000000d5580000)
  object space 377344K, 99% used [0x0000000080000000,0x000000009707ac30,0x0000000097080000)
 Metaspace       used 58735K, committed 60032K, reserved 1114112K
  class space    used 6238K, committed 6784K, reserved 1048576K
}
Event: 43.066 GC heap before
{Heap before GC invocations=217 (full 3):
 PSYoungGen      total 12800K, used 9557K [0x00000000d5580000, 0x00000000d6500000, 0x0000000100000000)
  eden space 8192K, 99% used [0x00000000d5580000,0x00000000d5d7c550,0x00000000d5d80000)
  from space 4608K, 29% used [0x00000000d5e00000,0x00000000d5f58f08,0x00000000d6280000)
  to   space 2560K, 0% used [0x00000000d6280000,0x00000000d6280000,0x00000000d6500000)
 ParOldGen       total 377344K, used 377323K [0x0000000080000000, 0x0000000097080000, 0x00000000d5580000)
  object space 377344K, 99% used [0x0000000080000000,0x000000009707ac30,0x0000000097080000)
 Metaspace       used 59550K, committed 60928K, reserved 1114112K
  class space    used 6331K, committed 6912K, reserved 1048576K
}
Event: 43.068 GC heap after
{Heap after GC invocations=217 (full 3):
 PSYoungGen      total 10752K, used 666K [0x00000000d5580000, 0x00000000d6380000, 0x0000000100000000)
  eden space 9728K, 0% used [0x00000000d5580000,0x00000000d5580000,0x00000000d5f00000)
  from space 1024K, 65% used [0x00000000d6280000,0x00000000d6326a40,0x00000000d6380000)
  to   space 1536K, 0% used [0x00000000d6080000,0x00000000d6080000,0x00000000d6200000)
 ParOldGen       total 378368K, used 378171K [0x0000000080000000, 0x0000000097180000, 0x00000000d5580000)
  object space 378368K, 99% used [0x0000000080000000,0x000000009714ec58,0x0000000097180000)
 Metaspace       used 59550K, committed 60928K, reserved 1114112K
  class space    used 6331K, committed 6912K, reserved 1048576K
}
Event: 43.181 GC heap before
{Heap before GC invocations=218 (full 3):
 PSYoungGen      total 10752K, used 10380K [0x00000000d5580000, 0x00000000d6380000, 0x0000000100000000)
  eden space 9728K, 99% used [0x00000000d5580000,0x00000000d5efc5d8,0x00000000d5f00000)
  from space 1024K, 65% used [0x00000000d6280000,0x00000000d6326a40,0x00000000d6380000)
  to   space 1536K, 0% used [0x00000000d6080000,0x00000000d6080000,0x00000000d6200000)
 ParOldGen       total 378368K, used 378171K [0x0000000080000000, 0x0000000097180000, 0x00000000d5580000)
  object space 378368K, 99% used [0x0000000080000000,0x000000009714ec58,0x0000000097180000)
 Metaspace       used 60342K, committed 61760K, reserved 1114112K
  class space    used 6440K, committed 7040K, reserved 1048576K
}
Event: 43.184 GC heap after
{Heap after GC invocations=218 (full 3):
 PSYoungGen      total 12800K, used 895K [0x00000000d5580000, 0x00000000d6300000, 0x0000000100000000)
  eden space 11264K, 0% used [0x00000000d5580000,0x00000000d5580000,0x00000000d6080000)
  from space 1536K, 58% used [0x00000000d6080000,0x00000000d615fd28,0x00000000d6200000)
  to   space 1024K, 0% used [0x00000000d6200000,0x00000000d6200000,0x00000000d6300000)
 ParOldGen       total 378880K, used 378418K [0x0000000080000000, 0x0000000097200000, 0x00000000d5580000)
  object space 378880K, 99% used [0x0000000080000000,0x000000009718c9d8,0x0000000097200000)
 Metaspace       used 60342K, committed 61760K, reserved 1114112K
  class space    used 6440K, committed 7040K, reserved 1048576K
}
Event: 45.302 GC heap before
{Heap before GC invocations=219 (full 3):
 PSYoungGen      total 12800K, used 12159K [0x00000000d5580000, 0x00000000d6300000, 0x0000000100000000)
  eden space 11264K, 100% used [0x00000000d5580000,0x00000000d6080000,0x00000000d6080000)
  from space 1536K, 58% used [0x00000000d6080000,0x00000000d615fd28,0x00000000d6200000)
  to   space 1024K, 0% used [0x00000000d6200000,0x00000000d6200000,0x00000000d6300000)
 ParOldGen       total 378880K, used 378418K [0x0000000080000000, 0x0000000097200000, 0x00000000d5580000)
  object space 378880K, 99% used [0x0000000080000000,0x000000009718c9d8,0x0000000097200000)
 Metaspace       used 61026K, committed 62336K, reserved 1114112K
  class space    used 6501K, committed 7040K, reserved 1048576K
}
Event: 47.331 GC heap after
{Heap after GC invocations=219 (full 3):
 PSYoungGen      total 12288K, used 1008K [0x00000000d5580000, 0x00000000d6580000, 0x0000000100000000)
  eden space 11264K, 0% used [0x00000000d5580000,0x00000000d5580000,0x00000000d6080000)
  from space 1024K, 98% used [0x00000000d6200000,0x00000000d62fc030,0x00000000d6300000)
  to   space 1536K, 0% used [0x00000000d6080000,0x00000000d6080000,0x00000000d6200000)
 ParOldGen       total 378880K, used 378626K [0x0000000080000000, 0x0000000097200000, 0x00000000d5580000)
  object space 378880K, 99% used [0x0000000080000000,0x00000000971c09d8,0x0000000097200000)
 Metaspace       used 61026K, committed 62336K, reserved 1114112K
  class space    used 6501K, committed 7040K, reserved 1048576K
}

