# JRE version: OpenJDK Runtime Environment Temurin-21.0.9+10 (21.0.9+10) (build 21.0.9+10-LTS)
# Java VM: OpenJDK 64-Bit Server VM Temurin-21.0.9+10 (21.0.9+10-LTS, mixed mode, sharing, tiered, compressed oops, compressed class ptrs, parallel gc, windows-amd64)
GC Precious Log:
 CardTable entry size: 512
 CPUs: 16 total, 16 available
 Memory: 7514M
 Large Page Support: Disabled
 NUMA Support: Disabled
 Compressed Oops: Enabled (32-bit)
 Alignments: Space 512K, Generation 512K, Heap 2M
 Heap Min Capacity: 100M
 Heap Initial Capacity: 100M
 Heap Max Capacity: 2G
 Pre-touch: Disabled
 Parallel Workers: 13
Heap:
 PSYoungGen      total 15360K, used 5105K [0x00000000d5580000, 0x00000000d6e00000, 0x0000000100000000)
  eden space 14336K, 28% used [0x00000000d5580000,0x00000000d5984470,0x00000000d6380000)
  from space 1024K, 96% used [0x00000000d6c80000,0x00000000d6d78020,0x00000000d6d80000)
  to   space 512K, 0% used [0x00000000d6d80000,0x00000000d6d80000,0x00000000d6e00000)
 ParOldGen       total 151552K, used 151067K [0x0000000080000000, 0x0000000089400000, 0x00000000d5580000)
  object space 151552K, 99% used [0x0000000080000000,0x0000000089386d08,0x0000000089400000)
 Metaspace       used 70059K, committed 71616K, reserved 1114112K
  class space    used 7452K, committed 8128K, reserved 1048576K
GC Heap History (20 events):
Event: 36.069 GC heap before
{Heap before GC invocations=55 (full 3):
 PSYoungGen      total 15872K, used 15857K [0x00000000d5580000, 0x00000000d7680000, 0x0000000100000000)
  eden space 14336K, 100% used [0x00000000d5580000,0x00000000d6380000,0x00000000d6380000)
  from space 1536K, 99% used [0x00000000d6700000,0x00000000d687c598,0x00000000d6880000)
  to   space 9728K, 0% used [0x00000000d6d00000,0x00000000d6d00000,0x00000000d7680000)
 ParOldGen       total 109056K, used 108742K [0x0000000080000000, 0x0000000086a80000, 0x00000000d5580000)
  object space 109056K, 99% used [0x0000000080000000,0x0000000086a31b78,0x0000000086a80000)
 Metaspace       used 62627K, committed 64064K, reserved 1114112K
  class space    used 6619K, committed 7232K, reserved 1048576K
}
Event: 36.077 GC heap after
{Heap after GC invocations=55 (full 3):
 PSYoungGen      total 23040K, used 8480K [0x00000000d5580000, 0x00000000d7580000, 0x0000000100000000)
  eden space 14336K, 0% used [0x00000000d5580000,0x00000000d5580000,0x00000000d6380000)
  from space 8704K, 97% used [0x00000000d6d00000,0x00000000d7548078,0x00000000d7580000)
  to   space 9216K, 0% used [0x00000000d6380000,0x00000000d6380000,0x00000000d6c80000)
 ParOldGen       total 110080K, used 109922K [0x0000000080000000, 0x0000000086b80000, 0x00000000d5580000)
  object space 110080K, 99% used [0x0000000080000000,0x0000000086b589b8,0x0000000086b80000)
 Metaspace       used 62627K, committed 64064K, reserved 1114112K
  class space    used 6619K, committed 7232K, reserved 1048576K
}
Event: 36.116 GC heap before
{Heap before GC invocations=56 (full 3):
 PSYoungGen      total 23040K, used 22816K [0x00000000d5580000, 0x00000000d7580000, 0x0000000100000000)
  eden space 14336K, 100% used [0x00000000d5580000,0x00000000d6380000,0x00000000d6380000)
  from space 8704K, 97% used [0x00000000d6d00000,0x00000000d7548078,0x00000000d7580000)
  to   space 9216K, 0% used [0x00000000d6380000,0x00000000d6380000,0x00000000d6c80000)
 ParOldGen       total 110080K, used 109922K [0x0000000080000000, 0x0000000086b80000, 0x00000000d5580000)
  object space 110080K, 99% used [0x0000000080000000,0x0000000086b589b8,0x0000000086b80000)
 Metaspace       used 62866K, committed 64320K, reserved 1114112K
  class space    used 6634K, committed 7296K, reserved 1048576K
}
Event: 36.127 GC heap after
{Heap after GC invocations=56 (full 3):
 PSYoungGen      total 23552K, used 9216K [0x00000000d5580000, 0x00000000d8980000, 0x0000000100000000)
  eden space 14336K, 0% used [0x00000000d5580000,0x00000000d5580000,0x00000000d6380000)
  from space 9216K, 100% used [0x00000000d6380000,0x00000000d6c80000,0x00000000d6c80000)
  to   space 19456K, 0% used [0x00000000d7680000,0x00000000d7680000,0x00000000d8980000)
 ParOldGen       total 118784K, used 118283K [0x0000000080000000, 0x0000000087400000, 0x00000000d5580000)
  object space 118784K, 99% used [0x0000000080000000,0x0000000087382d60,0x0000000087400000)
 Metaspace       used 62866K, committed 64320K, reserved 1114112K
  class space    used 6634K, committed 7296K, reserved 1048576K
}
Event: 36.166 GC heap before
{Heap before GC invocations=57 (full 3):
 PSYoungGen      total 23552K, used 23552K [0x00000000d5580000, 0x00000000d8980000, 0x0000000100000000)
  eden space 14336K, 100% used [0x00000000d5580000,0x00000000d6380000,0x00000000d6380000)
  from space 9216K, 100% used [0x00000000d6380000,0x00000000d6c80000,0x00000000d6c80000)
  to   space 19456K, 0% used [0x00000000d7680000,0x00000000d7680000,0x00000000d8980000)
 ParOldGen       total 118784K, used 118283K [0x0000000080000000, 0x0000000087400000, 0x00000000d5580000)
  object space 118784K, 99% used [0x0000000080000000,0x0000000087382d60,0x0000000087400000)
 Metaspace       used 63059K, committed 64512K, reserved 1114112K
  class space    used 6654K, committed 7296K, reserved 1048576K
}
Event: 36.186 GC heap after
{Heap after GC invocations=57 (full 3):
 PSYoungGen      total 24576K, used 9952K [0x00000000d5580000, 0x00000000d8080000, 0x0000000100000000)
  eden space 14336K, 0% used [0x00000000d5580000,0x00000000d5580000,0x00000000d6380000)
  from space 10240K, 97% used [0x00000000d7680000,0x00000000d8038000,0x00000000d8080000)
  to   space 12800K, 0% used [0x00000000d6780000,0x00000000d6780000,0x00000000d7400000)
 ParOldGen       total 127488K, used 127459K [0x0000000080000000, 0x0000000087c80000, 0x00000000d5580000)
  object space 127488K, 99% used [0x0000000080000000,0x0000000087c78d60,0x0000000087c80000)
 Metaspace       used 63059K, committed 64512K, reserved 1114112K
  class space    used 6654K, committed 7296K, reserved 1048576K
}
Event: 36.247 GC heap before
{Heap before GC invocations=58 (full 3):
 PSYoungGen      total 24576K, used 24288K [0x00000000d5580000, 0x00000000d8080000, 0x0000000100000000)
  eden space 14336K, 100% used [0x00000000d5580000,0x00000000d6380000,0x00000000d6380000)
  from space 10240K, 97% used [0x00000000d7680000,0x00000000d8038000,0x00000000d8080000)
  to   space 12800K, 0% used [0x00000000d6780000,0x00000000d6780000,0x00000000d7400000)
 ParOldGen       total 127488K, used 127459K [0x0000000080000000, 0x0000000087c80000, 0x00000000d5580000)
  object space 127488K, 99% used [0x0000000080000000,0x0000000087c78d60,0x0000000087c80000)
 Metaspace       used 63609K, committed 65024K, reserved 1114112K
  class space    used 6689K, committed 7296K, reserved 1048576K
}
Event: 36.259 GC heap after
{Heap after GC invocations=58 (full 3):
 PSYoungGen      total 23040K, used 8608K [0x00000000d5580000, 0x00000000d7700000, 0x0000000100000000)
  eden space 14336K, 0% used [0x00000000d5580000,0x00000000d5580000,0x00000000d6380000)
  from space 8704K, 98% used [0x00000000d6780000,0x00000000d6fe8000,0x00000000d7000000)
  to   space 7168K, 0% used [0x00000000d7000000,0x00000000d7000000,0x00000000d7700000)
 ParOldGen       total 137216K, used 137179K [0x0000000080000000, 0x0000000088600000, 0x00000000d5580000)
  object space 137216K, 99% used [0x0000000080000000,0x00000000885f6d60,0x0000000088600000)
 Metaspace       used 63609K, committed 65024K, reserved 1114112K
  class space    used 6689K, committed 7296K, reserved 1048576K
}
Event: 36.459 GC heap before
{Heap before GC invocations=59 (full 3):
 PSYoungGen      total 23040K, used 22943K [0x00000000d5580000, 0x00000000d7700000, 0x0000000100000000)
  eden space 14336K, 99% used [0x00000000d5580000,0x00000000d637fff8,0x00000000d6380000)
  from space 8704K, 98% used [0x00000000d6780000,0x00000000d6fe8000,0x00000000d7000000)
  to   space 7168K, 0% used [0x00000000d7000000,0x00000000d7000000,0x00000000d7700000)
 ParOldGen       total 137216K, used 137179K [0x0000000080000000, 0x0000000088600000, 0x00000000d5580000)
  object space 137216K, 99% used [0x0000000080000000,0x00000000885f6d60,0x0000000088600000)
 Metaspace       used 64691K, committed 66176K, reserved 1114112K
  class space    used 6780K, committed 7424K, reserved 1048576K
}
Event: 36.467 GC heap after
{Heap after GC invocations=59 (full 3):
 PSYoungGen      total 16384K, used 1714K [0x00000000d5580000, 0x00000000d7200000, 0x0000000100000000)
  eden space 14336K, 0% used [0x00000000d5580000,0x00000000d5580000,0x00000000d6380000)
  from space 2048K, 83% used [0x00000000d7000000,0x00000000d71ac888,0x00000000d7200000)
  to   space 4608K, 0% used [0x00000000d6900000,0x00000000d6900000,0x00000000d6d80000)
 ParOldGen       total 145920K, used 145595K [0x0000000080000000, 0x0000000088e80000, 0x00000000d5580000)
  object space 145920K, 99% used [0x0000000080000000,0x0000000088e2ed60,0x0000000088e80000)
 Metaspace       used 64691K, committed 66176K, reserved 1114112K
  class space    used 6780K, committed 7424K, reserved 1048576K
}
Event: 36.616 GC heap before
{Heap before GC invocations=60 (full 3):
 PSYoungGen      total 16384K, used 16043K [0x00000000d5580000, 0x00000000d7200000, 0x0000000100000000)
  eden space 14336K, 99% used [0x00000000d5580000,0x00000000d637e520,0x00000000d6380000)
  from space 2048K, 83% used [0x00000000d7000000,0x00000000d71ac888,0x00000000d7200000)
  to   space 4608K, 0% used [0x00000000d6900000,0x00000000d6900000,0x00000000d6d80000)
 ParOldGen       total 145920K, used 145595K [0x0000000080000000, 0x0000000088e80000, 0x00000000d5580000)
  object space 145920K, 99% used [0x0000000080000000,0x0000000088e2ed60,0x0000000088e80000)
 Metaspace       used 65635K, committed 67072K, reserved 1114112K
  class space    used 6898K, committed 7552K, reserved 1048576K
}
Event: 36.619 GC heap after
{Heap after GC invocations=60 (full 3):
 PSYoungGen      total 18944K, used 2078K [0x00000000d5580000, 0x00000000d7080000, 0x0000000100000000)
  eden space 14336K, 0% used [0x00000000d5580000,0x00000000d5580000,0x00000000d6380000)
  from space 4608K, 45% used [0x00000000d6900000,0x00000000d6b07bc0,0x00000000d6d80000)
  to   space 2560K, 0% used [0x00000000d6e00000,0x00000000d6e00000,0x00000000d7080000)
 ParOldGen       total 146432K, used 146328K [0x0000000080000000, 0x0000000088f00000, 0x00000000d5580000)
  object space 146432K, 99% used [0x0000000080000000,0x0000000088ee60a8,0x0000000088f00000)
 Metaspace       used 65635K, committed 67072K, reserved 1114112K
  class space    used 6898K, committed 7552K, reserved 1048576K
}
Event: 36.831 GC heap before
{Heap before GC invocations=61 (full 3):
 PSYoungGen      total 18944K, used 16414K [0x00000000d5580000, 0x00000000d7080000, 0x0000000100000000)
  eden space 14336K, 100% used [0x00000000d5580000,0x00000000d6380000,0x00000000d6380000)
  from space 4608K, 45% used [0x00000000d6900000,0x00000000d6b07bc0,0x00000000d6d80000)
  to   space 2560K, 0% used [0x00000000d6e00000,0x00000000d6e00000,0x00000000d7080000)
 ParOldGen       total 146432K, used 146328K [0x0000000080000000, 0x0000000088f00000, 0x00000000d5580000)
  object space 146432K, 99% used [0x0000000080000000,0x0000000088ee60a8,0x0000000088f00000)
 Metaspace       used 66425K, committed 67968K, reserved 1114112K
  class space    used 6978K, committed 7616K, reserved 1048576K
}
Event: 36.835 GC heap after
{Heap after GC invocations=61 (full 3):
 PSYoungGen      total 16384K, used 1668K [0x00000000d5580000, 0x00000000d7000000, 0x0000000100000000)
  eden space 14336K, 0% used [0x00000000d5580000,0x00000000d5580000,0x00000000d6380000)
  from space 2048K, 81% used [0x00000000d6e00000,0x00000000d6fa1068,0x00000000d7000000)
  to   space 2048K, 0% used [0x00000000d6c00000,0x00000000d6c00000,0x00000000d6e00000)
 ParOldGen       total 148480K, used 148082K [0x0000000080000000, 0x0000000089100000, 0x00000000d5580000)
  object space 148480K, 99% used [0x0000000080000000,0x000000008909c8b0,0x0000000089100000)
 Metaspace       used 66425K, committed 67968K, reserved 1114112K
  class space    used 6978K, committed 7616K, reserved 1048576K
}
Event: 37.260 GC heap before
{Heap before GC invocations=62 (full 3):
 PSYoungGen      total 16384K, used 16004K [0x00000000d5580000, 0x00000000d7000000, 0x0000000100000000)
  eden space 14336K, 100% used [0x00000000d5580000,0x00000000d6380000,0x00000000d6380000)
  from space 2048K, 81% used [0x00000000d6e00000,0x00000000d6fa1068,0x00000000d7000000)
  to   space 2048K, 0% used [0x00000000d6c00000,0x00000000d6c00000,0x00000000d6e00000)
 ParOldGen       total 148480K, used 148082K [0x0000000080000000, 0x0000000089100000, 0x00000000d5580000)
  object space 148480K, 99% used [0x0000000080000000,0x000000008909c8b0,0x0000000089100000)
 Metaspace       used 67801K, committed 69312K, reserved 1114112K
  class space    used 7095K, committed 7744K, reserved 1048576K
}
Event: 37.262 GC heap after
{Heap after GC invocations=62 (full 3):
 PSYoungGen      total 15872K, used 1354K [0x00000000d5580000, 0x00000000d6e80000, 0x0000000100000000)
  eden space 14336K, 0% used [0x00000000d5580000,0x00000000d5580000,0x00000000d6380000)
  from space 1536K, 88% used [0x00000000d6c00000,0x00000000d6d528d0,0x00000000d6d80000)
  to   space 1024K, 0% used [0x00000000d6d80000,0x00000000d6d80000,0x00000000d6e80000)
 ParOldGen       total 150016K, used 149530K [0x0000000080000000, 0x0000000089280000, 0x00000000d5580000)
  object space 150016K, 99% used [0x0000000080000000,0x0000000089206ad0,0x0000000089280000)
 Metaspace       used 67801K, committed 69312K, reserved 1114112K
  class space    used 7095K, committed 7744K, reserved 1048576K
}
Event: 37.406 GC heap before
{Heap before GC invocations=63 (full 3):
 PSYoungGen      total 15872K, used 15690K [0x00000000d5580000, 0x00000000d6e80000, 0x0000000100000000)
  eden space 14336K, 100% used [0x00000000d5580000,0x00000000d6380000,0x00000000d6380000)
  from space 1536K, 88% used [0x00000000d6c00000,0x00000000d6d528d0,0x00000000d6d80000)
  to   space 1024K, 0% used [0x00000000d6d80000,0x00000000d6d80000,0x00000000d6e80000)
 ParOldGen       total 150016K, used 149530K [0x0000000080000000, 0x0000000089280000, 0x00000000d5580000)
  object space 150016K, 99% used [0x0000000080000000,0x0000000089206ad0,0x0000000089280000)
 Metaspace       used 69187K, committed 70720K, reserved 1114112K
  class space    used 7340K, committed 8000K, reserved 1048576K
}
Event: 37.407 GC heap after
{Heap after GC invocations=63 (full 3):
 PSYoungGen      total 15360K, used 576K [0x00000000d5580000, 0x00000000d6e80000, 0x0000000100000000)
  eden space 14336K, 0% used [0x00000000d5580000,0x00000000d5580000,0x00000000d6380000)
  from space 1024K, 56% used [0x00000000d6d80000,0x00000000d6e10020,0x00000000d6e80000)
  to   space 1024K, 0% used [0x00000000d6c80000,0x00000000d6c80000,0x00000000d6d80000)
 ParOldGen       total 151040K, used 150707K [0x0000000080000000, 0x0000000089380000, 0x00000000d5580000)
  object space 151040K, 99% used [0x0000000080000000,0x000000008932cc98,0x0000000089380000)
 Metaspace       used 69187K, committed 70720K, reserved 1114112K
  class space    used 7340K, committed 8000K, reserved 1048576K
}
Event: 38.641 GC heap before
{Heap before GC invocations=64 (full 3):
 PSYoungGen      total 15360K, used 14912K [0x00000000d5580000, 0x00000000d6e80000, 0x0000000100000000)
  eden space 14336K, 100% used [0x00000000d5580000,0x00000000d6380000,0x00000000d6380000)
  from space 1024K, 56% used [0x00000000d6d80000,0x00000000d6e10020,0x00000000d6e80000)
  to   space 1024K, 0% used [0x00000000d6c80000,0x00000000d6c80000,0x00000000d6d80000)
 ParOldGen       total 151040K, used 150707K [0x0000000080000000, 0x0000000089380000, 0x00000000d5580000)
  object space 151040K, 99% used [0x0000000080000000,0x000000008932cc98,0x0000000089380000)
 Metaspace       used 70017K, committed 71552K, reserved 1114112K
  class space    used 7451K, committed 8128K, reserved 1048576K
}
Event: 38.642 GC heap after
{Heap after GC invocations=64 (full 3):
 PSYoungGen      total 15360K, used 992K [0x00000000d5580000, 0x00000000d6e00000, 0x0000000100000000)
  eden space 14336K, 0% used [0x00000000d5580000,0x00000000d5580000,0x00000000d6380000)
  from space 1024K, 96% used [0x00000000d6c80000,0x00000000d6d78020,0x00000000d6d80000)
  to   space 512K, 0% used [0x00000000d6d80000,0x00000000d6d80000,0x00000000d6e00000)
 ParOldGen       total 151552K, used 151067K [0x0000000080000000, 0x0000000089400000, 0x00000000d5580000)
  object space 151552K, 99% used [0x0000000080000000,0x0000000089386d08,0x0000000089400000)
 Metaspace       used 70017K, committed 71552K, reserved 1114112K
  class space    used 7451K, committed 8128K, reserved 1048576K
}

