# JRE version: OpenJDK Runtime Environment Temurin-21.0.9+10 (21.0.9+10) (build 21.0.9+10-LTS)
# Java VM: OpenJDK 64-Bit Server VM Temurin-21.0.9+10 (21.0.9+10-LTS, mixed mode, sharing, tiered, compressed oops, compressed class ptrs, parallel gc, windows-amd64)
GC Precious Log:
 CardTable entry size: 512
 CPUs: 16 total, 16 available
 Memory: 7514M
 Large Page Support: Disabled
 NUMA Support: Disabled
 Compressed Oops: Enabled (32-bit)
 Alignments: Space 512K, Generation 512K, Heap 2M
 Heap Min Capacity: 100M
 Heap Initial Capacity: 100M
 Heap Max Capacity: 2G
 Pre-touch: Disabled
 Parallel Workers: 13
Heap:
 PSYoungGen      total 21504K, used 4426K [0x00000000d5580000, 0x00000000d6e00000, 0x0000000100000000)
  eden space 20480K, 17% used [0x00000000d5580000,0x00000000d5902c30,0x00000000d6980000)
  from space 1024K, 81% used [0x00000000d6d00000,0x00000000d6dcff38,0x00000000d6e00000)
  to   space 2048K, 0% used [0x00000000d6a00000,0x00000000d6a00000,0x00000000d6c00000)
 ParOldGen       total 68608K, used 39609K [0x0000000080000000, 0x0000000084300000, 0x00000000d5580000)
  object space 68608K, 57% used [0x0000000080000000,0x00000000826ae6c0,0x0000000084300000)
 Metaspace       used 49545K, committed 50752K, reserved 1114112K
  class space    used 5200K, committed 5760K, reserved 1048576K
GC Heap History (20 events):
Event: 4.675 GC heap before
{Heap before GC invocations=27 (full 2):
 PSYoungGen      total 23552K, used 23220K [0x00000000d5580000, 0x00000000d6e80000, 0x0000000100000000)
  eden space 21504K, 99% used [0x00000000d5580000,0x00000000d6a7f178,0x00000000d6a80000)
  from space 2048K, 84% used [0x00000000d6c80000,0x00000000d6e2e200,0x00000000d6e80000)
  to   space 2048K, 0% used [0x00000000d6a80000,0x00000000d6a80000,0x00000000d6c80000)
 ParOldGen       total 68608K, used 32119K [0x0000000080000000, 0x0000000084300000, 0x00000000d5580000)
  object space 68608K, 46% used [0x0000000080000000,0x0000000081f5df60,0x0000000084300000)
 Metaspace       used 40413K, committed 41600K, reserved 1114112K
  class space    used 4140K, committed 4608K, reserved 1048576K
}
Event: 4.678 GC heap after
{Heap after GC invocations=27 (full 2):
 PSYoungGen      total 23040K, used 1340K [0x00000000d5580000, 0x00000000d6d80000, 0x0000000100000000)
  eden space 21504K, 0% used [0x00000000d5580000,0x00000000d5580000,0x00000000d6a80000)
  from space 1536K, 87% used [0x00000000d6a80000,0x00000000d6bcf1d8,0x00000000d6c00000)
  to   space 1536K, 0% used [0x00000000d6c00000,0x00000000d6c00000,0x00000000d6d80000)
 ParOldGen       total 68608K, used 33688K [0x0000000080000000, 0x0000000084300000, 0x00000000d5580000)
  object space 68608K, 49% used [0x0000000080000000,0x00000000820e6160,0x0000000084300000)
 Metaspace       used 40413K, committed 41600K, reserved 1114112K
  class space    used 4140K, committed 4608K, reserved 1048576K
}
Event: 4.859 GC heap before
{Heap before GC invocations=28 (full 2):
 PSYoungGen      total 23040K, used 22844K [0x00000000d5580000, 0x00000000d6d80000, 0x0000000100000000)
  eden space 21504K, 100% used [0x00000000d5580000,0x00000000d6a80000,0x00000000d6a80000)
  from space 1536K, 87% used [0x00000000d6a80000,0x00000000d6bcf1d8,0x00000000d6c00000)
  to   space 1536K, 0% used [0x00000000d6c00000,0x00000000d6c00000,0x00000000d6d80000)
 ParOldGen       total 68608K, used 33688K [0x0000000080000000, 0x0000000084300000, 0x00000000d5580000)
  object space 68608K, 49% used [0x0000000080000000,0x00000000820e6160,0x0000000084300000)
 Metaspace       used 41672K, committed 42816K, reserved 1114112K
  class space    used 4295K, committed 4800K, reserved 1048576K
}
Event: 4.860 GC heap after
{Heap after GC invocations=28 (full 2):
 PSYoungGen      total 23040K, used 802K [0x00000000d5580000, 0x00000000d6d80000, 0x0000000100000000)
  eden space 21504K, 0% used [0x00000000d5580000,0x00000000d5580000,0x00000000d6a80000)
  from space 1536K, 52% used [0x00000000d6c00000,0x00000000d6cc89d8,0x00000000d6d80000)
  to   space 1536K, 0% used [0x00000000d6a80000,0x00000000d6a80000,0x00000000d6c00000)
 ParOldGen       total 68608K, used 34776K [0x0000000080000000, 0x0000000084300000, 0x00000000d5580000)
  object space 68608K, 50% used [0x0000000080000000,0x00000000821f61a8,0x0000000084300000)
 Metaspace       used 41672K, committed 42816K, reserved 1114112K
  class space    used 4295K, committed 4800K, reserved 1048576K
}
Event: 5.129 GC heap before
{Heap before GC invocations=29 (full 2):
 PSYoungGen      total 23040K, used 22288K [0x00000000d5580000, 0x00000000d6d80000, 0x0000000100000000)
  eden space 21504K, 99% used [0x00000000d5580000,0x00000000d6a7b758,0x00000000d6a80000)
  from space 1536K, 52% used [0x00000000d6c00000,0x00000000d6cc89d8,0x00000000d6d80000)
  to   space 1536K, 0% used [0x00000000d6a80000,0x00000000d6a80000,0x00000000d6c00000)
 ParOldGen       total 68608K, used 34776K [0x0000000080000000, 0x0000000084300000, 0x00000000d5580000)
  object space 68608K, 50% used [0x0000000080000000,0x00000000821f61a8,0x0000000084300000)
 Metaspace       used 42517K, committed 43648K, reserved 1114112K
  class space    used 4403K, committed 4864K, reserved 1048576K
}
Event: 5.132 GC heap after
{Heap after GC invocations=29 (full 2):
 PSYoungGen      total 22528K, used 707K [0x00000000d5580000, 0x00000000d6c80000, 0x0000000100000000)
  eden space 21504K, 0% used [0x00000000d5580000,0x00000000d5580000,0x00000000d6a80000)
  from space 1024K, 69% used [0x00000000d6a80000,0x00000000d6b30d70,0x00000000d6b80000)
  to   space 1024K, 0% used [0x00000000d6b80000,0x00000000d6b80000,0x00000000d6c80000)
 ParOldGen       total 68608K, used 35296K [0x0000000080000000, 0x0000000084300000, 0x00000000d5580000)
  object space 68608K, 51% used [0x0000000080000000,0x00000000822780e0,0x0000000084300000)
 Metaspace       used 42517K, committed 43648K, reserved 1114112K
  class space    used 4403K, committed 4864K, reserved 1048576K
}
Event: 5.275 GC heap before
{Heap before GC invocations=30 (full 2):
 PSYoungGen      total 22528K, used 22211K [0x00000000d5580000, 0x00000000d6c80000, 0x0000000100000000)
  eden space 21504K, 100% used [0x00000000d5580000,0x00000000d6a80000,0x00000000d6a80000)
  from space 1024K, 69% used [0x00000000d6a80000,0x00000000d6b30d70,0x00000000d6b80000)
  to   space 1024K, 0% used [0x00000000d6b80000,0x00000000d6b80000,0x00000000d6c80000)
 ParOldGen       total 68608K, used 35296K [0x0000000080000000, 0x0000000084300000, 0x00000000d5580000)
  object space 68608K, 51% used [0x0000000080000000,0x00000000822780e0,0x0000000084300000)
 Metaspace       used 42972K, committed 44160K, reserved 1114112K
  class space    used 4486K, committed 4992K, reserved 1048576K
}
Event: 5.276 GC heap after
{Heap after GC invocations=30 (full 2):
 PSYoungGen      total 22528K, used 416K [0x00000000d5580000, 0x00000000d6c80000, 0x0000000100000000)
  eden space 21504K, 0% used [0x00000000d5580000,0x00000000d5580000,0x00000000d6a80000)
  from space 1024K, 40% used [0x00000000d6b80000,0x00000000d6be8000,0x00000000d6c80000)
  to   space 1024K, 0% used [0x00000000d6a80000,0x00000000d6a80000,0x00000000d6b80000)
 ParOldGen       total 68608K, used 35675K [0x0000000080000000, 0x0000000084300000, 0x00000000d5580000)
  object space 68608K, 51% used [0x0000000080000000,0x00000000822d6f78,0x0000000084300000)
 Metaspace       used 42972K, committed 44160K, reserved 1114112K
  class space    used 4486K, committed 4992K, reserved 1048576K
}
Event: 5.485 GC heap before
{Heap before GC invocations=31 (full 2):
 PSYoungGen      total 22528K, used 21920K [0x00000000d5580000, 0x00000000d6c80000, 0x0000000100000000)
  eden space 21504K, 100% used [0x00000000d5580000,0x00000000d6a80000,0x00000000d6a80000)
  from space 1024K, 40% used [0x00000000d6b80000,0x00000000d6be8000,0x00000000d6c80000)
  to   space 1024K, 0% used [0x00000000d6a80000,0x00000000d6a80000,0x00000000d6b80000)
 ParOldGen       total 68608K, used 35675K [0x0000000080000000, 0x0000000084300000, 0x00000000d5580000)
  object space 68608K, 51% used [0x0000000080000000,0x00000000822d6f78,0x0000000084300000)
 Metaspace       used 43752K, committed 44864K, reserved 1114112K
  class space    used 4558K, committed 5056K, reserved 1048576K
}
Event: 5.486 GC heap after
{Heap after GC invocations=31 (full 2):
 PSYoungGen      total 22528K, used 592K [0x00000000d5580000, 0x00000000d6c80000, 0x0000000100000000)
  eden space 21504K, 0% used [0x00000000d5580000,0x00000000d5580000,0x00000000d6a80000)
  from space 1024K, 57% used [0x00000000d6a80000,0x00000000d6b14010,0x00000000d6b80000)
  to   space 1024K, 0% used [0x00000000d6b80000,0x00000000d6b80000,0x00000000d6c80000)
 ParOldGen       total 68608K, used 35883K [0x0000000080000000, 0x0000000084300000, 0x00000000d5580000)
  object space 68608K, 52% used [0x0000000080000000,0x000000008230af78,0x0000000084300000)
 Metaspace       used 43752K, committed 44864K, reserved 1114112K
  class space    used 4558K, committed 5056K, reserved 1048576K
}
Event: 5.652 GC heap before
{Heap before GC invocations=32 (full 2):
 PSYoungGen      total 22528K, used 22096K [0x00000000d5580000, 0x00000000d6c80000, 0x0000000100000000)
  eden space 21504K, 100% used [0x00000000d5580000,0x00000000d6a80000,0x00000000d6a80000)
  from space 1024K, 57% used [0x00000000d6a80000,0x00000000d6b14010,0x00000000d6b80000)
  to   space 1024K, 0% used [0x00000000d6b80000,0x00000000d6b80000,0x00000000d6c80000)
 ParOldGen       total 68608K, used 35883K [0x0000000080000000, 0x0000000084300000, 0x00000000d5580000)
  object space 68608K, 52% used [0x0000000080000000,0x000000008230af78,0x0000000084300000)
 Metaspace       used 44403K, committed 45568K, reserved 1114112K
  class space    used 4646K, committed 5120K, reserved 1048576K
}
Event: 5.653 GC heap after
{Heap after GC invocations=32 (full 2):
 PSYoungGen      total 22016K, used 459K [0x00000000d5580000, 0x00000000d6c00000, 0x0000000100000000)
  eden space 21504K, 0% used [0x00000000d5580000,0x00000000d5580000,0x00000000d6a80000)
  from space 512K, 89% used [0x00000000d6b80000,0x00000000d6bf2f40,0x00000000d6c00000)
  to   space 512K, 0% used [0x00000000d6b00000,0x00000000d6b00000,0x00000000d6b80000)
 ParOldGen       total 68608K, used 36099K [0x0000000080000000, 0x0000000084300000, 0x00000000d5580000)
  object space 68608K, 52% used [0x0000000080000000,0x0000000082340f78,0x0000000084300000)
 Metaspace       used 44403K, committed 45568K, reserved 1114112K
  class space    used 4646K, committed 5120K, reserved 1048576K
}
Event: 5.823 GC heap before
{Heap before GC invocations=33 (full 2):
 PSYoungGen      total 22016K, used 21955K [0x00000000d5580000, 0x00000000d6c00000, 0x0000000100000000)
  eden space 21504K, 99% used [0x00000000d5580000,0x00000000d6a7e048,0x00000000d6a80000)
  from space 512K, 89% used [0x00000000d6b80000,0x00000000d6bf2f40,0x00000000d6c00000)
  to   space 512K, 0% used [0x00000000d6b00000,0x00000000d6b00000,0x00000000d6b80000)
 ParOldGen       total 68608K, used 36099K [0x0000000080000000, 0x0000000084300000, 0x00000000d5580000)
  object space 68608K, 52% used [0x0000000080000000,0x0000000082340f78,0x0000000084300000)
 Metaspace       used 46044K, committed 47232K, reserved 1114112K
  class space    used 4802K, committed 5312K, reserved 1048576K
}
Event: 5.824 GC heap after
{Heap after GC invocations=33 (full 2):
 PSYoungGen      total 22016K, used 512K [0x00000000d5580000, 0x00000000d6c80000, 0x0000000100000000)
  eden space 21504K, 0% used [0x00000000d5580000,0x00000000d5580000,0x00000000d6a80000)
  from space 512K, 100% used [0x00000000d6b00000,0x00000000d6b80000,0x00000000d6b80000)
  to   space 1024K, 0% used [0x00000000d6b80000,0x00000000d6b80000,0x00000000d6c80000)
 ParOldGen       total 68608K, used 36427K [0x0000000080000000, 0x0000000084300000, 0x00000000d5580000)
  object space 68608K, 53% used [0x0000000080000000,0x0000000082392f78,0x0000000084300000)
 Metaspace       used 46044K, committed 47232K, reserved 1114112K
  class space    used 4802K, committed 5312K, reserved 1048576K
}
Event: 6.030 GC heap before
{Heap before GC invocations=34 (full 2):
 PSYoungGen      total 22016K, used 22016K [0x00000000d5580000, 0x00000000d6c80000, 0x0000000100000000)
  eden space 21504K, 100% used [0x00000000d5580000,0x00000000d6a80000,0x00000000d6a80000)
  from space 512K, 100% used [0x00000000d6b00000,0x00000000d6b80000,0x00000000d6b80000)
  to   space 1024K, 0% used [0x00000000d6b80000,0x00000000d6b80000,0x00000000d6c80000)
 ParOldGen       total 68608K, used 36427K [0x0000000080000000, 0x0000000084300000, 0x00000000d5580000)
  object space 68608K, 53% used [0x0000000080000000,0x0000000082392f78,0x0000000084300000)
 Metaspace       used 47648K, committed 48832K, reserved 1114112K
  class space    used 4970K, committed 5440K, reserved 1048576K
}
Event: 6.033 GC heap after
{Heap after GC invocations=34 (full 2):
 PSYoungGen      total 21504K, used 1023K [0x00000000d5580000, 0x00000000d6e80000, 0x0000000100000000)
  eden space 20480K, 0% used [0x00000000d5580000,0x00000000d5580000,0x00000000d6980000)
  from space 1024K, 99% used [0x00000000d6b80000,0x00000000d6c7fd90,0x00000000d6c80000)
  to   space 2048K, 0% used [0x00000000d6980000,0x00000000d6980000,0x00000000d6b80000)
 ParOldGen       total 68608K, used 36947K [0x0000000080000000, 0x0000000084300000, 0x00000000d5580000)
  object space 68608K, 53% used [0x0000000080000000,0x0000000082414f98,0x0000000084300000)
 Metaspace       used 47648K, committed 48832K, reserved 1114112K
  class space    used 4970K, committed 5440K, reserved 1048576K
}
Event: 6.248 GC heap before
{Heap before GC invocations=35 (full 2):
 PSYoungGen      total 21504K, used 21487K [0x00000000d5580000, 0x00000000d6e80000, 0x0000000100000000)
  eden space 20480K, 99% used [0x00000000d5580000,0x00000000d697c0b8,0x00000000d6980000)
  from space 1024K, 99% used [0x00000000d6b80000,0x00000000d6c7fd90,0x00000000d6c80000)
  to   space 2048K, 0% used [0x00000000d6980000,0x00000000d6980000,0x00000000d6b80000)
 ParOldGen       total 68608K, used 36947K [0x0000000080000000, 0x0000000084300000, 0x00000000d5580000)
  object space 68608K, 53% used [0x0000000080000000,0x0000000082414f98,0x0000000084300000)
 Metaspace       used 48627K, committed 49920K, reserved 1114112K
  class space    used 5086K, committed 5632K, reserved 1048576K
}
Event: 6.251 GC heap after
{Heap after GC invocations=35 (full 2):
 PSYoungGen      total 22528K, used 2037K [0x00000000d5580000, 0x00000000d7080000, 0x0000000100000000)
  eden space 20480K, 0% used [0x00000000d5580000,0x00000000d5580000,0x00000000d6980000)
  from space 2048K, 99% used [0x00000000d6980000,0x00000000d6b7d6f8,0x00000000d6b80000)
  to   space 3584K, 0% used [0x00000000d6d00000,0x00000000d6d00000,0x00000000d7080000)
 ParOldGen       total 68608K, used 37822K [0x0000000080000000, 0x0000000084300000, 0x00000000d5580000)
  object space 68608K, 55% used [0x0000000080000000,0x00000000824efb18,0x0000000084300000)
 Metaspace       used 48627K, committed 49920K, reserved 1114112K
  class space    used 5086K, committed 5632K, reserved 1048576K
}
Event: 6.643 GC heap before
{Heap before GC invocations=36 (full 2):
 PSYoungGen      total 22528K, used 22517K [0x00000000d5580000, 0x00000000d7080000, 0x0000000100000000)
  eden space 20480K, 100% used [0x00000000d5580000,0x00000000d6980000,0x00000000d6980000)
  from space 2048K, 99% used [0x00000000d6980000,0x00000000d6b7d6f8,0x00000000d6b80000)
  to   space 3584K, 0% used [0x00000000d6d00000,0x00000000d6d00000,0x00000000d7080000)
 ParOldGen       total 68608K, used 37822K [0x0000000080000000, 0x0000000084300000, 0x00000000d5580000)
  object space 68608K, 55% used [0x0000000080000000,0x00000000824efb18,0x0000000084300000)
 Metaspace       used 49440K, committed 50624K, reserved 1114112K
  class space    used 5188K, committed 5696K, reserved 1048576K
}
Event: 6.648 GC heap after
{Heap after GC invocations=36 (full 2):
 PSYoungGen      total 21504K, used 831K [0x00000000d5580000, 0x00000000d6e00000, 0x0000000100000000)
  eden space 20480K, 0% used [0x00000000d5580000,0x00000000d5580000,0x00000000d6980000)
  from space 1024K, 81% used [0x00000000d6d00000,0x00000000d6dcff38,0x00000000d6e00000)
  to   space 2048K, 0% used [0x00000000d6a00000,0x00000000d6a00000,0x00000000d6c00000)
 ParOldGen       total 68608K, used 39609K [0x0000000080000000, 0x0000000084300000, 0x00000000d5580000)
  object space 68608K, 57% used [0x0000000080000000,0x00000000826ae6c0,0x0000000084300000)
 Metaspace       used 49440K, committed 50624K, reserved 1114112K
  class space    used 5188K, committed 5696K, reserved 1048576K
}

