# JRE version: OpenJDK Runtime Environment Temurin-21.0.9+10 (21.0.9+10) (build 21.0.9+10-LTS)
# Java VM: OpenJDK 64-Bit Server VM Temurin-21.0.9+10 (21.0.9+10-LTS, mixed mode, sharing, tiered, compressed oops, compressed class ptrs, parallel gc, windows-amd64)
GC Precious Log:
 CardTable entry size: 512
 CPUs: 16 total, 16 available
 Memory: 7514M
 Large Page Support: Disabled
 NUMA Support: Disabled
 Compressed Oops: Enabled (32-bit)
 Alignments: Space 512K, Generation 512K, Heap 2M
 Heap Min Capacity: 100M
 Heap Initial Capacity: 100M
 Heap Max Capacity: 2G
 Pre-touch: Disabled
 Parallel Workers: 13
Heap:
 PSYoungGen      total 6656K, used 6554K [0x00000000d5580000, 0x00000000d5e80000, 0x0000000100000000)
  eden space 5120K, 100% used [0x00000000d5580000,0x00000000d5a80000,0x00000000d5a80000)
  from space 1536K, 93% used [0x00000000d5a80000,0x00000000d5be68a0,0x00000000d5c00000)
  to   space 1536K, 99% used [0x00000000d5d00000,0x00000000d5e7dde0,0x00000000d5e80000)
 ParOldGen       total 295424K, used 295423K [0x0000000080000000, 0x0000000092080000, 0x00000000d5580000)
  object space 295424K, 99% used [0x0000000080000000,0x000000009207fd88,0x0000000092080000)
 Metaspace       used 58818K, committed 60160K, reserved 1114112K
  class space    used 6251K, committed 6784K, reserved 1048576K
GC Heap History (20 events):
Event: 11.759 GC heap after
{Heap after GC invocations=225 (full 3):
 PSYoungGen      total 5632K, used 1097K [0x00000000d5580000, 0x00000000d5c80000, 0x0000000100000000)
  eden space 4096K, 0% used [0x00000000d5580000,0x00000000d5580000,0x00000000d5980000)
  from space 1536K, 71% used [0x00000000d5b00000,0x00000000d5c124c8,0x00000000d5c80000)
  to   space 1536K, 0% used [0x00000000d5980000,0x00000000d5980000,0x00000000d5b00000)
 ParOldGen       total 285696K, used 285285K [0x0000000080000000, 0x0000000091700000, 0x00000000d5580000)
  object space 285696K, 99% used [0x0000000080000000,0x0000000091699570,0x0000000091700000)
 Metaspace       used 58818K, committed 60160K, reserved 1114112K
  class space    used 6251K, committed 6784K, reserved 1048576K
}
Event: 11.767 GC heap before
{Heap before GC invocations=226 (full 3):
 PSYoungGen      total 5632K, used 5193K [0x00000000d5580000, 0x00000000d5c80000, 0x0000000100000000)
  eden space 4096K, 100% used [0x00000000d5580000,0x00000000d5980000,0x00000000d5980000)
  from space 1536K, 71% used [0x00000000d5b00000,0x00000000d5c124c8,0x00000000d5c80000)
  to   space 1536K, 0% used [0x00000000d5980000,0x00000000d5980000,0x00000000d5b00000)
 ParOldGen       total 285696K, used 285285K [0x0000000080000000, 0x0000000091700000, 0x00000000d5580000)
  object space 285696K, 99% used [0x0000000080000000,0x0000000091699570,0x0000000091700000)
 Metaspace       used 58818K, committed 60160K, reserved 1114112K
  class space    used 6251K, committed 6784K, reserved 1048576K
}
Event: 11.769 GC heap after
{Heap after GC invocations=226 (full 3):
 PSYoungGen      total 5632K, used 1149K [0x00000000d5580000, 0x00000000d5c80000, 0x0000000100000000)
  eden space 4096K, 0% used [0x00000000d5580000,0x00000000d5580000,0x00000000d5980000)
  from space 1536K, 74% used [0x00000000d5980000,0x00000000d5a9f558,0x00000000d5b00000)
  to   space 1536K, 0% used [0x00000000d5b00000,0x00000000d5b00000,0x00000000d5c80000)
 ParOldGen       total 286208K, used 286130K [0x0000000080000000, 0x0000000091780000, 0x00000000d5580000)
  object space 286208K, 99% used [0x0000000080000000,0x000000009176c9a0,0x0000000091780000)
 Metaspace       used 58818K, committed 60160K, reserved 1114112K
  class space    used 6251K, committed 6784K, reserved 1048576K
}
Event: 11.777 GC heap before
{Heap before GC invocations=227 (full 3):
 PSYoungGen      total 5632K, used 5245K [0x00000000d5580000, 0x00000000d5c80000, 0x0000000100000000)
  eden space 4096K, 100% used [0x00000000d5580000,0x00000000d5980000,0x00000000d5980000)
  from space 1536K, 74% used [0x00000000d5980000,0x00000000d5a9f558,0x00000000d5b00000)
  to   space 1536K, 0% used [0x00000000d5b00000,0x00000000d5b00000,0x00000000d5c80000)
 ParOldGen       total 286208K, used 286130K [0x0000000080000000, 0x0000000091780000, 0x00000000d5580000)
  object space 286208K, 99% used [0x0000000080000000,0x000000009176c9a0,0x0000000091780000)
 Metaspace       used 58818K, committed 60160K, reserved 1114112K
  class space    used 6251K, committed 6784K, reserved 1048576K
}
Event: 11.779 GC heap after
{Heap after GC invocations=227 (full 3):
 PSYoungGen      total 5632K, used 1049K [0x00000000d5580000, 0x00000000d5c80000, 0x0000000100000000)
  eden space 4096K, 0% used [0x00000000d5580000,0x00000000d5580000,0x00000000d5980000)
  from space 1536K, 68% used [0x00000000d5b00000,0x00000000d5c067a8,0x00000000d5c80000)
  to   space 1536K, 0% used [0x00000000d5980000,0x00000000d5980000,0x00000000d5b00000)
 ParOldGen       total 287232K, used 287071K [0x0000000080000000, 0x0000000091880000, 0x00000000d5580000)
  object space 287232K, 99% used [0x0000000080000000,0x0000000091857c90,0x0000000091880000)
 Metaspace       used 58818K, committed 60160K, reserved 1114112K
  class space    used 6251K, committed 6784K, reserved 1048576K
}
Event: 11.788 GC heap before
{Heap before GC invocations=228 (full 3):
 PSYoungGen      total 5632K, used 5145K [0x00000000d5580000, 0x00000000d5c80000, 0x0000000100000000)
  eden space 4096K, 100% used [0x00000000d5580000,0x00000000d5980000,0x00000000d5980000)
  from space 1536K, 68% used [0x00000000d5b00000,0x00000000d5c067a8,0x00000000d5c80000)
  to   space 1536K, 0% used [0x00000000d5980000,0x00000000d5980000,0x00000000d5b00000)
 ParOldGen       total 287232K, used 287071K [0x0000000080000000, 0x0000000091880000, 0x00000000d5580000)
  object space 287232K, 99% used [0x0000000080000000,0x0000000091857c90,0x0000000091880000)
 Metaspace       used 58818K, committed 60160K, reserved 1114112K
  class space    used 6251K, committed 6784K, reserved 1048576K
}
Event: 11.790 GC heap after
{Heap after GC invocations=228 (full 3):
 PSYoungGen      total 5632K, used 1078K [0x00000000d5580000, 0x00000000d5c80000, 0x0000000100000000)
  eden space 4096K, 0% used [0x00000000d5580000,0x00000000d5580000,0x00000000d5980000)
  from space 1536K, 70% used [0x00000000d5980000,0x00000000d5a8d848,0x00000000d5b00000)
  to   space 1536K, 0% used [0x00000000d5b00000,0x00000000d5b00000,0x00000000d5c80000)
 ParOldGen       total 288256K, used 287957K [0x0000000080000000, 0x0000000091980000, 0x00000000d5580000)
  object space 288256K, 99% used [0x0000000080000000,0x00000000919355e8,0x0000000091980000)
 Metaspace       used 58818K, committed 60160K, reserved 1114112K
  class space    used 6251K, committed 6784K, reserved 1048576K
}
Event: 11.796 GC heap before
{Heap before GC invocations=229 (full 3):
 PSYoungGen      total 5632K, used 5157K [0x00000000d5580000, 0x00000000d5c80000, 0x0000000100000000)
  eden space 4096K, 99% used [0x00000000d5580000,0x00000000d597bed0,0x00000000d5980000)
  from space 1536K, 70% used [0x00000000d5980000,0x00000000d5a8d848,0x00000000d5b00000)
  to   space 1536K, 0% used [0x00000000d5b00000,0x00000000d5b00000,0x00000000d5c80000)
 ParOldGen       total 288256K, used 287957K [0x0000000080000000, 0x0000000091980000, 0x00000000d5580000)
  object space 288256K, 99% used [0x0000000080000000,0x00000000919355e8,0x0000000091980000)
 Metaspace       used 58818K, committed 60160K, reserved 1114112K
  class space    used 6251K, committed 6784K, reserved 1048576K
}
Event: 11.798 GC heap after
{Heap after GC invocations=229 (full 3):
 PSYoungGen      total 5632K, used 1323K [0x00000000d5580000, 0x00000000d5c80000, 0x0000000100000000)
  eden space 4096K, 0% used [0x00000000d5580000,0x00000000d5580000,0x00000000d5980000)
  from space 1536K, 86% used [0x00000000d5b00000,0x00000000d5c4ac50,0x00000000d5c80000)
  to   space 1536K, 0% used [0x00000000d5980000,0x00000000d5980000,0x00000000d5b00000)
 ParOldGen       total 289280K, used 288906K [0x0000000080000000, 0x0000000091a80000, 0x00000000d5580000)
  object space 289280K, 99% used [0x0000000080000000,0x0000000091a228f0,0x0000000091a80000)
 Metaspace       used 58818K, committed 60160K, reserved 1114112K
  class space    used 6251K, committed 6784K, reserved 1048576K
}
Event: 11.802 GC heap before
{Heap before GC invocations=230 (full 3):
 PSYoungGen      total 5632K, used 5418K [0x00000000d5580000, 0x00000000d5c80000, 0x0000000100000000)
  eden space 4096K, 99% used [0x00000000d5580000,0x00000000d597fd90,0x00000000d5980000)
  from space 1536K, 86% used [0x00000000d5b00000,0x00000000d5c4ac50,0x00000000d5c80000)
  to   space 1536K, 0% used [0x00000000d5980000,0x00000000d5980000,0x00000000d5b00000)
 ParOldGen       total 289280K, used 288906K [0x0000000080000000, 0x0000000091a80000, 0x00000000d5580000)
  object space 289280K, 99% used [0x0000000080000000,0x0000000091a228f0,0x0000000091a80000)
 Metaspace       used 58818K, committed 60160K, reserved 1114112K
  class space    used 6251K, committed 6784K, reserved 1048576K
}
Event: 11.804 GC heap after
{Heap after GC invocations=230 (full 3):
 PSYoungGen      total 5632K, used 1494K [0x00000000d5580000, 0x00000000d5c80000, 0x0000000100000000)
  eden space 4096K, 0% used [0x00000000d5580000,0x00000000d5580000,0x00000000d5980000)
  from space 1536K, 97% used [0x00000000d5980000,0x00000000d5af5aa0,0x00000000d5b00000)
  to   space 1536K, 0% used [0x00000000d5b00000,0x00000000d5b00000,0x00000000d5c80000)
 ParOldGen       total 290304K, used 290085K [0x0000000080000000, 0x0000000091b80000, 0x00000000d5580000)
  object space 290304K, 99% used [0x0000000080000000,0x0000000091b49400,0x0000000091b80000)
 Metaspace       used 58818K, committed 60160K, reserved 1114112K
  class space    used 6251K, committed 6784K, reserved 1048576K
}
Event: 11.810 GC heap before
{Heap before GC invocations=231 (full 3):
 PSYoungGen      total 5632K, used 5590K [0x00000000d5580000, 0x00000000d5c80000, 0x0000000100000000)
  eden space 4096K, 100% used [0x00000000d5580000,0x00000000d5980000,0x00000000d5980000)
  from space 1536K, 97% used [0x00000000d5980000,0x00000000d5af5aa0,0x00000000d5b00000)
  to   space 1536K, 0% used [0x00000000d5b00000,0x00000000d5b00000,0x00000000d5c80000)
 ParOldGen       total 290304K, used 290085K [0x0000000080000000, 0x0000000091b80000, 0x00000000d5580000)
  object space 290304K, 99% used [0x0000000080000000,0x0000000091b49400,0x0000000091b80000)
 Metaspace       used 58818K, committed 60160K, reserved 1114112K
  class space    used 6251K, committed 6784K, reserved 1048576K
}
Event: 11.811 GC heap after
{Heap after GC invocations=231 (full 3):
 PSYoungGen      total 5632K, used 1036K [0x00000000d5580000, 0x00000000d5c80000, 0x0000000100000000)
  eden space 4096K, 0% used [0x00000000d5580000,0x00000000d5580000,0x00000000d5980000)
  from space 1536K, 67% used [0x00000000d5b00000,0x00000000d5c031d8,0x00000000d5c80000)
  to   space 1536K, 0% used [0x00000000d5980000,0x00000000d5980000,0x00000000d5b00000)
 ParOldGen       total 291840K, used 291503K [0x0000000080000000, 0x0000000091d00000, 0x00000000d5580000)
  object space 291840K, 99% used [0x0000000080000000,0x0000000091cabed0,0x0000000091d00000)
 Metaspace       used 58818K, committed 60160K, reserved 1114112K
  class space    used 6251K, committed 6784K, reserved 1048576K
}
Event: 11.817 GC heap before
{Heap before GC invocations=232 (full 3):
 PSYoungGen      total 5632K, used 5132K [0x00000000d5580000, 0x00000000d5c80000, 0x0000000100000000)
  eden space 4096K, 100% used [0x00000000d5580000,0x00000000d5980000,0x00000000d5980000)
  from space 1536K, 67% used [0x00000000d5b00000,0x00000000d5c031d8,0x00000000d5c80000)
  to   space 1536K, 0% used [0x00000000d5980000,0x00000000d5980000,0x00000000d5b00000)
 ParOldGen       total 291840K, used 291503K [0x0000000080000000, 0x0000000091d00000, 0x00000000d5580000)
  object space 291840K, 99% used [0x0000000080000000,0x0000000091cabed0,0x0000000091d00000)
 Metaspace       used 58818K, committed 60160K, reserved 1114112K
  class space    used 6251K, committed 6784K, reserved 1048576K
}
Event: 11.883 GC heap after
{Heap after GC invocations=232 (full 3):
 PSYoungGen      total 5632K, used 1029K [0x00000000d5580000, 0x00000000d5d80000, 0x0000000100000000)
  eden space 4096K, 0% used [0x00000000d5580000,0x00000000d5580000,0x00000000d5980000)
  from space 1536K, 67% used [0x00000000d5980000,0x00000000d5a816c0,0x00000000d5b00000)
  to   space 1536K, 0% used [0x00000000d5c00000,0x00000000d5c00000,0x00000000d5d80000)
 ParOldGen       total 292864K, used 292464K [0x0000000080000000, 0x0000000091e00000, 0x00000000d5580000)
  object space 292864K, 99% used [0x0000000080000000,0x0000000091d9c380,0x0000000091e00000)
 Metaspace       used 58818K, committed 60160K, reserved 1114112K
  class space    used 6251K, committed 6784K, reserved 1048576K
}
Event: 11.893 GC heap before
{Heap before GC invocations=233 (full 3):
 PSYoungGen      total 5632K, used 5125K [0x00000000d5580000, 0x00000000d5d80000, 0x0000000100000000)
  eden space 4096K, 100% used [0x00000000d5580000,0x00000000d5980000,0x00000000d5980000)
  from space 1536K, 67% used [0x00000000d5980000,0x00000000d5a816c0,0x00000000d5b00000)
  to   space 1536K, 0% used [0x00000000d5c00000,0x00000000d5c00000,0x00000000d5d80000)
 ParOldGen       total 292864K, used 292464K [0x0000000080000000, 0x0000000091e00000, 0x00000000d5580000)
  object space 292864K, 99% used [0x0000000080000000,0x0000000091d9c380,0x0000000091e00000)
 Metaspace       used 58818K, committed 60160K, reserved 1114112K
  class space    used 6251K, committed 6784K, reserved 1048576K
}
Event: 12.899 GC heap after
{Heap after GC invocations=233 (full 3):
 PSYoungGen      total 6656K, used 1097K [0x00000000d5580000, 0x00000000d5d80000, 0x0000000100000000)
  eden space 5120K, 0% used [0x00000000d5580000,0x00000000d5580000,0x00000000d5a80000)
  from space 1536K, 71% used [0x00000000d5c00000,0x00000000d5d12410,0x00000000d5d80000)
  to   space 1536K, 0% used [0x00000000d5a80000,0x00000000d5a80000,0x00000000d5c00000)
 ParOldGen       total 293376K, used 293329K [0x0000000080000000, 0x0000000091e80000, 0x00000000d5580000)
  object space 293376K, 99% used [0x0000000080000000,0x0000000091e74778,0x0000000091e80000)
 Metaspace       used 58818K, committed 60160K, reserved 1114112K
  class space    used 6251K, committed 6784K, reserved 1048576K
}
Event: 12.908 GC heap before
{Heap before GC invocations=234 (full 3):
 PSYoungGen      total 6656K, used 6217K [0x00000000d5580000, 0x00000000d5d80000, 0x0000000100000000)
  eden space 5120K, 100% used [0x00000000d5580000,0x00000000d5a80000,0x00000000d5a80000)
  from space 1536K, 71% used [0x00000000d5c00000,0x00000000d5d12410,0x00000000d5d80000)
  to   space 1536K, 0% used [0x00000000d5a80000,0x00000000d5a80000,0x00000000d5c00000)
 ParOldGen       total 293376K, used 293329K [0x0000000080000000, 0x0000000091e80000, 0x00000000d5580000)
  object space 293376K, 99% used [0x0000000080000000,0x0000000091e74778,0x0000000091e80000)
 Metaspace       used 58818K, committed 60160K, reserved 1114112K
  class space    used 6251K, committed 6784K, reserved 1048576K
}
Event: 12.910 GC heap after
{Heap after GC invocations=234 (full 3):
 PSYoungGen      total 6656K, used 1434K [0x00000000d5580000, 0x00000000d5e80000, 0x0000000100000000)
  eden space 5120K, 0% used [0x00000000d5580000,0x00000000d5580000,0x00000000d5a80000)
  from space 1536K, 93% used [0x00000000d5a80000,0x00000000d5be68a0,0x00000000d5c00000)
  to   space 1536K, 0% used [0x00000000d5d00000,0x00000000d5d00000,0x00000000d5e80000)
 ParOldGen       total 294400K, used 294213K [0x0000000080000000, 0x0000000091f80000, 0x00000000d5580000)
  object space 294400K, 99% used [0x0000000080000000,0x0000000091f51588,0x0000000091f80000)
 Metaspace       used 58818K, committed 60160K, reserved 1114112K
  class space    used 6251K, committed 6784K, reserved 1048576K
}
Event: 12.921 GC heap before
{Heap before GC invocations=235 (full 3):
 PSYoungGen      total 6656K, used 6554K [0x00000000d5580000, 0x00000000d5e80000, 0x0000000100000000)
  eden space 5120K, 100% used [0x00000000d5580000,0x00000000d5a80000,0x00000000d5a80000)
  from space 1536K, 93% used [0x00000000d5a80000,0x00000000d5be68a0,0x00000000d5c00000)
  to   space 1536K, 0% used [0x00000000d5d00000,0x00000000d5d00000,0x00000000d5e80000)
 ParOldGen       total 294400K, used 294213K [0x0000000080000000, 0x0000000091f80000, 0x00000000d5580000)
  object space 294400K, 99% used [0x0000000080000000,0x0000000091f51588,0x0000000091f80000)
 Metaspace       used 58818K, committed 60160K, reserved 1114112K
  class space    used 6251K, committed 6784K, reserved 1048576K
}

