# JRE version: OpenJDK Runtime Environment Temurin-21.0.9+10 (21.0.9+10) (build 21.0.9+10-LTS)
# Java VM: OpenJDK 64-Bit Server VM Temurin-21.0.9+10 (21.0.9+10-LTS, mixed mode, sharing, tiered, compressed oops, compressed class ptrs, parallel gc, windows-amd64)
GC Precious Log:
 CardTable entry size: 512
 CPUs: 16 total, 16 available
 Memory: 7514M
 Large Page Support: Disabled
 NUMA Support: Disabled
 Compressed Oops: Enabled (32-bit)
 Alignments: Space 512K, Generation 512K, Heap 2M
 Heap Min Capacity: 100M
 Heap Initial Capacity: 100M
 Heap Max Capacity: 2G
 Pre-touch: Disabled
 Parallel Workers: 13
Heap:
 PSYoungGen      total 7168K, used 6590K [0x00000000d5580000, 0x00000000d6580000, 0x0000000100000000)
  eden space 5120K, 89% used [0x00000000d5580000,0x00000000d59f6148,0x00000000d5a80000)
  from space 2048K, 99% used [0x00000000d5a80000,0x00000000d5c7fac0,0x00000000d5c80000)
  to   space 5120K, 0% used [0x00000000d6080000,0x00000000d6080000,0x00000000d6580000)
 ParOldGen       total 359936K, used 359572K [0x0000000080000000, 0x0000000095f80000, 0x00000000d5580000)
  object space 359936K, 99% used [0x0000000080000000,0x0000000095f25398,0x0000000095f80000)
 Metaspace       used 57551K, committed 58752K, reserved 1114112K
  class space    used 6207K, committed 6784K, reserved 1048576K
GC Heap History (20 events):
Event: 34.805 GC heap before
{Heap before GC invocations=283 (full 2):
 PSYoungGen      total 4096K, used 3740K [0x00000000d5580000, 0x00000000d5b00000, 0x0000000100000000)
  eden space 2560K, 99% used [0x00000000d5580000,0x00000000d57ffba0,0x00000000d5800000)
  from space 1536K, 76% used [0x00000000d5980000,0x00000000d5aa7720,0x00000000d5b00000)
  to   space 1536K, 0% used [0x00000000d5800000,0x00000000d5800000,0x00000000d5980000)
 ParOldGen       total 341504K, used 341371K [0x0000000080000000, 0x0000000094d80000, 0x00000000d5580000)
  object space 341504K, 99% used [0x0000000080000000,0x0000000094d5ef40,0x0000000094d80000)
 Metaspace       used 57186K, committed 58432K, reserved 1114112K
  class space    used 6189K, committed 6784K, reserved 1048576K
}
Event: 34.807 GC heap after
{Heap after GC invocations=283 (full 2):
 PSYoungGen      total 4096K, used 1266K [0x00000000d5580000, 0x00000000d5b00000, 0x0000000100000000)
  eden space 2560K, 0% used [0x00000000d5580000,0x00000000d5580000,0x00000000d5800000)
  from space 1536K, 82% used [0x00000000d5800000,0x00000000d593c928,0x00000000d5980000)
  to   space 1536K, 0% used [0x00000000d5980000,0x00000000d5980000,0x00000000d5b00000)
 ParOldGen       total 342528K, used 342280K [0x0000000080000000, 0x0000000094e80000, 0x00000000d5580000)
  object space 342528K, 99% used [0x0000000080000000,0x0000000094e423a0,0x0000000094e80000)
 Metaspace       used 57186K, committed 58432K, reserved 1114112K
  class space    used 6189K, committed 6784K, reserved 1048576K
}
Event: 34.815 GC heap before
{Heap before GC invocations=284 (full 2):
 PSYoungGen      total 4096K, used 3826K [0x00000000d5580000, 0x00000000d5b00000, 0x0000000100000000)
  eden space 2560K, 100% used [0x00000000d5580000,0x00000000d5800000,0x00000000d5800000)
  from space 1536K, 82% used [0x00000000d5800000,0x00000000d593c928,0x00000000d5980000)
  to   space 1536K, 0% used [0x00000000d5980000,0x00000000d5980000,0x00000000d5b00000)
 ParOldGen       total 342528K, used 342280K [0x0000000080000000, 0x0000000094e80000, 0x00000000d5580000)
  object space 342528K, 99% used [0x0000000080000000,0x0000000094e423a0,0x0000000094e80000)
 Metaspace       used 57187K, committed 58432K, reserved 1114112K
  class space    used 6189K, committed 6784K, reserved 1048576K
}
Event: 34.818 GC heap after
{Heap after GC invocations=284 (full 2):
 PSYoungGen      total 4096K, used 1121K [0x00000000d5580000, 0x00000000d5b00000, 0x0000000100000000)
  eden space 2560K, 0% used [0x00000000d5580000,0x00000000d5580000,0x00000000d5800000)
  from space 1536K, 73% used [0x00000000d5980000,0x00000000d5a98790,0x00000000d5b00000)
  to   space 1536K, 0% used [0x00000000d5800000,0x00000000d5800000,0x00000000d5980000)
 ParOldGen       total 343552K, used 343280K [0x0000000080000000, 0x0000000094f80000, 0x00000000d5580000)
  object space 343552K, 99% used [0x0000000080000000,0x0000000094f3c318,0x0000000094f80000)
 Metaspace       used 57187K, committed 58432K, reserved 1114112K
  class space    used 6189K, committed 6784K, reserved 1048576K
}
Event: 34.832 GC heap before
{Heap before GC invocations=285 (full 2):
 PSYoungGen      total 4096K, used 3656K [0x00000000d5580000, 0x00000000d5b00000, 0x0000000100000000)
  eden space 2560K, 99% used [0x00000000d5580000,0x00000000d57f99e8,0x00000000d5800000)
  from space 1536K, 73% used [0x00000000d5980000,0x00000000d5a98790,0x00000000d5b00000)
  to   space 1536K, 0% used [0x00000000d5800000,0x00000000d5800000,0x00000000d5980000)
 ParOldGen       total 343552K, used 343280K [0x0000000080000000, 0x0000000094f80000, 0x00000000d5580000)
  object space 343552K, 99% used [0x0000000080000000,0x0000000094f3c318,0x0000000094f80000)
 Metaspace       used 57199K, committed 58432K, reserved 1114112K
  class space    used 6190K, committed 6784K, reserved 1048576K
}
Event: 34.835 GC heap after
{Heap after GC invocations=285 (full 2):
 PSYoungGen      total 4096K, used 1038K [0x00000000d5580000, 0x00000000d5b00000, 0x0000000100000000)
  eden space 2560K, 0% used [0x00000000d5580000,0x00000000d5580000,0x00000000d5800000)
  from space 1536K, 67% used [0x00000000d5800000,0x00000000d5903830,0x00000000d5980000)
  to   space 1536K, 0% used [0x00000000d5980000,0x00000000d5980000,0x00000000d5b00000)
 ParOldGen       total 344576K, used 344244K [0x0000000080000000, 0x0000000095080000, 0x00000000d5580000)
  object space 344576K, 99% used [0x0000000080000000,0x000000009502d318,0x0000000095080000)
 Metaspace       used 57199K, committed 58432K, reserved 1114112K
  class space    used 6190K, committed 6784K, reserved 1048576K
}
Event: 34.856 GC heap before
{Heap before GC invocations=286 (full 2):
 PSYoungGen      total 4096K, used 3586K [0x00000000d5580000, 0x00000000d5b00000, 0x0000000100000000)
  eden space 2560K, 99% used [0x00000000d5580000,0x00000000d57fd210,0x00000000d5800000)
  from space 1536K, 67% used [0x00000000d5800000,0x00000000d5903830,0x00000000d5980000)
  to   space 1536K, 0% used [0x00000000d5980000,0x00000000d5980000,0x00000000d5b00000)
 ParOldGen       total 344576K, used 344244K [0x0000000080000000, 0x0000000095080000, 0x00000000d5580000)
  object space 344576K, 99% used [0x0000000080000000,0x000000009502d318,0x0000000095080000)
 Metaspace       used 57204K, committed 58432K, reserved 1114112K
  class space    used 6191K, committed 6784K, reserved 1048576K
}
Event: 34.858 GC heap after
{Heap after GC invocations=286 (full 2):
 PSYoungGen      total 4096K, used 1084K [0x00000000d5580000, 0x00000000d5b00000, 0x0000000100000000)
  eden space 2560K, 0% used [0x00000000d5580000,0x00000000d5580000,0x00000000d5800000)
  from space 1536K, 70% used [0x00000000d5980000,0x00000000d5a8f268,0x00000000d5b00000)
  to   space 1536K, 0% used [0x00000000d5800000,0x00000000d5800000,0x00000000d5980000)
 ParOldGen       total 345600K, used 345134K [0x0000000080000000, 0x0000000095180000, 0x00000000d5580000)
  object space 345600K, 99% used [0x0000000080000000,0x000000009510bb08,0x0000000095180000)
 Metaspace       used 57204K, committed 58432K, reserved 1114112K
  class space    used 6191K, committed 6784K, reserved 1048576K
}
Event: 34.869 GC heap before
{Heap before GC invocations=287 (full 2):
 PSYoungGen      total 4096K, used 3590K [0x00000000d5580000, 0x00000000d5b00000, 0x0000000100000000)
  eden space 2560K, 97% used [0x00000000d5580000,0x00000000d57f25a0,0x00000000d5800000)
  from space 1536K, 70% used [0x00000000d5980000,0x00000000d5a8f268,0x00000000d5b00000)
  to   space 1536K, 0% used [0x00000000d5800000,0x00000000d5800000,0x00000000d5980000)
 ParOldGen       total 345600K, used 345134K [0x0000000080000000, 0x0000000095180000, 0x00000000d5580000)
  object space 345600K, 99% used [0x0000000080000000,0x000000009510bb08,0x0000000095180000)
 Metaspace       used 57208K, committed 58432K, reserved 1114112K
  class space    used 6193K, committed 6784K, reserved 1048576K
}
Event: 34.871 GC heap after
{Heap after GC invocations=287 (full 2):
 PSYoungGen      total 4096K, used 1007K [0x00000000d5580000, 0x00000000d5b00000, 0x0000000100000000)
  eden space 2560K, 0% used [0x00000000d5580000,0x00000000d5580000,0x00000000d5800000)
  from space 1536K, 65% used [0x00000000d5800000,0x00000000d58fbcd8,0x00000000d5980000)
  to   space 1536K, 0% used [0x00000000d5980000,0x00000000d5980000,0x00000000d5b00000)
 ParOldGen       total 346112K, used 345994K [0x0000000080000000, 0x0000000095200000, 0x00000000d5580000)
  object space 346112K, 99% used [0x0000000080000000,0x00000000951e2b80,0x0000000095200000)
 Metaspace       used 57208K, committed 58432K, reserved 1114112K
  class space    used 6193K, committed 6784K, reserved 1048576K
}
Event: 34.876 GC heap before
{Heap before GC invocations=288 (full 2):
 PSYoungGen      total 4096K, used 3563K [0x00000000d5580000, 0x00000000d5b00000, 0x0000000100000000)
  eden space 2560K, 99% used [0x00000000d5580000,0x00000000d57ff240,0x00000000d5800000)
  from space 1536K, 65% used [0x00000000d5800000,0x00000000d58fbcd8,0x00000000d5980000)
  to   space 1536K, 0% used [0x00000000d5980000,0x00000000d5980000,0x00000000d5b00000)
 ParOldGen       total 346112K, used 345994K [0x0000000080000000, 0x0000000095200000, 0x00000000d5580000)
  object space 346112K, 99% used [0x0000000080000000,0x00000000951e2b80,0x0000000095200000)
 Metaspace       used 57216K, committed 58432K, reserved 1114112K
  class space    used 6194K, committed 6784K, reserved 1048576K
}
Event: 34.878 GC heap after
{Heap after GC invocations=288 (full 2):
 PSYoungGen      total 4096K, used 1094K [0x00000000d5580000, 0x00000000d5b00000, 0x0000000100000000)
  eden space 2560K, 0% used [0x00000000d5580000,0x00000000d5580000,0x00000000d5800000)
  from space 1536K, 71% used [0x00000000d5980000,0x00000000d5a918a8,0x00000000d5b00000)
  to   space 1536K, 0% used [0x00000000d5800000,0x00000000d5800000,0x00000000d5980000)
 ParOldGen       total 347136K, used 346853K [0x0000000080000000, 0x0000000095300000, 0x00000000d5580000)
  object space 347136K, 99% used [0x0000000080000000,0x00000000952b9798,0x0000000095300000)
 Metaspace       used 57216K, committed 58432K, reserved 1114112K
  class space    used 6194K, committed 6784K, reserved 1048576K
}
Event: 34.888 GC heap before
{Heap before GC invocations=289 (full 2):
 PSYoungGen      total 4096K, used 3627K [0x00000000d5580000, 0x00000000d5b00000, 0x0000000100000000)
  eden space 2560K, 98% used [0x00000000d5580000,0x00000000d57f9730,0x00000000d5800000)
  from space 1536K, 71% used [0x00000000d5980000,0x00000000d5a918a8,0x00000000d5b00000)
  to   space 1536K, 0% used [0x00000000d5800000,0x00000000d5800000,0x00000000d5980000)
 ParOldGen       total 347136K, used 346853K [0x0000000080000000, 0x0000000095300000, 0x00000000d5580000)
  object space 347136K, 99% used [0x0000000080000000,0x00000000952b9798,0x0000000095300000)
 Metaspace       used 57226K, committed 58432K, reserved 1114112K
  class space    used 6195K, committed 6784K, reserved 1048576K
}
Event: 34.890 GC heap after
{Heap after GC invocations=289 (full 2):
 PSYoungGen      total 4096K, used 1103K [0x00000000d5580000, 0x00000000d5b00000, 0x0000000100000000)
  eden space 2560K, 0% used [0x00000000d5580000,0x00000000d5580000,0x00000000d5800000)
  from space 1536K, 71% used [0x00000000d5800000,0x00000000d5913ef0,0x00000000d5980000)
  to   space 1536K, 0% used [0x00000000d5980000,0x00000000d5980000,0x00000000d5b00000)
 ParOldGen       total 348160K, used 347779K [0x0000000080000000, 0x0000000095400000, 0x00000000d5580000)
  object space 348160K, 99% used [0x0000000080000000,0x00000000953a0f60,0x0000000095400000)
 Metaspace       used 57226K, committed 58432K, reserved 1114112K
  class space    used 6195K, committed 6784K, reserved 1048576K
}
Event: 34.899 GC heap before
{Heap before GC invocations=290 (full 2):
 PSYoungGen      total 4096K, used 3640K [0x00000000d5580000, 0x00000000d5b00000, 0x0000000100000000)
  eden space 2560K, 99% used [0x00000000d5580000,0x00000000d57fa2f0,0x00000000d5800000)
  from space 1536K, 71% used [0x00000000d5800000,0x00000000d5913ef0,0x00000000d5980000)
  to   space 1536K, 0% used [0x00000000d5980000,0x00000000d5980000,0x00000000d5b00000)
 ParOldGen       total 348160K, used 347779K [0x0000000080000000, 0x0000000095400000, 0x00000000d5580000)
  object space 348160K, 99% used [0x0000000080000000,0x00000000953a0f60,0x0000000095400000)
 Metaspace       used 57228K, committed 58432K, reserved 1114112K
  class space    used 6196K, committed 6784K, reserved 1048576K
}
Event: 34.901 GC heap after
{Heap after GC invocations=290 (full 2):
 PSYoungGen      total 4096K, used 1317K [0x00000000d5580000, 0x00000000d5b00000, 0x0000000100000000)
  eden space 2560K, 0% used [0x00000000d5580000,0x00000000d5580000,0x00000000d5800000)
  from space 1536K, 85% used [0x00000000d5980000,0x00000000d5ac94c0,0x00000000d5b00000)
  to   space 1536K, 0% used [0x00000000d5800000,0x00000000d5800000,0x00000000d5980000)
 ParOldGen       total 349184K, used 348673K [0x0000000080000000, 0x0000000095500000, 0x00000000d5580000)
  object space 349184K, 99% used [0x0000000080000000,0x0000000095480580,0x0000000095500000)
 Metaspace       used 57228K, committed 58432K, reserved 1114112K
  class space    used 6196K, committed 6784K, reserved 1048576K
}
Event: 34.909 GC heap before
{Heap before GC invocations=291 (full 2):
 PSYoungGen      total 4096K, used 3877K [0x00000000d5580000, 0x00000000d5b00000, 0x0000000100000000)
  eden space 2560K, 100% used [0x00000000d5580000,0x00000000d5800000,0x00000000d5800000)
  from space 1536K, 85% used [0x00000000d5980000,0x00000000d5ac94c0,0x00000000d5b00000)
  to   space 1536K, 0% used [0x00000000d5800000,0x00000000d5800000,0x00000000d5980000)
 ParOldGen       total 349184K, used 348673K [0x0000000080000000, 0x0000000095500000, 0x00000000d5580000)
  object space 349184K, 99% used [0x0000000080000000,0x0000000095480580,0x0000000095500000)
 Metaspace       used 57236K, committed 58496K, reserved 1114112K
  class space    used 6198K, committed 6784K, reserved 1048576K
}
Event: 34.911 GC heap after
{Heap after GC invocations=291 (full 2):
 PSYoungGen      total 4096K, used 1166K [0x00000000d5580000, 0x00000000d5b00000, 0x0000000100000000)
  eden space 2560K, 0% used [0x00000000d5580000,0x00000000d5580000,0x00000000d5800000)
  from space 1536K, 75% used [0x00000000d5800000,0x00000000d5923b90,0x00000000d5980000)
  to   space 1536K, 0% used [0x00000000d5980000,0x00000000d5980000,0x00000000d5b00000)
 ParOldGen       total 350208K, used 349742K [0x0000000080000000, 0x0000000095600000, 0x00000000d5580000)
  object space 350208K, 99% used [0x0000000080000000,0x000000009558ba40,0x0000000095600000)
 Metaspace       used 57236K, committed 58496K, reserved 1114112K
  class space    used 6198K, committed 6784K, reserved 1048576K
}
Event: 34.921 GC heap before
{Heap before GC invocations=292 (full 2):
 PSYoungGen      total 4096K, used 3688K [0x00000000d5580000, 0x00000000d5b00000, 0x0000000100000000)
  eden space 2560K, 98% used [0x00000000d5580000,0x00000000d57f6720,0x00000000d5800000)
  from space 1536K, 75% used [0x00000000d5800000,0x00000000d5923b90,0x00000000d5980000)
  to   space 1536K, 0% used [0x00000000d5980000,0x00000000d5980000,0x00000000d5b00000)
 ParOldGen       total 350208K, used 349742K [0x0000000080000000, 0x0000000095600000, 0x00000000d5580000)
  object space 350208K, 99% used [0x0000000080000000,0x000000009558ba40,0x0000000095600000)
 Metaspace       used 57242K, committed 58496K, reserved 1114112K
  class space    used 6198K, committed 6784K, reserved 1048576K
}
Event: 35.959 GC heap after
{Heap after GC invocations=292 (full 2):
 PSYoungGen      total 4096K, used 1075K [0x00000000d5580000, 0x00000000d5b80000, 0x0000000100000000)
  eden space 2560K, 0% used [0x00000000d5580000,0x00000000d5580000,0x00000000d5800000)
  from space 1536K, 69% used [0x00000000d5980000,0x00000000d5a8cc28,0x00000000d5b00000)
  to   space 1536K, 0% used [0x00000000d5800000,0x00000000d5800000,0x00000000d5980000)
 ParOldGen       total 350720K, used 350704K [0x0000000080000000, 0x0000000095680000, 0x00000000d5580000)
  object space 350720K, 99% used [0x0000000080000000,0x000000009567c138,0x0000000095680000)
 Metaspace       used 57242K, committed 58496K, reserved 1114112K
  class space    used 6198K, committed 6784K, reserved 1048576K
}

