# JRE version: OpenJDK Runtime Environment Temurin-21.0.9+10 (21.0.9+10) (build 21.0.9+10-LTS)
# Java VM: OpenJDK 64-Bit Server VM Temurin-21.0.9+10 (21.0.9+10-LTS, mixed mode, sharing, tiered, compressed oops, compressed class ptrs, parallel gc, windows-amd64)
GC Precious Log:
 CardTable entry size: 512
 CPUs: 16 total, 16 available
 Memory: 7514M
 Large Page Support: Disabled
 NUMA Support: Disabled
 Compressed Oops: Enabled (32-bit)
 Alignments: Space 512K, Generation 512K, Heap 2M
 Heap Min Capacity: 100M
 Heap Initial Capacity: 100M
 Heap Max Capacity: 2G
 Pre-touch: Disabled
 Parallel Workers: 13
Heap:
 PSYoungGen      total 20480K, used 16714K [0x00000000d5580000, 0x00000000d6b80000, 0x0000000100000000)
  eden space 19968K, 81% used [0x00000000d5580000,0x00000000d6552b08,0x00000000d6900000)
  from space 512K, 100% used [0x00000000d6a80000,0x00000000d6b00000,0x00000000d6b00000)
  to   space 512K, 0% used [0x00000000d6b00000,0x00000000d6b00000,0x00000000d6b80000)
 ParOldGen       total 68608K, used 36365K [0x0000000080000000, 0x0000000084300000, 0x00000000d5580000)
  object space 68608K, 53% used [0x0000000080000000,0x0000000082383498,0x0000000084300000)
 Metaspace       used 47105K, committed 48256K, reserved 1114112K
  class space    used 4913K, committed 5376K, reserved 1048576K
GC Heap History (20 events):
Event: 6.266 GC heap before
{Heap before GC invocations=24 (full 2):
 PSYoungGen      total 24064K, used 23508K [0x00000000d5580000, 0x00000000d6f80000, 0x0000000100000000)
  eden space 21504K, 100% used [0x00000000d5580000,0x00000000d6a80000,0x00000000d6a80000)
  from space 2560K, 78% used [0x00000000d6a80000,0x00000000d6c75010,0x00000000d6d00000)
  to   space 2560K, 0% used [0x00000000d6d00000,0x00000000d6d00000,0x00000000d6f80000)
 ParOldGen       total 68608K, used 27662K [0x0000000080000000, 0x0000000084300000, 0x00000000d5580000)
  object space 68608K, 40% used [0x0000000080000000,0x0000000081b03968,0x0000000084300000)
 Metaspace       used 38392K, committed 39552K, reserved 1114112K
  class space    used 3937K, committed 4416K, reserved 1048576K
}
Event: 6.270 GC heap after
{Heap after GC invocations=24 (full 2):
 PSYoungGen      total 23552K, used 1856K [0x00000000d5580000, 0x00000000d6f00000, 0x0000000100000000)
  eden space 21504K, 0% used [0x00000000d5580000,0x00000000d5580000,0x00000000d6a80000)
  from space 2048K, 90% used [0x00000000d6d00000,0x00000000d6ed0010,0x00000000d6f00000)
  to   space 2048K, 0% used [0x00000000d6b00000,0x00000000d6b00000,0x00000000d6d00000)
 ParOldGen       total 68608K, used 29470K [0x0000000080000000, 0x0000000084300000, 0x00000000d5580000)
  object space 68608K, 42% used [0x0000000080000000,0x0000000081cc7a68,0x0000000084300000)
 Metaspace       used 38392K, committed 39552K, reserved 1114112K
  class space    used 3937K, committed 4416K, reserved 1048576K
}
Event: 6.349 GC heap before
{Heap before GC invocations=25 (full 2):
 PSYoungGen      total 23552K, used 23360K [0x00000000d5580000, 0x00000000d6f00000, 0x0000000100000000)
  eden space 21504K, 100% used [0x00000000d5580000,0x00000000d6a80000,0x00000000d6a80000)
  from space 2048K, 90% used [0x00000000d6d00000,0x00000000d6ed0010,0x00000000d6f00000)
  to   space 2048K, 0% used [0x00000000d6b00000,0x00000000d6b00000,0x00000000d6d00000)
 ParOldGen       total 68608K, used 29470K [0x0000000080000000, 0x0000000084300000, 0x00000000d5580000)
  object space 68608K, 42% used [0x0000000080000000,0x0000000081cc7a68,0x0000000084300000)
 Metaspace       used 38526K, committed 39616K, reserved 1114112K
  class space    used 3959K, committed 4416K, reserved 1048576K
}
Event: 6.353 GC heap after
{Heap after GC invocations=25 (full 2):
 PSYoungGen      total 23552K, used 1752K [0x00000000d5580000, 0x00000000d6e80000, 0x0000000100000000)
  eden space 21504K, 0% used [0x00000000d5580000,0x00000000d5580000,0x00000000d6a80000)
  from space 2048K, 85% used [0x00000000d6b00000,0x00000000d6cb6200,0x00000000d6d00000)
  to   space 1536K, 0% used [0x00000000d6d00000,0x00000000d6d00000,0x00000000d6e80000)
 ParOldGen       total 68608K, used 31206K [0x0000000080000000, 0x0000000084300000, 0x00000000d5580000)
  object space 68608K, 45% used [0x0000000080000000,0x0000000081e79a78,0x0000000084300000)
 Metaspace       used 38526K, committed 39616K, reserved 1114112K
  class space    used 3959K, committed 4416K, reserved 1048576K
}
Event: 6.481 GC heap before
{Heap before GC invocations=26 (full 2):
 PSYoungGen      total 23552K, used 23230K [0x00000000d5580000, 0x00000000d6e80000, 0x0000000100000000)
  eden space 21504K, 99% used [0x00000000d5580000,0x00000000d6a796e8,0x00000000d6a80000)
  from space 2048K, 85% used [0x00000000d6b00000,0x00000000d6cb6200,0x00000000d6d00000)
  to   space 1536K, 0% used [0x00000000d6d00000,0x00000000d6d00000,0x00000000d6e80000)
 ParOldGen       total 68608K, used 31206K [0x0000000080000000, 0x0000000084300000, 0x00000000d5580000)
  object space 68608K, 45% used [0x0000000080000000,0x0000000081e79a78,0x0000000084300000)
 Metaspace       used 39109K, committed 40192K, reserved 1114112K
  class space    used 4020K, committed 4480K, reserved 1048576K
}
Event: 6.485 GC heap after
{Heap after GC invocations=26 (full 2):
 PSYoungGen      total 21504K, used 1535K [0x00000000d5580000, 0x00000000d7280000, 0x0000000100000000)
  eden space 19968K, 0% used [0x00000000d5580000,0x00000000d5580000,0x00000000d6900000)
  from space 1536K, 99% used [0x00000000d6d00000,0x00000000d6e7fd70,0x00000000d6e80000)
  to   space 4096K, 0% used [0x00000000d6900000,0x00000000d6900000,0x00000000d6d00000)
 ParOldGen       total 68608K, used 33056K [0x0000000080000000, 0x0000000084300000, 0x00000000d5580000)
  object space 68608K, 48% used [0x0000000080000000,0x0000000082048040,0x0000000084300000)
 Metaspace       used 39109K, committed 40192K, reserved 1114112K
  class space    used 4020K, committed 4480K, reserved 1048576K
}
Event: 6.696 GC heap before
{Heap before GC invocations=27 (full 2):
 PSYoungGen      total 21504K, used 21503K [0x00000000d5580000, 0x00000000d7280000, 0x0000000100000000)
  eden space 19968K, 100% used [0x00000000d5580000,0x00000000d6900000,0x00000000d6900000)
  from space 1536K, 99% used [0x00000000d6d00000,0x00000000d6e7fd70,0x00000000d6e80000)
  to   space 4096K, 0% used [0x00000000d6900000,0x00000000d6900000,0x00000000d6d00000)
 ParOldGen       total 68608K, used 33056K [0x0000000080000000, 0x0000000084300000, 0x00000000d5580000)
  object space 68608K, 48% used [0x0000000080000000,0x0000000082048040,0x0000000084300000)
 Metaspace       used 41030K, committed 42176K, reserved 1114112K
  class space    used 4231K, committed 4736K, reserved 1048576K
}
Event: 6.698 GC heap after
{Heap after GC invocations=27 (full 2):
 PSYoungGen      total 20992K, used 768K [0x00000000d5580000, 0x00000000d6d80000, 0x0000000100000000)
  eden space 19968K, 0% used [0x00000000d5580000,0x00000000d5580000,0x00000000d6900000)
  from space 1024K, 75% used [0x00000000d6900000,0x00000000d69c0020,0x00000000d6a00000)
  to   space 2048K, 0% used [0x00000000d6b80000,0x00000000d6b80000,0x00000000d6d80000)
 ParOldGen       total 68608K, used 34406K [0x0000000080000000, 0x0000000084300000, 0x00000000d5580000)
  object space 68608K, 50% used [0x0000000080000000,0x00000000821999d8,0x0000000084300000)
 Metaspace       used 41030K, committed 42176K, reserved 1114112K
  class space    used 4231K, committed 4736K, reserved 1048576K
}
Event: 6.917 GC heap before
{Heap before GC invocations=28 (full 2):
 PSYoungGen      total 20992K, used 20736K [0x00000000d5580000, 0x00000000d6d80000, 0x0000000100000000)
  eden space 19968K, 100% used [0x00000000d5580000,0x00000000d6900000,0x00000000d6900000)
  from space 1024K, 75% used [0x00000000d6900000,0x00000000d69c0020,0x00000000d6a00000)
  to   space 2048K, 0% used [0x00000000d6b80000,0x00000000d6b80000,0x00000000d6d80000)
 ParOldGen       total 68608K, used 34406K [0x0000000080000000, 0x0000000084300000, 0x00000000d5580000)
  object space 68608K, 50% used [0x0000000080000000,0x00000000821999d8,0x0000000084300000)
 Metaspace       used 41764K, committed 42880K, reserved 1114112K
  class space    used 4318K, committed 4800K, reserved 1048576K
}
Event: 6.918 GC heap after
{Heap after GC invocations=28 (full 2):
 PSYoungGen      total 20992K, used 805K [0x00000000d5580000, 0x00000000d6c80000, 0x0000000100000000)
  eden space 19968K, 0% used [0x00000000d5580000,0x00000000d5580000,0x00000000d6900000)
  from space 1024K, 78% used [0x00000000d6b80000,0x00000000d6c49540,0x00000000d6c80000)
  to   space 1024K, 0% used [0x00000000d6900000,0x00000000d6900000,0x00000000d6a00000)
 ParOldGen       total 68608K, used 34881K [0x0000000080000000, 0x0000000084300000, 0x00000000d5580000)
  object space 68608K, 50% used [0x0000000080000000,0x00000000822106c8,0x0000000084300000)
 Metaspace       used 41764K, committed 42880K, reserved 1114112K
  class space    used 4318K, committed 4800K, reserved 1048576K
}
Event: 7.160 GC heap before
{Heap before GC invocations=29 (full 2):
 PSYoungGen      total 20992K, used 20773K [0x00000000d5580000, 0x00000000d6c80000, 0x0000000100000000)
  eden space 19968K, 100% used [0x00000000d5580000,0x00000000d6900000,0x00000000d6900000)
  from space 1024K, 78% used [0x00000000d6b80000,0x00000000d6c49540,0x00000000d6c80000)
  to   space 1024K, 0% used [0x00000000d6900000,0x00000000d6900000,0x00000000d6a00000)
 ParOldGen       total 68608K, used 34881K [0x0000000080000000, 0x0000000084300000, 0x00000000d5580000)
  object space 68608K, 50% used [0x0000000080000000,0x00000000822106c8,0x0000000084300000)
 Metaspace       used 42524K, committed 43648K, reserved 1114112K
  class space    used 4416K, committed 4864K, reserved 1048576K
}
Event: 7.162 GC heap after
{Heap after GC invocations=29 (full 2):
 PSYoungGen      total 20992K, used 624K [0x00000000d5580000, 0x00000000d6c00000, 0x0000000100000000)
  eden space 19968K, 0% used [0x00000000d5580000,0x00000000d5580000,0x00000000d6900000)
  from space 1024K, 60% used [0x00000000d6900000,0x00000000d699c010,0x00000000d6a00000)
  to   space 1024K, 0% used [0x00000000d6b00000,0x00000000d6b00000,0x00000000d6c00000)
 ParOldGen       total 68608K, used 35425K [0x0000000080000000, 0x0000000084300000, 0x00000000d5580000)
  object space 68608K, 51% used [0x0000000080000000,0x0000000082298600,0x0000000084300000)
 Metaspace       used 42524K, committed 43648K, reserved 1114112K
  class space    used 4416K, committed 4864K, reserved 1048576K
}
Event: 7.342 GC heap before
{Heap before GC invocations=30 (full 2):
 PSYoungGen      total 20992K, used 20592K [0x00000000d5580000, 0x00000000d6c00000, 0x0000000100000000)
  eden space 19968K, 100% used [0x00000000d5580000,0x00000000d6900000,0x00000000d6900000)
  from space 1024K, 60% used [0x00000000d6900000,0x00000000d699c010,0x00000000d6a00000)
  to   space 1024K, 0% used [0x00000000d6b00000,0x00000000d6b00000,0x00000000d6c00000)
 ParOldGen       total 68608K, used 35425K [0x0000000080000000, 0x0000000084300000, 0x00000000d5580000)
  object space 68608K, 51% used [0x0000000080000000,0x0000000082298600,0x0000000084300000)
 Metaspace       used 42932K, committed 44032K, reserved 1114112K
  class space    used 4493K, committed 4928K, reserved 1048576K
}
Event: 7.343 GC heap after
{Heap after GC invocations=30 (full 2):
 PSYoungGen      total 20480K, used 416K [0x00000000d5580000, 0x00000000d6b80000, 0x0000000100000000)
  eden space 19968K, 0% used [0x00000000d5580000,0x00000000d5580000,0x00000000d6900000)
  from space 512K, 81% used [0x00000000d6b00000,0x00000000d6b68000,0x00000000d6b80000)
  to   space 512K, 0% used [0x00000000d6a80000,0x00000000d6a80000,0x00000000d6b00000)
 ParOldGen       total 68608K, used 35765K [0x0000000080000000, 0x0000000084300000, 0x00000000d5580000)
  object space 68608K, 52% used [0x0000000080000000,0x00000000822ed498,0x0000000084300000)
 Metaspace       used 42932K, committed 44032K, reserved 1114112K
  class space    used 4493K, committed 4928K, reserved 1048576K
}
Event: 7.548 GC heap before
{Heap before GC invocations=31 (full 2):
 PSYoungGen      total 20480K, used 20326K [0x00000000d5580000, 0x00000000d6b80000, 0x0000000100000000)
  eden space 19968K, 99% used [0x00000000d5580000,0x00000000d68f1bd8,0x00000000d6900000)
  from space 512K, 81% used [0x00000000d6b00000,0x00000000d6b68000,0x00000000d6b80000)
  to   space 512K, 0% used [0x00000000d6a80000,0x00000000d6a80000,0x00000000d6b00000)
 ParOldGen       total 68608K, used 35765K [0x0000000080000000, 0x0000000084300000, 0x00000000d5580000)
  object space 68608K, 52% used [0x0000000080000000,0x00000000822ed498,0x0000000084300000)
 Metaspace       used 43689K, committed 44736K, reserved 1114112K
  class space    used 4558K, committed 4992K, reserved 1048576K
}
Event: 7.549 GC heap after
{Heap after GC invocations=31 (full 2):
 PSYoungGen      total 20480K, used 480K [0x00000000d5580000, 0x00000000d6b80000, 0x0000000100000000)
  eden space 19968K, 0% used [0x00000000d5580000,0x00000000d5580000,0x00000000d6900000)
  from space 512K, 93% used [0x00000000d6a80000,0x00000000d6af8000,0x00000000d6b00000)
  to   space 512K, 0% used [0x00000000d6b00000,0x00000000d6b00000,0x00000000d6b80000)
 ParOldGen       total 68608K, used 35997K [0x0000000080000000, 0x0000000084300000, 0x00000000d5580000)
  object space 68608K, 52% used [0x0000000080000000,0x0000000082327498,0x0000000084300000)
 Metaspace       used 43689K, committed 44736K, reserved 1114112K
  class space    used 4558K, committed 4992K, reserved 1048576K
}
Event: 7.764 GC heap before
{Heap before GC invocations=32 (full 2):
 PSYoungGen      total 20480K, used 20448K [0x00000000d5580000, 0x00000000d6b80000, 0x0000000100000000)
  eden space 19968K, 100% used [0x00000000d5580000,0x00000000d6900000,0x00000000d6900000)
  from space 512K, 93% used [0x00000000d6a80000,0x00000000d6af8000,0x00000000d6b00000)
  to   space 512K, 0% used [0x00000000d6b00000,0x00000000d6b00000,0x00000000d6b80000)
 ParOldGen       total 68608K, used 35997K [0x0000000080000000, 0x0000000084300000, 0x00000000d5580000)
  object space 68608K, 52% used [0x0000000080000000,0x0000000082327498,0x0000000084300000)
 Metaspace       used 44275K, committed 45376K, reserved 1114112K
  class space    used 4634K, committed 5056K, reserved 1048576K
}
Event: 7.765 GC heap after
{Heap after GC invocations=32 (full 2):
 PSYoungGen      total 20480K, used 416K [0x00000000d5580000, 0x00000000d6b80000, 0x0000000100000000)
  eden space 19968K, 0% used [0x00000000d5580000,0x00000000d5580000,0x00000000d6900000)
  from space 512K, 81% used [0x00000000d6b00000,0x00000000d6b68000,0x00000000d6b80000)
  to   space 512K, 0% used [0x00000000d6a80000,0x00000000d6a80000,0x00000000d6b00000)
 ParOldGen       total 68608K, used 36173K [0x0000000080000000, 0x0000000084300000, 0x00000000d5580000)
  object space 68608K, 52% used [0x0000000080000000,0x0000000082353498,0x0000000084300000)
 Metaspace       used 44275K, committed 45376K, reserved 1114112K
  class space    used 4634K, committed 5056K, reserved 1048576K
}
Event: 7.943 GC heap before
{Heap before GC invocations=33 (full 2):
 PSYoungGen      total 20480K, used 20384K [0x00000000d5580000, 0x00000000d6b80000, 0x0000000100000000)
  eden space 19968K, 100% used [0x00000000d5580000,0x00000000d6900000,0x00000000d6900000)
  from space 512K, 81% used [0x00000000d6b00000,0x00000000d6b68000,0x00000000d6b80000)
  to   space 512K, 0% used [0x00000000d6a80000,0x00000000d6a80000,0x00000000d6b00000)
 ParOldGen       total 68608K, used 36173K [0x0000000080000000, 0x0000000084300000, 0x00000000d5580000)
  object space 68608K, 52% used [0x0000000080000000,0x0000000082353498,0x0000000084300000)
 Metaspace       used 45467K, committed 46528K, reserved 1114112K
  class space    used 4773K, committed 5184K, reserved 1048576K
}
Event: 7.944 GC heap after
{Heap after GC invocations=33 (full 2):
 PSYoungGen      total 20480K, used 512K [0x00000000d5580000, 0x00000000d6b80000, 0x0000000100000000)
  eden space 19968K, 0% used [0x00000000d5580000,0x00000000d5580000,0x00000000d6900000)
  from space 512K, 100% used [0x00000000d6a80000,0x00000000d6b00000,0x00000000d6b00000)
  to   space 512K, 0% used [0x00000000d6b00000,0x00000000d6b00000,0x00000000d6b80000)
 ParOldGen       total 68608K, used 36365K [0x0000000080000000, 0x0000000084300000, 0x00000000d5580000)
  object space 68608K, 53% used [0x0000000080000000,0x0000000082383498,0x0000000084300000)
 Metaspace       used 45467K, committed 46528K, reserved 1114112K
  class space    used 4773K, committed 5184K, reserved 1048576K
}

