# JRE version: OpenJDK Runtime Environment Temurin-21.0.9+10 (21.0.9+10) (build 21.0.9+10-LTS)
# Java VM: OpenJDK 64-Bit Server VM Temurin-21.0.9+10 (21.0.9+10-LTS, mixed mode, sharing, tiered, compressed oops, compressed class ptrs, parallel gc, windows-amd64)
GC Precious Log:
 CardTable entry size: 512
 CPUs: 16 total, 16 available
 Memory: 7514M
 Large Page Support: Disabled
 NUMA Support: Disabled
 Compressed Oops: Enabled (32-bit)
 Alignments: Space 512K, Generation 512K, Heap 2M
 Heap Min Capacity: 100M
 Heap Initial Capacity: 100M
 Heap Max Capacity: 2G
 Pre-touch: Disabled
 Parallel Workers: 13
Heap:
 PSYoungGen      total 5632K, used 3429K [0x00000000d5580000, 0x00000000d5c80000, 0x0000000100000000)
  eden space 4096K, 56% used [0x00000000d5580000,0x00000000d57c66a8,0x00000000d5980000)
  from space 1536K, 71% used [0x00000000d5b00000,0x00000000d5c13078,0x00000000d5c80000)
  to   space 1536K, 0% used [0x00000000d5980000,0x00000000d5980000,0x00000000d5b00000)
 ParOldGen       total 109056K, used 109001K [0x0000000080000000, 0x0000000086a80000, 0x00000000d5580000)
  object space 109056K, 99% used [0x0000000080000000,0x0000000086a725d8,0x0000000086a80000)
 Metaspace       used 60095K, committed 61568K, reserved 1114112K
  class space    used 6409K, committed 7040K, reserved 1048576K
GC Heap History (20 events):
Event: 12.130 GC heap before
{Heap before GC invocations=102 (full 3):
 PSYoungGen      total 5632K, used 5202K [0x00000000d5580000, 0x00000000d5c80000, 0x0000000100000000)
  eden space 4096K, 99% used [0x00000000d5580000,0x00000000d597bdf8,0x00000000d5980000)
  from space 1536K, 73% used [0x00000000d5b00000,0x00000000d5c18c98,0x00000000d5c80000)
  to   space 1536K, 0% used [0x00000000d5980000,0x00000000d5980000,0x00000000d5b00000)
 ParOldGen       total 99328K, used 99004K [0x0000000080000000, 0x0000000086100000, 0x00000000d5580000)
  object space 99328K, 99% used [0x0000000080000000,0x00000000860af3c0,0x0000000086100000)
 Metaspace       used 60006K, committed 61440K, reserved 1114112K
  class space    used 6403K, committed 6976K, reserved 1048576K
}
Event: 12.133 GC heap after
{Heap after GC invocations=102 (full 3):
 PSYoungGen      total 5632K, used 995K [0x00000000d5580000, 0x00000000d5c80000, 0x0000000100000000)
  eden space 4096K, 0% used [0x00000000d5580000,0x00000000d5580000,0x00000000d5980000)
  from space 1536K, 64% used [0x00000000d5980000,0x00000000d5a78e58,0x00000000d5b00000)
  to   space 1536K, 0% used [0x00000000d5b00000,0x00000000d5b00000,0x00000000d5c80000)
 ParOldGen       total 100352K, used 99901K [0x0000000080000000, 0x0000000086200000, 0x00000000d5580000)
  object space 100352K, 99% used [0x0000000080000000,0x000000008618f5e0,0x0000000086200000)
 Metaspace       used 60006K, committed 61440K, reserved 1114112K
  class space    used 6403K, committed 6976K, reserved 1048576K
}
Event: 12.158 GC heap before
{Heap before GC invocations=103 (full 3):
 PSYoungGen      total 5632K, used 5091K [0x00000000d5580000, 0x00000000d5c80000, 0x0000000100000000)
  eden space 4096K, 100% used [0x00000000d5580000,0x00000000d5980000,0x00000000d5980000)
  from space 1536K, 64% used [0x00000000d5980000,0x00000000d5a78e58,0x00000000d5b00000)
  to   space 1536K, 0% used [0x00000000d5b00000,0x00000000d5b00000,0x00000000d5c80000)
 ParOldGen       total 100352K, used 99901K [0x0000000080000000, 0x0000000086200000, 0x00000000d5580000)
  object space 100352K, 99% used [0x0000000080000000,0x000000008618f5e0,0x0000000086200000)
 Metaspace       used 60006K, committed 61440K, reserved 1114112K
  class space    used 6403K, committed 6976K, reserved 1048576K
}
Event: 12.160 GC heap after
{Heap after GC invocations=103 (full 3):
 PSYoungGen      total 5632K, used 1087K [0x00000000d5580000, 0x00000000d5c80000, 0x0000000100000000)
  eden space 4096K, 0% used [0x00000000d5580000,0x00000000d5580000,0x00000000d5980000)
  from space 1536K, 70% used [0x00000000d5b00000,0x00000000d5c0ffc8,0x00000000d5c80000)
  to   space 1536K, 0% used [0x00000000d5980000,0x00000000d5980000,0x00000000d5b00000)
 ParOldGen       total 100864K, used 100799K [0x0000000080000000, 0x0000000086280000, 0x00000000d5580000)
  object space 100864K, 99% used [0x0000000080000000,0x000000008626ff28,0x0000000086280000)
 Metaspace       used 60006K, committed 61440K, reserved 1114112K
  class space    used 6403K, committed 6976K, reserved 1048576K
}
Event: 12.186 GC heap before
{Heap before GC invocations=104 (full 3):
 PSYoungGen      total 5632K, used 5183K [0x00000000d5580000, 0x00000000d5c80000, 0x0000000100000000)
  eden space 4096K, 100% used [0x00000000d5580000,0x00000000d5980000,0x00000000d5980000)
  from space 1536K, 70% used [0x00000000d5b00000,0x00000000d5c0ffc8,0x00000000d5c80000)
  to   space 1536K, 0% used [0x00000000d5980000,0x00000000d5980000,0x00000000d5b00000)
 ParOldGen       total 100864K, used 100799K [0x0000000080000000, 0x0000000086280000, 0x00000000d5580000)
  object space 100864K, 99% used [0x0000000080000000,0x000000008626ff28,0x0000000086280000)
 Metaspace       used 60010K, committed 61440K, reserved 1114112K
  class space    used 6403K, committed 6976K, reserved 1048576K
}
Event: 12.188 GC heap after
{Heap after GC invocations=104 (full 3):
 PSYoungGen      total 5632K, used 992K [0x00000000d5580000, 0x00000000d5c80000, 0x0000000100000000)
  eden space 4096K, 0% used [0x00000000d5580000,0x00000000d5580000,0x00000000d5980000)
  from space 1536K, 64% used [0x00000000d5980000,0x00000000d5a78000,0x00000000d5b00000)
  to   space 1536K, 0% used [0x00000000d5b00000,0x00000000d5b00000,0x00000000d5c80000)
 ParOldGen       total 101888K, used 101687K [0x0000000080000000, 0x0000000086380000, 0x00000000d5580000)
  object space 101888K, 99% used [0x0000000080000000,0x000000008634dc00,0x0000000086380000)
 Metaspace       used 60010K, committed 61440K, reserved 1114112K
  class space    used 6403K, committed 6976K, reserved 1048576K
}
Event: 12.209 GC heap before
{Heap before GC invocations=105 (full 3):
 PSYoungGen      total 5632K, used 5088K [0x00000000d5580000, 0x00000000d5c80000, 0x0000000100000000)
  eden space 4096K, 100% used [0x00000000d5580000,0x00000000d5980000,0x00000000d5980000)
  from space 1536K, 64% used [0x00000000d5980000,0x00000000d5a78000,0x00000000d5b00000)
  to   space 1536K, 0% used [0x00000000d5b00000,0x00000000d5b00000,0x00000000d5c80000)
 ParOldGen       total 101888K, used 101687K [0x0000000080000000, 0x0000000086380000, 0x00000000d5580000)
  object space 101888K, 99% used [0x0000000080000000,0x000000008634dc00,0x0000000086380000)
 Metaspace       used 60058K, committed 61568K, reserved 1114112K
  class space    used 6406K, committed 7040K, reserved 1048576K
}
Event: 12.212 GC heap after
{Heap after GC invocations=105 (full 3):
 PSYoungGen      total 5120K, used 993K [0x00000000d5580000, 0x00000000d5c00000, 0x0000000100000000)
  eden space 4096K, 0% used [0x00000000d5580000,0x00000000d5580000,0x00000000d5980000)
  from space 1024K, 96% used [0x00000000d5b00000,0x00000000d5bf8448,0x00000000d5c00000)
  to   space 1024K, 0% used [0x00000000d5a00000,0x00000000d5a00000,0x00000000d5b00000)
 ParOldGen       total 102912K, used 102546K [0x0000000080000000, 0x0000000086480000, 0x00000000d5580000)
  object space 102912K, 99% used [0x0000000080000000,0x0000000086424878,0x0000000086480000)
 Metaspace       used 60058K, committed 61568K, reserved 1114112K
  class space    used 6406K, committed 7040K, reserved 1048576K
}
Event: 12.229 GC heap before
{Heap before GC invocations=106 (full 3):
 PSYoungGen      total 5120K, used 5089K [0x00000000d5580000, 0x00000000d5c00000, 0x0000000100000000)
  eden space 4096K, 100% used [0x00000000d5580000,0x00000000d5980000,0x00000000d5980000)
  from space 1024K, 96% used [0x00000000d5b00000,0x00000000d5bf8448,0x00000000d5c00000)
  to   space 1024K, 0% used [0x00000000d5a00000,0x00000000d5a00000,0x00000000d5b00000)
 ParOldGen       total 102912K, used 102546K [0x0000000080000000, 0x0000000086480000, 0x00000000d5580000)
  object space 102912K, 99% used [0x0000000080000000,0x0000000086424878,0x0000000086480000)
 Metaspace       used 60069K, committed 61568K, reserved 1114112K
  class space    used 6407K, committed 7040K, reserved 1048576K
}
Event: 12.231 GC heap after
{Heap after GC invocations=106 (full 3):
 PSYoungGen      total 5120K, used 1024K [0x00000000d5580000, 0x00000000d5c80000, 0x0000000100000000)
  eden space 4096K, 0% used [0x00000000d5580000,0x00000000d5580000,0x00000000d5980000)
  from space 1024K, 100% used [0x00000000d5a00000,0x00000000d5b00000,0x00000000d5b00000)
  to   space 1536K, 0% used [0x00000000d5b00000,0x00000000d5b00000,0x00000000d5c80000)
 ParOldGen       total 103424K, used 103360K [0x0000000080000000, 0x0000000086500000, 0x00000000d5580000)
  object space 103424K, 99% used [0x0000000080000000,0x00000000864f0138,0x0000000086500000)
 Metaspace       used 60069K, committed 61568K, reserved 1114112K
  class space    used 6407K, committed 7040K, reserved 1048576K
}
Event: 12.248 GC heap before
{Heap before GC invocations=107 (full 3):
 PSYoungGen      total 5120K, used 5120K [0x00000000d5580000, 0x00000000d5c80000, 0x0000000100000000)
  eden space 4096K, 100% used [0x00000000d5580000,0x00000000d5980000,0x00000000d5980000)
  from space 1024K, 100% used [0x00000000d5a00000,0x00000000d5b00000,0x00000000d5b00000)
  to   space 1536K, 0% used [0x00000000d5b00000,0x00000000d5b00000,0x00000000d5c80000)
 ParOldGen       total 103424K, used 103360K [0x0000000080000000, 0x0000000086500000, 0x00000000d5580000)
  object space 103424K, 99% used [0x0000000080000000,0x00000000864f0138,0x0000000086500000)
 Metaspace       used 60083K, committed 61568K, reserved 1114112K
  class space    used 6408K, committed 7040K, reserved 1048576K
}
Event: 12.250 GC heap after
{Heap after GC invocations=107 (full 3):
 PSYoungGen      total 5120K, used 768K [0x00000000d5580000, 0x00000000d5c00000, 0x0000000100000000)
  eden space 4096K, 0% used [0x00000000d5580000,0x00000000d5580000,0x00000000d5980000)
  from space 1024K, 75% used [0x00000000d5b00000,0x00000000d5bc0000,0x00000000d5c00000)
  to   space 1024K, 0% used [0x00000000d5a00000,0x00000000d5a00000,0x00000000d5b00000)
 ParOldGen       total 104448K, used 104031K [0x0000000080000000, 0x0000000086600000, 0x00000000d5580000)
  object space 104448K, 99% used [0x0000000080000000,0x0000000086597eb0,0x0000000086600000)
 Metaspace       used 60083K, committed 61568K, reserved 1114112K
  class space    used 6408K, committed 7040K, reserved 1048576K
}
Event: 12.273 GC heap before
{Heap before GC invocations=108 (full 3):
 PSYoungGen      total 5120K, used 4864K [0x00000000d5580000, 0x00000000d5c00000, 0x0000000100000000)
  eden space 4096K, 100% used [0x00000000d5580000,0x00000000d5980000,0x00000000d5980000)
  from space 1024K, 75% used [0x00000000d5b00000,0x00000000d5bc0000,0x00000000d5c00000)
  to   space 1024K, 0% used [0x00000000d5a00000,0x00000000d5a00000,0x00000000d5b00000)
 ParOldGen       total 104448K, used 104031K [0x0000000080000000, 0x0000000086600000, 0x00000000d5580000)
  object space 104448K, 99% used [0x0000000080000000,0x0000000086597eb0,0x0000000086600000)
 Metaspace       used 60088K, committed 61568K, reserved 1114112K
  class space    used 6408K, committed 7040K, reserved 1048576K
}
Event: 12.275 GC heap after
{Heap after GC invocations=108 (full 3):
 PSYoungGen      total 5120K, used 996K [0x00000000d5580000, 0x00000000d5d80000, 0x0000000100000000)
  eden space 4096K, 0% used [0x00000000d5580000,0x00000000d5580000,0x00000000d5980000)
  from space 1024K, 97% used [0x00000000d5a00000,0x00000000d5af9048,0x00000000d5b00000)
  to   space 2048K, 0% used [0x00000000d5b80000,0x00000000d5b80000,0x00000000d5d80000)
 ParOldGen       total 104960K, used 104806K [0x0000000080000000, 0x0000000086680000, 0x00000000d5580000)
  object space 104960K, 99% used [0x0000000080000000,0x0000000086659b28,0x0000000086680000)
 Metaspace       used 60088K, committed 61568K, reserved 1114112K
  class space    used 6408K, committed 7040K, reserved 1048576K
}
Event: 12.300 GC heap before
{Heap before GC invocations=109 (full 3):
 PSYoungGen      total 5120K, used 5092K [0x00000000d5580000, 0x00000000d5d80000, 0x0000000100000000)
  eden space 4096K, 100% used [0x00000000d5580000,0x00000000d5980000,0x00000000d5980000)
  from space 1024K, 97% used [0x00000000d5a00000,0x00000000d5af9048,0x00000000d5b00000)
  to   space 2048K, 0% used [0x00000000d5b80000,0x00000000d5b80000,0x00000000d5d80000)
 ParOldGen       total 104960K, used 104806K [0x0000000080000000, 0x0000000086680000, 0x00000000d5580000)
  object space 104960K, 99% used [0x0000000080000000,0x0000000086659b28,0x0000000086680000)
 Metaspace       used 60095K, committed 61568K, reserved 1114112K
  class space    used 6409K, committed 7040K, reserved 1048576K
}
Event: 12.302 GC heap after
{Heap after GC invocations=109 (full 3):
 PSYoungGen      total 5120K, used 924K [0x00000000d5580000, 0x00000000d5c80000, 0x0000000100000000)
  eden space 4096K, 0% used [0x00000000d5580000,0x00000000d5580000,0x00000000d5980000)
  from space 1024K, 90% used [0x00000000d5b80000,0x00000000d5c67010,0x00000000d5c80000)
  to   space 1536K, 0% used [0x00000000d5980000,0x00000000d5980000,0x00000000d5b00000)
 ParOldGen       total 105472K, used 105426K [0x0000000080000000, 0x0000000086700000, 0x00000000d5580000)
  object space 105472K, 99% used [0x0000000080000000,0x00000000866f4ad0,0x0000000086700000)
 Metaspace       used 60095K, committed 61568K, reserved 1114112K
  class space    used 6409K, committed 7040K, reserved 1048576K
}
Event: 12.323 GC heap before
{Heap before GC invocations=110 (full 3):
 PSYoungGen      total 5120K, used 5020K [0x00000000d5580000, 0x00000000d5c80000, 0x0000000100000000)
  eden space 4096K, 100% used [0x00000000d5580000,0x00000000d5980000,0x00000000d5980000)
  from space 1024K, 90% used [0x00000000d5b80000,0x00000000d5c67010,0x00000000d5c80000)
  to   space 1536K, 0% used [0x00000000d5980000,0x00000000d5980000,0x00000000d5b00000)
 ParOldGen       total 105472K, used 105426K [0x0000000080000000, 0x0000000086700000, 0x00000000d5580000)
  object space 105472K, 99% used [0x0000000080000000,0x00000000866f4ad0,0x0000000086700000)
 Metaspace       used 60095K, committed 61568K, reserved 1114112K
  class space    used 6409K, committed 7040K, reserved 1048576K
}
Event: 12.324 GC heap after
{Heap after GC invocations=110 (full 3):
 PSYoungGen      total 5632K, used 1029K [0x00000000d5580000, 0x00000000d5c80000, 0x0000000100000000)
  eden space 4096K, 0% used [0x00000000d5580000,0x00000000d5580000,0x00000000d5980000)
  from space 1536K, 67% used [0x00000000d5980000,0x00000000d5a81748,0x00000000d5b00000)
  to   space 1536K, 0% used [0x00000000d5b00000,0x00000000d5b00000,0x00000000d5c80000)
 ParOldGen       total 106496K, used 106132K [0x0000000080000000, 0x0000000086800000, 0x00000000d5580000)
  object space 106496K, 99% used [0x0000000080000000,0x00000000867a5280,0x0000000086800000)
 Metaspace       used 60095K, committed 61568K, reserved 1114112K
  class space    used 6409K, committed 7040K, reserved 1048576K
}
Event: 12.349 GC heap before
{Heap before GC invocations=111 (full 3):
 PSYoungGen      total 5632K, used 5125K [0x00000000d5580000, 0x00000000d5c80000, 0x0000000100000000)
  eden space 4096K, 100% used [0x00000000d5580000,0x00000000d5980000,0x00000000d5980000)
  from space 1536K, 67% used [0x00000000d5980000,0x00000000d5a81748,0x00000000d5b00000)
  to   space 1536K, 0% used [0x00000000d5b00000,0x00000000d5b00000,0x00000000d5c80000)
 ParOldGen       total 106496K, used 106132K [0x0000000080000000, 0x0000000086800000, 0x00000000d5580000)
  object space 106496K, 99% used [0x0000000080000000,0x00000000867a5280,0x0000000086800000)
 Metaspace       used 60095K, committed 61568K, reserved 1114112K
  class space    used 6409K, committed 7040K, reserved 1048576K
}
Event: 12.350 GC heap after
{Heap after GC invocations=111 (full 3):
 PSYoungGen      total 5632K, used 1280K [0x00000000d5580000, 0x00000000d5c80000, 0x0000000100000000)
  eden space 4096K, 0% used [0x00000000d5580000,0x00000000d5580000,0x00000000d5980000)
  from space 1536K, 83% used [0x00000000d5b00000,0x00000000d5c403f0,0x00000000d5c80000)
  to   space 1536K, 0% used [0x00000000d5980000,0x00000000d5980000,0x00000000d5b00000)
 ParOldGen       total 107520K, used 107018K [0x0000000080000000, 0x0000000086900000, 0x00000000d5580000)
  object space 107520K, 99% used [0x0000000080000000,0x0000000086882ad0,0x0000000086900000)
 Metaspace       used 60095K, committed 61568K, reserved 1114112K
  class space    used 6409K, committed 7040K, reserved 1048576K
}

